This is pdfTeX, Version 3.14159265-2.6-1.40.16 (MiKTeX 2.9) (preloaded format=pdflatex 2016.11.21)  16 OCT 2017 15:28
entering extended mode
**./tex2pdf.2880/input.tex
(tex2pdf.2880/input.tex
LaTeX2e <2015/10/01> patch level 2
Babel <3.9n> and hyphenation patterns for 69 languages loaded.
("C:\Program Files (x86)\MiKTeX 2.9\tex\latex\base\article.cls"
Document Class: article 2014/09/29 v1.4h Standard LaTeX document class
("C:\Program Files (x86)\MiKTeX 2.9\tex\latex\base\size12.clo"
File: size12.clo 2014/09/29 v1.4h Standard LaTeX file (size option)
)
\c@part=\count79
\c@section=\count80
\c@subsection=\count81
\c@subsubsection=\count82
\c@paragraph=\count83
\c@subparagraph=\count84
\c@figure=\count85
\c@table=\count86
\abovecaptionskip=\skip41
\belowcaptionskip=\skip42
\bibindent=\dimen102
)
("C:\Program Files (x86)\MiKTeX 2.9\tex\latex\amsfonts\amssymb.sty"
Package: amssymb 2013/01/14 v3.01 AMS font symbols

("C:\Program Files (x86)\MiKTeX 2.9\tex\latex\amsfonts\amsfonts.sty"
Package: amsfonts 2013/01/14 v3.01 Basic AMSFonts support
\@emptytoks=\toks14
\symAMSa=\mathgroup4
\symAMSb=\mathgroup5
LaTeX Font Info:    Overwriting math alphabet `\mathfrak' in version `bold'
(Font)                  U/euf/m/n --> U/euf/b/n on input line 106.
))
("C:\Program Files (x86)\MiKTeX 2.9\tex\latex\amsmath\amsmath.sty"
Package: amsmath 2013/01/14 v2.14 AMS math features
\@mathmargin=\skip43

For additional information on amsmath, use the `?' option.
("C:\Program Files (x86)\MiKTeX 2.9\tex\latex\amsmath\amstext.sty"
Package: amstext 2000/06/29 v2.01

("C:\Program Files (x86)\MiKTeX 2.9\tex\latex\amsmath\amsgen.sty"
File: amsgen.sty 1999/11/30 v2.0
\@emptytoks=\toks15
\ex@=\dimen103
))
("C:\Program Files (x86)\MiKTeX 2.9\tex\latex\amsmath\amsbsy.sty"
Package: amsbsy 1999/11/29 v1.2d
\pmbraise@=\dimen104
)
("C:\Program Files (x86)\MiKTeX 2.9\tex\latex\amsmath\amsopn.sty"
Package: amsopn 1999/12/14 v2.01 operator names
)
\inf@bad=\count87
LaTeX Info: Redefining \frac on input line 210.
\uproot@=\count88
\leftroot@=\count89
LaTeX Info: Redefining \overline on input line 306.
\classnum@=\count90
\DOTSCASE@=\count91
LaTeX Info: Redefining \ldots on input line 378.
LaTeX Info: Redefining \dots on input line 381.
LaTeX Info: Redefining \cdots on input line 466.
\Mathstrutbox@=\box26
\strutbox@=\box27
\big@size=\dimen105
LaTeX Font Info:    Redeclaring font encoding OML on input line 566.
LaTeX Font Info:    Redeclaring font encoding OMS on input line 567.
\macc@depth=\count92
\c@MaxMatrixCols=\count93
\dotsspace@=\muskip10
\c@parentequation=\count94
\dspbrk@lvl=\count95
\tag@help=\toks16
\row@=\count96
\column@=\count97
\maxfields@=\count98
\andhelp@=\toks17
\eqnshift@=\dimen106
\alignsep@=\dimen107
\tagshift@=\dimen108
\tagwidth@=\dimen109
\totwidth@=\dimen110
\lineht@=\dimen111
\@envbody=\toks18
\multlinegap=\skip44
\multlinetaggap=\skip45
\mathdisplay@stack=\toks19
LaTeX Info: Redefining \[ on input line 2665.
LaTeX Info: Redefining \] on input line 2666.
)
("C:\Program Files (x86)\MiKTeX 2.9\tex\generic\ifxetex\ifxetex.sty"
Package: ifxetex 2010/09/12 v0.6 Provides ifxetex conditional
)
("C:\Program Files (x86)\MiKTeX 2.9\tex\generic\oberdiek\ifluatex.sty"
Package: ifluatex 2010/03/01 v1.3 Provides the ifluatex switch (HO)
Package ifluatex Info: LuaTeX not detected.
)
("C:\Program Files (x86)\MiKTeX 2.9\tex\latex\base\fixltx2e.sty"
Package: fixltx2e 2015/06/22 v2.0b fixes to LaTeX (obsolete)


Package fixltx2e Warning: fixltx2e is not required with releases after 2015
(fixltx2e)                All fixes are now in the LaTeX kernel.
(fixltx2e)                See the latexrelease package for details.

)
(C:\Users\Chantel.Wetzel\AppData\Roaming\MiKTeX\2.9\tex\latex\upquote\upquote.s
ty
Package: upquote 2012/04/19 v1.3 upright-quote and grave-accent glyphs in verba
tim
)
(C:\Users\Chantel.Wetzel\AppData\Roaming\MiKTeX\2.9\tex\latex\microtype\microty
pe.sty
Package: microtype 2016/05/14 v2.6a Micro-typographical refinements (RS)
 ("C:\Program Files (x86)\MiKTeX 2.9\tex\latex\graphics\keyval.sty"
Package: keyval 2014/10/28 v1.15 key=value parser (DPC)
\KV@toks@=\toks20
)
\MT@toks=\toks21
\MT@count=\count99
LaTeX Info: Redefining \textls on input line 774.
\MT@outer@kern=\dimen112
LaTeX Info: Redefining \textmicrotypecontext on input line 1310.
\MT@listname@count=\count100

(C:\Users\Chantel.Wetzel\AppData\Roaming\MiKTeX\2.9\tex\latex\microtype\microty
pe-pdftex.def
File: microtype-pdftex.def 2016/05/14 v2.6a Definitions specific to pdftex (RS)

LaTeX Info: Redefining \lsstyle on input line 916.
LaTeX Info: Redefining \lslig on input line 916.
\MT@outer@space=\skip46
)
Package microtype Info: Loading configuration file microtype.cfg.

(C:\Users\Chantel.Wetzel\AppData\Roaming\MiKTeX\2.9\tex\latex\microtype\microty
pe.cfg
File: microtype.cfg 2016/05/14 v2.6a microtype main configuration file (RS)
)) ("C:\Program Files (x86)\MiKTeX 2.9\tex\latex\geometry\geometry.sty"
Package: geometry 2010/09/12 v5.6 Page Geometry

("C:\Program Files (x86)\MiKTeX 2.9\tex\generic\oberdiek\ifpdf.sty"
Package: ifpdf 2011/01/30 v2.3 Provides the ifpdf switch (HO)
Package ifpdf Info: pdfTeX in PDF mode is detected.
)
("C:\Program Files (x86)\MiKTeX 2.9\tex\generic\oberdiek\ifvtex.sty"
Package: ifvtex 2010/03/01 v1.5 Detect VTeX and its facilities (HO)
Package ifvtex Info: VTeX not detected.
)
\Gm@cnth=\count101
\Gm@cntv=\count102
\c@Gm@tempcnt=\count103
\Gm@bindingoffset=\dimen113
\Gm@wd@mp=\dimen114
\Gm@odd@mp=\dimen115
\Gm@even@mp=\dimen116
\Gm@layoutwidth=\dimen117
\Gm@layoutheight=\dimen118
\Gm@layouthoffset=\dimen119
\Gm@layoutvoffset=\dimen120
\Gm@dimlist=\toks22

("C:\Program Files (x86)\MiKTeX 2.9\tex\latex\geometry\geometry.cfg"))
("C:\Program Files (x86)\MiKTeX 2.9\tex\latex\hyperref\hyperref.sty"
Package: hyperref 2012/11/06 v6.83m Hypertext links for LaTeX

("C:\Program Files (x86)\MiKTeX 2.9\tex\generic\oberdiek\hobsub-hyperref.sty"
Package: hobsub-hyperref 2012/04/25 v1.12 Bundle oberdiek, subset hyperref (HO)


("C:\Program Files (x86)\MiKTeX 2.9\tex\generic\oberdiek\hobsub-generic.sty"
Package: hobsub-generic 2012/04/25 v1.12 Bundle oberdiek, subset generic (HO)
Package: hobsub 2012/04/25 v1.12 Construct package bundles (HO)
Package: infwarerr 2010/04/08 v1.3 Providing info/warning/error messages (HO)
Package: ltxcmds 2011/11/09 v1.22 LaTeX kernel commands for general use (HO)
Package hobsub Info: Skipping package `ifluatex' (already loaded).
Package hobsub Info: Skipping package `ifvtex' (already loaded).
Package: intcalc 2007/09/27 v1.1 Expandable calculations with integers (HO)
Package hobsub Info: Skipping package `ifpdf' (already loaded).
Package: etexcmds 2011/02/16 v1.5 Avoid name clashes with e-TeX commands (HO)
Package etexcmds Info: Could not find \expanded.
(etexcmds)             That can mean that you are not using pdfTeX 1.50 or
(etexcmds)             that some package has redefined \expanded.
(etexcmds)             In the latter case, load this package earlier.
Package: kvsetkeys 2012/04/25 v1.16 Key value parser (HO)
Package: kvdefinekeys 2011/04/07 v1.3 Define keys (HO)
Package: pdftexcmds 2011/11/29 v0.20 Utility functions of pdfTeX for LuaTeX (HO
)
Package pdftexcmds Info: LuaTeX not detected.
Package pdftexcmds Info: \pdf@primitive is available.
Package pdftexcmds Info: \pdf@ifprimitive is available.
Package pdftexcmds Info: \pdfdraftmode found.
Package: pdfescape 2011/11/25 v1.13 Implements pdfTeX's escape features (HO)
Package: bigintcalc 2012/04/08 v1.3 Expandable calculations on big integers (HO
)
Package: bitset 2011/01/30 v1.1 Handle bit-vector datatype (HO)
Package: uniquecounter 2011/01/30 v1.2 Provide unlimited unique counter (HO)
)
Package hobsub Info: Skipping package `hobsub' (already loaded).
Package: letltxmacro 2010/09/02 v1.4 Let assignment for LaTeX macros (HO)
Package: hopatch 2011/06/24 v1.1 Wrapper for package hooks (HO)
Package: xcolor-patch 2011/01/30 xcolor patch
Package: atveryend 2011/06/30 v1.8 Hooks at the very end of document (HO)
Package atveryend Info: \enddocument detected (standard20110627).
Package: atbegshi 2011/10/05 v1.16 At begin shipout hook (HO)
Package: refcount 2011/10/16 v3.4 Data extraction from label references (HO)
Package: hycolor 2011/01/30 v1.7 Color options for hyperref/bookmark (HO)
)
("C:\Program Files (x86)\MiKTeX 2.9\tex\latex\oberdiek\auxhook.sty"
Package: auxhook 2011/03/04 v1.3 Hooks for auxiliary files (HO)
)
("C:\Program Files (x86)\MiKTeX 2.9\tex\latex\oberdiek\kvoptions.sty"
Package: kvoptions 2011/06/30 v3.11 Key value format for package options (HO)
)
\@linkdim=\dimen121
\Hy@linkcounter=\count104
\Hy@pagecounter=\count105

("C:\Program Files (x86)\MiKTeX 2.9\tex\latex\hyperref\pd1enc.def"
File: pd1enc.def 2012/11/06 v6.83m Hyperref: PDFDocEncoding definition (HO)
)
\Hy@SavedSpaceFactor=\count106

("C:\Program Files (x86)\MiKTeX 2.9\tex\latex\00miktex\hyperref.cfg"
File: hyperref.cfg 2002/06/06 v1.2 hyperref configuration of TeXLive
)
Package hyperref Info: Hyper figures OFF on input line 4443.
Package hyperref Info: Link nesting OFF on input line 4448.
Package hyperref Info: Hyper index ON on input line 4451.
Package hyperref Info: Plain pages OFF on input line 4458.
Package hyperref Info: Backreferencing OFF on input line 4463.
Package hyperref Info: Implicit mode ON; LaTeX internals redefined.
Package hyperref Info: Bookmarks ON on input line 4688.
\c@Hy@tempcnt=\count107

(C:\Users\Chantel.Wetzel\AppData\Roaming\MiKTeX\2.9\tex\latex\url\url.sty
\Urlmuskip=\muskip11
Package: url 2013/09/16  ver 3.4  Verb mode for urls, etc.
)
LaTeX Info: Redefining \url on input line 5041.
\XeTeXLinkMargin=\dimen122
\Fld@menulength=\count108
\Field@Width=\dimen123
\Fld@charsize=\dimen124
Package hyperref Info: Hyper figures OFF on input line 6295.
Package hyperref Info: Link nesting OFF on input line 6300.
Package hyperref Info: Hyper index ON on input line 6303.
Package hyperref Info: backreferencing OFF on input line 6310.
Package hyperref Info: Link coloring OFF on input line 6315.
Package hyperref Info: Link coloring with OCG OFF on input line 6320.
Package hyperref Info: PDF/A mode OFF on input line 6325.
LaTeX Info: Redefining \ref on input line 6365.
LaTeX Info: Redefining \pageref on input line 6369.
\Hy@abspage=\count109
\c@Item=\count110
\c@Hfootnote=\count111
)

Package hyperref Message: Driver (autodetected): hpdftex.

("C:\Program Files (x86)\MiKTeX 2.9\tex\latex\hyperref\hpdftex.def"
File: hpdftex.def 2012/11/06 v6.83m Hyperref driver for pdfTeX
\Fld@listcount=\count112
\c@bookmark@seq@number=\count113

("C:\Program Files (x86)\MiKTeX 2.9\tex\latex\oberdiek\rerunfilecheck.sty"
Package: rerunfilecheck 2011/04/15 v1.7 Rerun checks for auxiliary files (HO)
Package uniquecounter Info: New unique counter `rerunfilecheck' on input line 2
82.
)
\Hy@SectionHShift=\skip47
)
Package hyperref Info: Option `unicode' set `true' on input line 34.

("C:\Program Files (x86)\MiKTeX 2.9\tex\latex\hyperref\puenc.def"
File: puenc.def 2012/11/06 v6.83m Hyperref: PDF Unicode definition (HO)
)
Package hyperref Info: Option `breaklinks' set `true' on input line 34.

("C:\Program Files (x86)\MiKTeX 2.9\tex\latex\graphics\graphicx.sty"
Package: graphicx 2014/10/28 v1.0g Enhanced LaTeX Graphics (DPC,SPQR)

("C:\Program Files (x86)\MiKTeX 2.9\tex\latex\graphics\graphics.sty"
Package: graphics 2014/10/28 v1.0p Standard LaTeX Graphics (DPC,SPQR)

("C:\Program Files (x86)\MiKTeX 2.9\tex\latex\graphics\trig.sty"
Package: trig 1999/03/16 v1.09 sin cos tan (DPC)
)
("C:\Program Files (x86)\MiKTeX 2.9\tex\latex\00miktex\graphics.cfg"
File: graphics.cfg 2007/01/18 v1.5 graphics configuration of teTeX/TeXLive
)
Package graphics Info: Driver file: pdftex.def on input line 94.

("C:\Program Files (x86)\MiKTeX 2.9\tex\latex\pdftex-def\pdftex.def"
File: pdftex.def 2011/05/27 v0.06d Graphics/color for pdfTeX
\Gread@gobject=\count114
))
\Gin@req@height=\dimen125
\Gin@req@width=\dimen126
)
("C:\Program Files (x86)\MiKTeX 2.9\tex\latex\oberdiek\grffile.sty"
Package: grffile 2012/04/05 v1.16 Extended file name support for graphics (HO)
Package grffile Info: Option `multidot' is set to `true'.
Package grffile Info: Option `extendedchars' is set to `false'.
Package grffile Info: Option `space' is set to `true'.
Package grffile Info: \Gin@ii of package `graphicx' fixed on input line 486.
)
(C:\Users\Chantel.Wetzel\AppData\Roaming\MiKTeX\2.9\tex\latex\titling\titling.s
ty
Package: titling 2009/09/04 v2.1d maketitle typesetting
\thanksmarkwidth=\skip48
\thanksmargin=\skip49
\droptitle=\skip50
) ("C:\Program Files (x86)\MiKTeX 2.9\tex\latex\tools\tabularx.sty"
Package: tabularx 2014/10/28 v2.10 `tabularx' package (DPC)

("C:\Program Files (x86)\MiKTeX 2.9\tex\latex\tools\array.sty"
Package: array 2014/10/28 v2.4c Tabular extension package (FMi)
\col@sep=\dimen127
\extrarowheight=\dimen128
\NC@list=\toks23
\extratabsurround=\skip51
\backup@length=\skip52
)
\TX@col@width=\dimen129
\TX@old@table=\dimen130
\TX@old@col=\dimen131
\TX@target=\dimen132
\TX@delta=\dimen133
\TX@cols=\count115
\TX@ftn=\toks24
)
(C:\Users\Chantel.Wetzel\AppData\Roaming\MiKTeX\2.9\tex\latex\caption\caption.s
ty
Package: caption 2016/02/21 v3.3-144 Customizing captions (AR)

(C:\Users\Chantel.Wetzel\AppData\Roaming\MiKTeX\2.9\tex\latex\caption\caption3.
sty
Package: caption3 2016/05/22 v1.7-166 caption3 kernel (AR)
Package caption3 Info: TeX engine: e-TeX on input line 67.
\captionmargin=\dimen134
\captionmargin@=\dimen135
\captionwidth=\dimen136
\caption@tempdima=\dimen137
\caption@indent=\dimen138
\caption@parindent=\dimen139
\caption@hangindent=\dimen140
)
\c@ContinuedFloat=\count116
Package caption Info: hyperref package is loaded.
) ("C:\Program Files (x86)\MiKTeX 2.9\tex\latex\tools\longtable.sty"
Package: longtable 2014/10/28 v4.11 Multi-page Table package (DPC)
\LTleft=\skip53
\LTright=\skip54
\LTpre=\skip55
\LTpost=\skip56
\LTchunksize=\count117
\LTcapwidth=\dimen141
\LT@head=\box28
\LT@firsthead=\box29
\LT@foot=\box30
\LT@lastfoot=\box31
\LT@cols=\count118
\LT@rows=\count119
\c@LT@tables=\count120
\c@LT@chunks=\count121
\LT@p@ftn=\toks25
)
(C:\Users\Chantel.Wetzel\AppData\Roaming\MiKTeX\2.9\tex\latex\tabu\tabu.sty
Package: tabu 2011/02/26 v2.8 - flexible LaTeX tabulars (FC)

("C:\Program Files (x86)\MiKTeX 2.9\tex\latex\ltxmisc\varwidth.sty"
Package: varwidth 2009/03/30 ver 0.92;  Variable-width minipages
\@vwid@box=\box32
\sift@deathcycles=\count122
\@vwid@loff=\dimen142
\@vwid@roff=\dimen143
)
\c@taburow=\count123
\tabu@nbcols=\count124
\tabu@cnt=\count125
\tabu@Xcol=\count126
\tabu@alloc=\count127
\tabu@nested=\count128
\tabu@target=\dimen144
\tabu@spreadtarget=\dimen145
\tabu@naturalX=\dimen146
\tabucolX=\dimen147
\tabu@Xsum=\dimen148
\extrarowdepth=\dimen149
\abovetabulinesep=\dimen150
\belowtabulinesep=\dimen151
\tabustrutrule=\dimen152
\tabu@thebody=\toks26
\tabu@footnotes=\toks27
\tabu@box=\box33
\tabu@arstrutbox=\box34
\tabu@hleads=\box35
\tabu@vleads=\box36
\tabu@cellskip=\skip57
)
(C:\Users\Chantel.Wetzel\AppData\Roaming\MiKTeX\2.9\tex\latex\rotating\rotating
.sty
Package: rotating 2009/03/28 v2.16a rotated objects in LaTeX
 ("C:\Program Files (x86)\MiKTeX 2.9\tex\latex\base\ifthen.sty"
Package: ifthen 2014/09/29 v1.1c Standard LaTeX ifthen package (DPC)
)
\c@r@tfl@t=\count129
\rotFPtop=\skip58
\rotFPbot=\skip59
\rot@float@box=\box37
\rot@mess@toks=\toks28
)
(C:\Users\Chantel.Wetzel\AppData\Roaming\MiKTeX\2.9\tex\latex\placeins\placeins
.sty
Package: placeins 2005/04/18  v 2.2
)
(C:\Users\Chantel.Wetzel\AppData\Roaming\MiKTeX\2.9\tex\latex\floatrow\floatrow
.sty
Package: floatrow 2008/08/02 v0.3b floatrow: float package extension
\c@float@type=\count130
\float@exts=\toks29
\float@box=\box38
\@floatcapt=\box39
Package floatrow Info: Modified float package code loaded on input line 455.
Package floatrow Info: Modified rotfloat package code loaded on input line 473.

\FR@everyfloat=\toks30
\flrow@foot=\insert199
\FB@wd=\dimen153
\FBo@wd=\dimen154
\FBc@wd=\dimen155
\FBo@ht=\skip60
\FBc@ht=\skip61
\FBf@ht=\skip62
\FBo@max=\skip63
\FBc@max=\skip64
\FBf@max=\skip65
\c@FBl@b=\count131
\floatbox@depth=\count132
\c@FRobj=\count133
\c@FRsobj=\count134
\Xhsize=\skip66
\sXhsize=\skip67
\Zhsize=\skip68
\sZhsize=\skip69
\flrow@rowbox=\box40
\FR@Zunitlength=\dimen156
\c@FBcnt=\count135
\FPOScnt=\count136
\LTleft=\skip70
\LTright=\skip71
\LTleft=\skip72
\LTright=\skip73
\flrow@types=\toks31
) ("C:\Program Files (x86)\MiKTeX 2.9\tex\latex\tools\indentfirst.sty"
Package: indentfirst 1995/11/23 v1.03 Indent first paragraph (DPC)
)
(C:\Users\Chantel.Wetzel\AppData\Roaming\MiKTeX\2.9\tex\latex\mdwtools\mdwtab.s
ty
Package: mdwtab 1998/04/28 1.9 Table typesetting with style
\tab@state=\count137
\tab@columns=\count138
\tab@preamble=\toks32
\tab@shortline=\toks33
\extrarowheight=\dimen157
\tabextrasep=\dimen158
\arrayextrasep=\dimen159
\smarraycolsep=\dimen160
\smarrayextrasep=\dimen161
\tab@width=\dimen162
\col@sep=\dimen163
\tab@endheight=\dimen164
\tab@leftskip=\skip74
\tab@rightskip=\skip75
\fn@notes=\box41
\fn@width=\dimen165
) ("C:\Program Files (x86)\MiKTeX 2.9\tex\latex\tools\enumerate.sty"
Package: enumerate 2015/07/23 v3.00 enumerate extensions (DPC)
\@enLab=\toks34
)
Package hyperref Info: Option `colorlinks' set `true' on input line 92.

(C:\Users\Chantel.Wetzel\AppData\Roaming\MiKTeX\2.9\tex\latex\xcolor\xcolor.sty
Package: xcolor 2016/05/11 v2.12 LaTeX color extensions (UK)
("C:\Program Files (x86)\MiKTeX 2.9\tex\latex\00miktex\color.cfg"
File: color.cfg 2007/01/18 v1.5 color configuration of teTeX/TeXLive
)
Package xcolor Info: Package option `usenames' ignored on input line 216.
Package xcolor Info: Driver file: pdftex.def on input line 225.
Package xcolor Info: Model `cmy' substituted by `cmy0' on input line 1348.
Package xcolor Info: Model `hsb' substituted by `rgb' on input line 1352.
Package xcolor Info: Model `RGB' extended on input line 1364.
Package xcolor Info: Model `HTML' substituted by `rgb' on input line 1366.
Package xcolor Info: Model `Hsb' substituted by `hsb' on input line 1367.
Package xcolor Info: Model `tHsb' substituted by `hsb' on input line 1368.
Package xcolor Info: Model `HSB' substituted by `hsb' on input line 1369.
Package xcolor Info: Model `Gray' substituted by `gray' on input line 1370.
Package xcolor Info: Model `wave' substituted by `hsb' on input line 1371.

("C:\Program Files (x86)\MiKTeX 2.9\tex\latex\graphics\dvipsnam.def"
File: dvipsnam.def 2014/10/14 v3.0j Driver-dependent file (DPC,SPQR)
))
(C:\Users\Chantel.Wetzel\AppData\Roaming\MiKTeX\2.9\tex\latex\soul\soul.sty
Package: soul 2003/11/17 v2.4 letterspacing/underlining (mf)
\SOUL@word=\toks35
\SOUL@lasttoken=\toks36
\SOUL@cmds=\toks37
\SOUL@buffer=\toks38
\SOUL@token=\toks39
\SOUL@spaceskip=\skip76
\SOUL@ttwidth=\dimen166
\SOUL@uldp=\dimen167
\SOUL@ulht=\dimen168
)
(C:\Users\Chantel.Wetzel\AppData\Roaming\MiKTeX\2.9\tex\latex\enumitem\enumitem
.sty
Package: enumitem 2011/09/28 v3.5.2 Customized lists
\labelindent=\skip77
\enit@outerparindent=\dimen169
\enit@toks=\toks40
\enit@inbox=\box42
\enitdp@description=\count139
) ("C:\Program Files (x86)\MiKTeX 2.9\tex\latex\tools\verbatim.sty"
Package: verbatim 2014/10/28 v1.5q LaTeX2e package for verbatim enhancements
\every@verbatim=\toks41
\verbatim@line=\toks42
\verbatim@in@stream=\read1
)
(C:\Users\Chantel.Wetzel\AppData\Roaming\MiKTeX\2.9\tex\latex\fancyvrb\fancyvrb
.sty
Package: fancyvrb 2008/02/07

Style option: `fancyvrb' v2.7a, with DG/SPQR fixes, and firstline=lastline fix 
<2008/02/07> (tvz)
\FV@CodeLineNo=\count140
\FV@InFile=\read2
\FV@TabBox=\box43
\c@FancyVerbLine=\count141
\FV@StepNumber=\count142
\FV@OutFile=\write3
)
("C:\Program Files (x86)\MiKTeX 2.9\tex\latex\base\textcomp.sty"
Package: textcomp 2005/09/27 v1.99g Standard LaTeX package
Package textcomp Info: Sub-encoding information:
(textcomp)               5 = only ISO-Adobe without \textcurrency
(textcomp)               4 = 5 + \texteuro
(textcomp)               3 = 4 + \textohm
(textcomp)               2 = 3 + \textestimated + \textcurrency
(textcomp)               1 = TS1 - \textcircled - \t
(textcomp)               0 = TS1 (full)
(textcomp)             Font families with sub-encoding setting implement
(textcomp)             only a restricted character set as indicated.
(textcomp)             Family '?' is the default used for unknown fonts.
(textcomp)             See the documentation for details.
Package textcomp Info: Setting ? sub-encoding to TS1/1 on input line 79.

("C:\Program Files (x86)\MiKTeX 2.9\tex\latex\base\ts1enc.def"
File: ts1enc.def 2001/06/05 v3.0e (jk/car/fm) Standard LaTeX file
)
LaTeX Info: Redefining \oldstylenums on input line 334.
Package textcomp Info: Setting cmr sub-encoding to TS1/0 on input line 349.
Package textcomp Info: Setting cmss sub-encoding to TS1/0 on input line 350.
Package textcomp Info: Setting cmtt sub-encoding to TS1/0 on input line 351.
Package textcomp Info: Setting cmvtt sub-encoding to TS1/0 on input line 352.
Package textcomp Info: Setting cmbr sub-encoding to TS1/0 on input line 353.
Package textcomp Info: Setting cmtl sub-encoding to TS1/0 on input line 354.
Package textcomp Info: Setting ccr sub-encoding to TS1/0 on input line 355.
Package textcomp Info: Setting ptm sub-encoding to TS1/4 on input line 356.
Package textcomp Info: Setting pcr sub-encoding to TS1/4 on input line 357.
Package textcomp Info: Setting phv sub-encoding to TS1/4 on input line 358.
Package textcomp Info: Setting ppl sub-encoding to TS1/3 on input line 359.
Package textcomp Info: Setting pag sub-encoding to TS1/4 on input line 360.
Package textcomp Info: Setting pbk sub-encoding to TS1/4 on input line 361.
Package textcomp Info: Setting pnc sub-encoding to TS1/4 on input line 362.
Package textcomp Info: Setting pzc sub-encoding to TS1/4 on input line 363.
Package textcomp Info: Setting bch sub-encoding to TS1/4 on input line 364.
Package textcomp Info: Setting put sub-encoding to TS1/5 on input line 365.
Package textcomp Info: Setting uag sub-encoding to TS1/5 on input line 366.
Package textcomp Info: Setting ugq sub-encoding to TS1/5 on input line 367.
Package textcomp Info: Setting ul8 sub-encoding to TS1/4 on input line 368.
Package textcomp Info: Setting ul9 sub-encoding to TS1/4 on input line 369.
Package textcomp Info: Setting augie sub-encoding to TS1/5 on input line 370.
Package textcomp Info: Setting dayrom sub-encoding to TS1/3 on input line 371.
Package textcomp Info: Setting dayroms sub-encoding to TS1/3 on input line 372.

Package textcomp Info: Setting pxr sub-encoding to TS1/0 on input line 373.
Package textcomp Info: Setting pxss sub-encoding to TS1/0 on input line 374.
Package textcomp Info: Setting pxtt sub-encoding to TS1/0 on input line 375.
Package textcomp Info: Setting txr sub-encoding to TS1/0 on input line 376.
Package textcomp Info: Setting txss sub-encoding to TS1/0 on input line 377.
Package textcomp Info: Setting txtt sub-encoding to TS1/0 on input line 378.
Package textcomp Info: Setting lmr sub-encoding to TS1/0 on input line 379.
Package textcomp Info: Setting lmdh sub-encoding to TS1/0 on input line 380.
Package textcomp Info: Setting lmss sub-encoding to TS1/0 on input line 381.
Package textcomp Info: Setting lmssq sub-encoding to TS1/0 on input line 382.
Package textcomp Info: Setting lmvtt sub-encoding to TS1/0 on input line 383.
Package textcomp Info: Setting lmtt sub-encoding to TS1/0 on input line 384.
Package textcomp Info: Setting qhv sub-encoding to TS1/0 on input line 385.
Package textcomp Info: Setting qag sub-encoding to TS1/0 on input line 386.
Package textcomp Info: Setting qbk sub-encoding to TS1/0 on input line 387.
Package textcomp Info: Setting qcr sub-encoding to TS1/0 on input line 388.
Package textcomp Info: Setting qcs sub-encoding to TS1/0 on input line 389.
Package textcomp Info: Setting qpl sub-encoding to TS1/0 on input line 390.
Package textcomp Info: Setting qtm sub-encoding to TS1/0 on input line 391.
Package textcomp Info: Setting qzc sub-encoding to TS1/0 on input line 392.
Package textcomp Info: Setting qhvc sub-encoding to TS1/0 on input line 393.
Package textcomp Info: Setting futs sub-encoding to TS1/4 on input line 394.
Package textcomp Info: Setting futx sub-encoding to TS1/4 on input line 395.
Package textcomp Info: Setting futj sub-encoding to TS1/4 on input line 396.
Package textcomp Info: Setting hlh sub-encoding to TS1/3 on input line 397.
Package textcomp Info: Setting hls sub-encoding to TS1/3 on input line 398.
Package textcomp Info: Setting hlst sub-encoding to TS1/3 on input line 399.
Package textcomp Info: Setting hlct sub-encoding to TS1/5 on input line 400.
Package textcomp Info: Setting hlx sub-encoding to TS1/5 on input line 401.
Package textcomp Info: Setting hlce sub-encoding to TS1/5 on input line 402.
Package textcomp Info: Setting hlcn sub-encoding to TS1/5 on input line 403.
Package textcomp Info: Setting hlcw sub-encoding to TS1/5 on input line 404.
Package textcomp Info: Setting hlcf sub-encoding to TS1/5 on input line 405.
Package textcomp Info: Setting pplx sub-encoding to TS1/3 on input line 406.
Package textcomp Info: Setting pplj sub-encoding to TS1/3 on input line 407.
Package textcomp Info: Setting ptmx sub-encoding to TS1/4 on input line 408.
Package textcomp Info: Setting ptmj sub-encoding to TS1/4 on input line 409.
)
("C:\Program Files (x86)\MiKTeX 2.9\tex\latex\graphics\lscape.sty"
Package: lscape 2000/10/22 v3.01 Landscape Pages (DPC)
)
(C:\Users\Chantel.Wetzel\AppData\Roaming\MiKTeX\2.9\tex\latex\cmap\cmap.sty
Package: cmap 2008/03/06 v1.0h CMap support: searchable PDF
)
(C:\Users\Chantel.Wetzel\AppData\Roaming\MiKTeX\2.9\tex\latex\pdfcomment\pdfcom
ment.sty
Package: pdfcomment 2016/06/13 pdfcomment.sty v2.4 - Josef Kleber (C) 2008-2012
, 2015-2016
 ("C:\Program Files (x86)\MiKTeX 2.9\tex\latex\xkeyval\xkeyval.sty"
Package: xkeyval 2014/12/03 v2.7a package option processing (HA)

("C:\Program Files (x86)\MiKTeX 2.9\tex\generic\xkeyval\xkeyval.tex"
("C:\Program Files (x86)\MiKTeX 2.9\tex\generic\xkeyval\xkvutils.tex"
\XKV@toks=\toks43
\XKV@tempa@toks=\toks44
)
\XKV@depth=\count143
File: xkeyval.tex 2014/12/03 v2.7a key=value parser (HA)
))
\c@pc@count@i=\count144
\c@pc@count@ii=\count145
\c@pc@count@iii=\count146
\c@pc@count@iv=\count147
\pc@mathannot@box=\box44
\pc@nullbox=\box45
\pc@dima=\skip78
\pc@dimb=\skip79
\pc@Sposx=\skip80
\pc@Sposy=\skip81
\pc@Eposx=\skip82
\pc@Eposy=\skip83
\pc@column=\skip84
\pc@box@width=\skip85
\pc@box@height=\skip86
\pc@box@depth=\skip87

(C:\Users\Chantel.Wetzel\AppData\Roaming\MiKTeX\2.9\tex\latex\etoolbox\etoolbox
.sty
Package: etoolbox 2015/08/02 v2.2a e-TeX tools for LaTeX (JAW)
\etb@tempcnta=\count148
)
(C:\Users\Chantel.Wetzel\AppData\Roaming\MiKTeX\2.9\tex\latex\datetime2\datetim
e2.sty
Package: datetime2 2016/07/12 v1.5.2 (NLCT) date and time formats

(C:\Users\Chantel.Wetzel\AppData\Roaming\MiKTeX\2.9\tex\latex\tracklang\trackla
ng.sty
Package: tracklang 2016/11/03 v1.3.3 (NLCT) Track Languages

(C:\Users\Chantel.Wetzel\AppData\Roaming\MiKTeX\2.9\tex\generic\tracklang\track
lang.tex)))
("C:\Program Files (x86)\MiKTeX 2.9\tex\latex\oberdiek\zref-savepos.sty"
Package: zref-savepos 2012/04/04 v2.24 Module savepos for zref (HO)

("C:\Program Files (x86)\MiKTeX 2.9\tex\latex\oberdiek\zref-base.sty"
Package: zref-base 2012/04/04 v2.24 Module base for zref (HO)
Package zref Info: New property list: main on input line 759.
Package zref Info: New property: default on input line 760.
Package zref Info: New property: page on input line 761.
)
Package zref Info: New property list: savepos on input line 75.
Package zref Info: New property: posx on input line 76.
Package zref Info: New property: posy on input line 77.
)
\c@zref@unique=\count149

("C:\Program Files (x86)\MiKTeX 2.9\tex\latex\tools\calc.sty"
Package: calc 2014/10/28 v4.3 Infix arithmetic (KKT,FJ)
\calc@Acount=\count150
\calc@Bcount=\count151
\calc@Adimen=\dimen170
\calc@Bdimen=\dimen171
\calc@Askip=\skip88
\calc@Bskip=\skip89
LaTeX Info: Redefining \setlength on input line 80.
LaTeX Info: Redefining \addtolength on input line 81.
\calc@Ccount=\count152
\calc@Cskip=\skip90
)
(C:\Users\Chantel.Wetzel\AppData\Roaming\MiKTeX\2.9\tex\latex\marginnote\margin
note.sty
Package: marginnote 2016/10/21 v1.2a non floating margin notes for LaTeX
\c@mn@abspage=\count153
)
(C:\Users\Chantel.Wetzel\AppData\Roaming\MiKTeX\2.9\tex\latex\bezos\soulpos.sty
Package: soulpos 2012/02/25 v1.0 Fancy underlining
\ulp@subcnt=\count154
\ulp@cnt=\count155
\ulp@out=\write4
\ulp@in=\read3
\ulwidth=\dimen172
)

Package hyperref Warning: Option `pdftex' has already been used,
(hyperref)                setting the option has no effect on input line 1359.

Package zref Info: New property list: pdfcomment on input line 2724.
Package zref Info: New property: PCPDFOBJID on input line 2725.
) (C:\Users\Chantel.Wetzel\AppData\Roaming\MiKTeX\2.9\tex\latex\nag\nag.sty
Package: nag 2011/11/25 0.7 warning about old commands (ulmi)
\c@nag@c=\count156
\c@nag@sins=\count157
Package nag Info: Loaded nag-l2tabu.cfg  on input line 552.

(C:\Users\Chantel.Wetzel\AppData\Roaming\MiKTeX\2.9\tex\latex\nag\nag-l2tabu.cf
g
File: nag-l2tabu.cfg 2010/05/17 v2.11 l2tabu rules for nag.sty (ulmi)
)
Package nag Info: Loaded nag-orthodox.cfg  on input line 552.

(C:\Users\Chantel.Wetzel\AppData\Roaming\MiKTeX\2.9\tex\latex\nag\nag-orthodox.
cfg
File: nag-orthodox.cfg 2006/04/19 v1.8 strict rules for nag.sty (ulmi)
))
(C:\Users\Chantel.Wetzel\Documents\GitHub\POP_2017\./tex2pdf.2880\input.aux

LaTeX Warning: Label `fig:length_fits' multiply defined.


LaTeX Warning: Label `fig:length_fits' multiply defined.


LaTeX Warning: Label `fig:length_fits' multiply defined.


LaTeX Warning: Label `fig:length_fits' multiply defined.


LaTeX Warning: Label `fig:length_fits' multiply defined.


LaTeX Warning: Label `fig:length_fits' multiply defined.


LaTeX Warning: Label `fig:length_fits' multiply defined.


LaTeX Warning: Label `fig:length_fits' multiply defined.


LaTeX Warning: Label `fig:length_fits' multiply defined.


LaTeX Warning: Label `fig:age_fits' multiply defined.


LaTeX Warning: Label `fig:age_fits' multiply defined.


LaTeX Warning: Label `fig:age_fits' multiply defined.


LaTeX Warning: Label `fig:age_fits' multiply defined.

)
\openout1 = `input.aux'.

LaTeX Font Info:    Checking defaults for OML/cmm/m/it on input line 132.
LaTeX Font Info:    ... okay on input line 132.
LaTeX Font Info:    Checking defaults for T1/cmr/m/n on input line 132.
LaTeX Font Info:    ... okay on input line 132.
LaTeX Font Info:    Checking defaults for OT1/cmr/m/n on input line 132.
LaTeX Font Info:    ... okay on input line 132.
LaTeX Font Info:    Checking defaults for OMS/cmsy/m/n on input line 132.
LaTeX Font Info:    ... okay on input line 132.
LaTeX Font Info:    Checking defaults for OMX/cmex/m/n on input line 132.
LaTeX Font Info:    ... okay on input line 132.
LaTeX Font Info:    Checking defaults for U/cmr/m/n on input line 132.
LaTeX Font Info:    ... okay on input line 132.
LaTeX Font Info:    Checking defaults for PD1/pdf/m/n on input line 132.
LaTeX Font Info:    ... okay on input line 132.
LaTeX Font Info:    Checking defaults for PU/pdf/m/n on input line 132.
LaTeX Font Info:    ... okay on input line 132.
LaTeX Font Info:    Checking defaults for TS1/cmr/m/n on input line 132.
LaTeX Font Info:    Try loading font information for TS1+cmr on input line 132.

 ("C:\Program Files (x86)\MiKTeX 2.9\tex\latex\base\ts1cmr.fd"
File: ts1cmr.fd 2014/09/29 v2.5h Standard LaTeX font definitions
)
LaTeX Font Info:    ... okay on input line 132.
LaTeX Info: Redefining \microtypecontext on input line 132.
Package microtype Info: Generating PDF output.
Package microtype Info: Character protrusion enabled (level 2).
Package microtype Info: Using protrusion set `basicmath'.
Package microtype Info: Automatic font expansion enabled (level 2),
(microtype)             stretch: 20, shrink: 20, step: 1, non-selected.
Package microtype Info: Using default expansion set `basictext'.
Package microtype Info: No adjustment of tracking.
Package microtype Info: No adjustment of interword spacing.
Package microtype Info: No adjustment of character kerning.

(C:\Users\Chantel.Wetzel\AppData\Roaming\MiKTeX\2.9\tex\latex\microtype\mt-cmr.
cfg
File: mt-cmr.cfg 2013/05/19 v2.2 microtype config. file: Computer Modern Roman 
(RS)
)
*geometry* driver: auto-detecting
*geometry* detected driver: pdftex
*geometry* verbose mode - [ preamble ] result:
* driver: pdftex
* paper: <default>
* layout: <same size as paper>
* layoutoffset:(h,v)=(0.0pt,0.0pt)
* modes: 
* h-part:(L,W,R)=(72.26999pt, 469.75502pt, 72.26999pt)
* v-part:(T,H,B)=(72.26999pt, 650.43001pt, 72.26999pt)
* \paperwidth=614.295pt
* \paperheight=794.96999pt
* \textwidth=469.75502pt
* \textheight=650.43001pt
* \oddsidemargin=0.0pt
* \evensidemargin=0.0pt
* \topmargin=-37.0pt
* \headheight=12.0pt
* \headsep=25.0pt
* \topskip=12.0pt
* \footskip=30.0pt
* \marginparwidth=44.0pt
* \marginparsep=10.0pt
* \columnsep=10.0pt
* \skip\footins=10.8pt plus 4.0pt minus 2.0pt
* \hoffset=0.0pt
* \voffset=0.0pt
* \mag=1000
* \@twocolumnfalse
* \@twosidefalse
* \@mparswitchfalse
* \@reversemarginfalse
* (1in=72.27pt=25.4mm, 1cm=28.453pt)

\AtBeginShipoutBox=\box46
Package hyperref Info: Link coloring ON on input line 132.
("C:\Program Files (x86)\MiKTeX 2.9\tex\latex\hyperref\nameref.sty"
Package: nameref 2012/10/27 v2.43 Cross-referencing by name of section

("C:\Program Files (x86)\MiKTeX 2.9\tex\generic\oberdiek\gettitlestring.sty"
Package: gettitlestring 2010/12/03 v1.4 Cleanup title references (HO)
)
\c@section@level=\count158
)
LaTeX Info: Redefining \ref on input line 132.
LaTeX Info: Redefining \pageref on input line 132.
LaTeX Info: Redefining \nameref on input line 132.

(C:\Users\Chantel.Wetzel\Documents\GitHub\POP_2017\./tex2pdf.2880\input.out)
(C:\Users\Chantel.Wetzel\Documents\GitHub\POP_2017\./tex2pdf.2880\input.out)
\@outlinefile=\write5
\openout5 = `input.out'.


(C:\Users\Chantel.Wetzel\AppData\Roaming\MiKTeX\2.9\tex\context\base\supp-pdf.m
kii
[Loading MPS to PDF converter (version 2006.09.02).]
\scratchcounter=\count159
\scratchdimen=\dimen173
\scratchbox=\box47
\nofMPsegments=\count160
\nofMParguments=\count161
\everyMPshowfont=\toks45
\MPscratchCnt=\count162
\MPscratchDim=\dimen174
\MPnumerator=\count163
\makeMPintoPDFobject=\count164
\everyMPtoPDFconversion=\toks46
)
Package caption Info: Begin \AtBeginDocument code.
Package caption Info: floatrow package is loaded.
Package caption Info: float package is loaded.
Package caption Info: floatrow package is loaded.
Package caption Info: longtable package is loaded.

(C:\Users\Chantel.Wetzel\AppData\Roaming\MiKTeX\2.9\tex\latex\caption\ltcaption
.sty
Package: ltcaption 2013/06/09 v1.4-94 longtable captions (AR)
)
Package caption Info: rotating package is loaded.
Package caption Info: End \AtBeginDocument code.


Package tabu Warning: \@arrayright is missing from the 
(tabu)                definition of \endarray. 
(tabu)                Comptability with delarray.sty is broken. on input line 1
32.


(C:\Users\Chantel.Wetzel\AppData\Roaming\MiKTeX\2.9\tex\latex\floatrow\fr-longt
able.sty
Package: fr-longtable 2007/11/28 v0.1b (beta) floatrow: additions for longtable

\flrow@LT@lasthead=\box48
\flrow@LT@prelastfoot=\box49
\c@FBLTpage=\count165
)
Package marginnote Info: \pdfoutput not 0 or unimportant and
(marginnote)             \pdflastxpos or \lastxpos available.
(marginnote)             Extended position detection mode activated.
Package nag Info: Command \frontmatter not defined, skipping amendment on input
 line 132.
Package nag Info: Command \mainmatter not defined, skipping amendment on input 
line 132.
Package nag Info: Command \backmatter not defined, skipping amendment on input 
line 132.
Package nag Info: Command \RaggedLeft not defined, skipping amendment on input 
line 132.
Package nag Info: Command \RaggedRight not defined, skipping amendment on input
 line 132.
Package nag Info: Command \captionabove not defined, skipping amendment on inpu
t line 132.
Package nag Info: Command \captionbelow not defined, skipping amendment on inpu
t line 132.
Package nag Info: Command \hc@caption not defined, skipping amendment on input 
line 132.
Package nag Info: Command \topcaption not defined, skipping amendment on input 
line 132.
<<ot1.cmap>> <Sebastes_alutus.png, id=316, 501.875pt x 250.9375pt>
File: Sebastes_alutus.png Graphic file (type png)

<use Sebastes_alutus.png>
Package pdftex.def Info: Sebastes_alutus.png used on input line 142.
(pdftex.def)             Requested size: 469.77914pt x 234.88956pt.
<<oml.cmap>><<oms.cmap>><<omx.cmap>>
LaTeX Font Info:    Try loading font information for U+msa on input line 147.

("C:\Program Files (x86)\MiKTeX 2.9\tex\latex\amsfonts\umsa.fd"
File: umsa.fd 2013/01/14 v3.01 AMS symbols A
)
(C:\Users\Chantel.Wetzel\AppData\Roaming\MiKTeX\2.9\tex\latex\microtype\mt-msa.
cfg
File: mt-msa.cfg 2006/02/04 v1.1 microtype config. file: AMS symbols (a) (RS)
)
LaTeX Font Info:    Try loading font information for U+msb on input line 147.
 ("C:\Program Files (x86)\MiKTeX 2.9\tex\latex\amsfonts\umsb.fd"
File: umsb.fd 2013/01/14 v3.01 AMS symbols B
)
(C:\Users\Chantel.Wetzel\AppData\Roaming\MiKTeX\2.9\tex\latex\microtype\mt-msb.
cfg
File: mt-msb.cfg 2005/06/01 v1.0 microtype config. file: AMS symbols (b) (RS)
) [1

\openout4 = `input.upa'.

{C:/Users/Chantel.Wetzel/AppData/Local/MiKTeX/2.9/pdftex/config/pdftex.map} <./
Sebastes_alutus.png>] [2]
(C:\Users\Chantel.Wetzel\Documents\GitHub\POP_2017\./tex2pdf.2880\input.toc
Overfull \hbox (0.71802pt too wide) detected at line 13
 [][][]\OT1/cmr/m/n/12 xvii[][]
 []

[1] [2])
\tf@toc=\write6
\openout6 = `input.toc'.

 [3]
Overfull \hbox (8.34586pt too wide) in paragraph at lines 259--259
 []\OT1/cmr/m/n/12 (-20) Washington 
 []

pdfTeX warning (ext4): destination with the same identifier (name{page.i}) has 
been already used, duplicate ignored
<to be read again> 
                   \relax 
l.275 \FloatBarrier
                    [1]
<PacificOceanPerch2017_Assessment_files/figure-latex/unnamed-chunk-14-1.pdf, id
=429, 469.755pt x 325.215pt>
File: PacificOceanPerch2017_Assessment_files/figure-latex/unnamed-chunk-14-1.pd
f Graphic file (type pdf)

<use PacificOceanPerch2017_Assessment_files/figure-latex/unnamed-chunk-14-1.pdf
>
Package pdftex.def Info: PacificOceanPerch2017_Assessment_files/figure-latex/un
named-chunk-14-1.pdf used on input line 279.
(pdftex.def)             Requested size: 469.75386pt x 325.2142pt.
pdfTeX warning (ext4): destination with the same identifier (name{page.ii}) has
 been already used, duplicate ignored
<to be read again> 
                   \relax 
l.285 \FloatBarrier
                    [2 <./PacificOceanPerch2017_Assessment_files/figure-latex/u
nnamed-chunk-14-1.pdf>]pdfTeX warning (ext4): destination with the same identif
ier (name{page.iii}) has been already used, duplicate ignored
<to be read again> 
                   \relax 
l.355 
       [3

]
<r4ss/plots_mod1/ts7_Spawning_output_with_95_asymptotic_intervals_intervals.png
, id=444, 469.755pt x 361.35pt>
File: r4ss/plots_mod1/ts7_Spawning_output_with_95_asymptotic_intervals_interval
s.png Graphic file (type png)

<use r4ss/plots_mod1/ts7_Spawning_output_with_95_asymptotic_intervals_intervals
.png>
Package pdftex.def Info: r4ss/plots_mod1/ts7_Spawning_output_with_95_asymptotic
_intervals_intervals.png used on input line 377.
(pdftex.def)             Requested size: 469.75386pt x 361.34912pt.

<r4ss/plots_mod1/ts9_Spawning_depletion_with_95_asymptotic_intervals_intervals.
png, id=445, 469.755pt x 361.35pt>
File: r4ss/plots_mod1/ts9_Spawning_depletion_with_95_asymptotic_intervals_inter
vals.png Graphic file (type png)

<use r4ss/plots_mod1/ts9_Spawning_depletion_with_95_asymptotic_intervals_interv
als.png>
Package pdftex.def Info: r4ss/plots_mod1/ts9_Spawning_depletion_with_95_asympto
tic_intervals_intervals.png used on input line 385.
(pdftex.def)             Requested size: 469.75386pt x 361.34912pt.
 [4] [5 <./r4ss/plots_mod1/ts7_Spawning_output_with_95_asymptotic_intervals_int
ervals.png>] [6 <./r4ss/plots_mod1/ts9_Spawning_depletion_with_95_asymptotic_in
tervals_intervals.png>]
<r4ss/plots_mod1/ts11_Age-0_recruits_(1000s)_with_95_asymptotic_intervals.png, 
id=464, 469.755pt x 361.35pt>
File: r4ss/plots_mod1/ts11_Age-0_recruits_(1000s)_with_95_asymptotic_intervals.
png Graphic file (type png)

<use r4ss/plots_mod1/ts11_Age-0_recruits_(1000s)_with_95_asymptotic_intervals.p
ng>
Package pdftex.def Info: r4ss/plots_mod1/ts11_Age-0_recruits_(1000s)_with_95_as
ymptotic_intervals.png used on input line 429.
(pdftex.def)             Requested size: 469.75386pt x 361.34912pt.
 [7] [8 <./r4ss/plots_mod1/ts11_Age-0_recruits_(1000s)_with_95_asymptotic_inter
vals.png>]
<r4ss/plots_mod1/SPR3_ratiointerval.png, id=477, 469.755pt x 361.35pt>
File: r4ss/plots_mod1/SPR3_ratiointerval.png Graphic file (type png)

<use r4ss/plots_mod1/SPR3_ratiointerval.png>
Package pdftex.def Info: r4ss/plots_mod1/SPR3_ratiointerval.png used on input l
ine 500.
(pdftex.def)             Requested size: 469.75386pt x 361.34912pt.

<r4ss/plots_mod1/SPR4_phase.png, id=478, 469.755pt x 361.35pt>
File: r4ss/plots_mod1/SPR4_phase.png Graphic file (type png)

<use r4ss/plots_mod1/SPR4_phase.png>
Package pdftex.def Info: r4ss/plots_mod1/SPR4_phase.png used on input line 511.

(pdftex.def)             Requested size: 469.75386pt x 361.34912pt.
 [9] [10 <./r4ss/plots_mod1/SPR3_ratiointerval.png>] [11 <./r4ss/plots_mod1/SPR
4_phase.png>]
Overfull \hbox (5.43329pt too wide) in paragraph at lines 583--583
 []\OT1/cmr/bx/n/12 Estimate 
 []


Overfull \hbox (10.70502pt too wide) in paragraph at lines 581--607
 [][] 
 []

[12] [13] [14] [15]
Overfull \hbox (18.8703pt too wide) in paragraph at lines 757--758
 [][] 
 []

[16] [17

] [18]
<r4ss/plots_mod1/yield1_yield_curve.png, id=541, 469.755pt x 361.35pt>
File: r4ss/plots_mod1/yield1_yield_curve.png Graphic file (type png)

<use r4ss/plots_mod1/yield1_yield_curve.png>
Package pdftex.def Info: r4ss/plots_mod1/yield1_yield_curve.png used on input l
ine 815.
(pdftex.def)             Requested size: 469.75386pt x 361.34912pt.
 [19 <./r4ss/plots_mod1/yield1_yield_curve.png>]pdfTeX warning (ext4): destinat
ion with the same identifier (name{page.1}) has been already used, duplicate ig
nored
<to be read again> 
                   \relax 
l.910 
       [1


]pdfTeX warning (ext4): destination with the same identifier (name{page.2}) has
 been already used, duplicate ignored
<to be read again> 
                   \relax 
l.947 
       [2] [3]
LaTeX Font Info:    Try loading font information for OML+cmr on input line 1038
.
 ("C:\Program Files (x86)\MiKTeX 2.9\tex\latex\base\omlcmr.fd"
File: omlcmr.fd 2014/09/29 v2.5h Standard LaTeX font definitions
)
LaTeX Font Info:    Font shape `OML/cmr/m/n' in size <12> not available
(Font)              Font shape `OML/cmm/m/it' tried instead on input line 1038.


[4] [5] [6] [7] [8] [9]

Package nag Warning: There is no environment ``centering''.
(nag)                Maybe you want a grouped \centering  on input line 1373.

[10]

Package nag Warning: There is no environment ``centering''.
(nag)                Maybe you want a grouped \centering  on input line 1479.

[11] [12]

Package nag Warning: There is no environment ``centering''.
(nag)                Maybe you want a grouped \centering  on input line 1550.

[13] [14] [15] [16] [17] [18] [19] [20] [21] [22] [23] [24] [25] [26] [27]
[28] [29] [30] [31] [32]
Overfull \hbox (4.73213pt too wide) in paragraph at lines 2641--2641
 []\OT1/cmr/m/n/12 (-20) Washington 
 []


Overfull \hbox (4.73213pt too wide) in paragraph at lines 2690--2690
 []\OT1/cmr/m/n/12 (-20) Washington 
 []


Package nag Warning: table with no \caption on input line 2737.


LaTeX Warning: Float too large for page by 3.2693pt on input line 2737.


Overfull \hbox (4.73213pt too wide) in paragraph at lines 2743--2743
 []\OT1/cmr/m/n/12 (-20) Washington 
 []


Package nag Warning: table with no \caption on input line 2764.


Overfull \hbox (2.88727pt too wide) in paragraph at lines 2775--2775
 []\OT1/cmr/m/n/9 11/10/1983 
 []


Overfull \hbox (2.88727pt too wide) in paragraph at lines 2776--2776
 []\OT1/cmr/m/n/9 11/10/1983 
 []


Overfull \hbox (2.88727pt too wide) in paragraph at lines 2792--2792
 []\OT1/cmr/m/n/9 12/13/1989 
 []


LaTeX Warning: Float too large for page by 5.26996pt on input line 2799.

Missing character: There is no Â in font cmr9!
Missing character: There is no   in font cmr9!
Missing character: There is no Â in font cmr9!
Missing character: There is no   in font cmr9!

Package nag Warning: table with no \caption on input line 2842.


LaTeX Warning: Float too large for page by 10.76997pt on input line 2842.


Package nag Warning: table with no \caption on input line 2888.


Package nag Warning: table with no \caption on input line 2935.


LaTeX Warning: Float too large for page by 20.76997pt on input line 2935.


Package nag Warning: table with no \caption on input line 2957.


Overfull \hbox (14.18481pt too wide) in paragraph at lines 2963--2979
 [][] 
 []

[33] [34] [35] [36] [37] [38] [39] [40] [41] [42]

Package nag Warning: table with no \caption on input line 3301.

[43

] [44] [45] [46] [47] [48] [49

] [50] [51] [52

] [53]
Overfull \hbox (650.43001pt too wide) detected at line 3511
 [] 
 []


Underfull \hbox (badness 10000) in alignment at lines 3503--3515
[] [] [] [] [] [] []
 []


Underfull \hbox (badness 10000) in alignment at lines 3515--3518
[] [] [] [] [] [] []
 []


Underfull \hbox (badness 10000) in alignment at lines 3518--3519
[] [] [] [] [] [] []
 []


Underfull \hbox (badness 10000) in alignment at lines 3519--3541
[] [] [] [] [] [] []
 []


Underfull \vbox (badness 10000) detected at line 3541
 []


Underfull \hbox (badness 10000) in alignment at lines 3541--3561
[] [] [] [] [] [] []
 []


Underfull \hbox (badness 10000) in alignment at lines 3561--3581
[] [] [] [] [] [] []
 []

[54

]
Underfull \hbox (badness 10000) in alignment at lines 3581--3601
[] [] [] [] [] [] []
 []

[55]
Underfull \hbox (badness 10000) in alignment at lines 3601--3617
[] [] [] [] [] [] []
 []

[56] [57]
Overfull \hbox (5.43329pt too wide) in paragraph at lines 3672--3672
 []\OT1/cmr/bx/n/12 Estimate 
 []


Overfull \hbox (10.70502pt too wide) in paragraph at lines 3670--3696
 [][] 
 []

[58

]
Overfull \hbox (469.75502pt too wide) detected at line 3707
 [] 
 []


Overfull \hbox (1.70338pt too wide) in paragraph at lines 3709--3709
 \OT1/cmr/m/n/10.95 biomass 
 []


Overfull \hbox (2.59724pt too wide) in paragraph at lines 3709--3709
 []\OT1/cmr/m/n/10.95 Summary 
 []


Overfull \hbox (5.51723pt too wide) in paragraph at lines 3709--3709
 []\OT1/cmr/m/n/10.95 Estimated 
 []


Overfull \hbox (3.95741pt too wide) in alignment at lines 3706--3710
[] [] [] [] [] [] [] [] []
 []


Overfull \hbox (3.95741pt too wide) in alignment at lines 3710--3731
[] [] [] [] [] [] [] [] []
 []


Underfull \vbox (badness 10000) detected at line 3731
 []


Overfull \hbox (3.95741pt too wide) in alignment at lines 3731--3751
[] [] [] [] [] [] [] [] []
 []


Overfull \hbox (3.95741pt too wide) in alignment at lines 3751--3771
[] [] [] [] [] [] [] [] []
 []

[59]
Overfull \hbox (3.95741pt too wide) in alignment at lines 3771--3791
[] [] [] [] [] [] [] [] []
 []


Overfull \hbox (3.95741pt too wide) in alignment at lines 3791--3811
[] [] [] [] [] [] [] [] []
 []

[60]
Overfull \hbox (3.95741pt too wide) in alignment at lines 3811--3814
[] [] [] [] [] [] [] [] []
 []

[61] [62] [63] [64


]
Overfull \hbox (18.8703pt too wide) in paragraph at lines 4000--4001
 [][] 
 []

[65] [66]
<./tex2pdf.2880/94a525a305b4beb8689c5485124fc7bbf7fb6462.png, id=1221, 469.755p
t x 361.35pt>
File: ./tex2pdf.2880/94a525a305b4beb8689c5485124fc7bbf7fb6462.png Graphic file 
(type png)

<use ./tex2pdf.2880/94a525a305b4beb8689c5485124fc7bbf7fb6462.png>
Package pdftex.def Info: ./tex2pdf.2880/94a525a305b4beb8689c5485124fc7bbf7fb646
2.png used on input line 4011.
(pdftex.def)             Requested size: 469.75386pt x 361.34912pt.
 [67

] [68 <./tex2pdf.2880/94a525a305b4beb8689c5485124fc7bbf7fb6462.png>]
<Figures/data_plot_wo_tri.png, id=1232, 469.755pt x 361.35pt>
File: Figures/data_plot_wo_tri.png Graphic file (type png)

<use Figures/data_plot_wo_tri.png>
Package pdftex.def Info: Figures/data_plot_wo_tri.png used on input line 4020.
(pdftex.def)             Requested size: 469.75386pt x 361.34912pt.
 [69 <./Figures/data_plot_wo_tri.png>]
<Figures/Index_Data_4.png, id=1238, 722.7pt x 578.16pt>
File: Figures/Index_Data_4.png Graphic file (type png)

<use Figures/Index_Data_4.png>
Package pdftex.def Info: Figures/Index_Data_4.png used on input line 4029.
(pdftex.def)             Requested size: 469.76045pt x 375.80836pt.
 [70 <./Figures/Index_Data_4.png>]
<Figures/Q-Q_plot_combo.jpg, id=1245, 289.08pt x 289.08pt>
File: Figures/Q-Q_plot_combo.jpg Graphic file (type jpg)

<use Figures/Q-Q_plot_combo.jpg>
Package pdftex.def Info: Figures/Q-Q_plot_combo.jpg used on input line 4038.
(pdftex.def)             Requested size: 289.09251pt x 289.09251pt.
 [71 <./Figures/Q-Q_plot_combo.jpg>]
<r4ss/plots_mod1/comp_lendat_bubflt8mkt0.png, id=1250, 469.755pt x 361.35pt>
File: r4ss/plots_mod1/comp_lendat_bubflt8mkt0.png Graphic file (type png)

<use r4ss/plots_mod1/comp_lendat_bubflt8mkt0.png>
Package pdftex.def Info: r4ss/plots_mod1/comp_lendat_bubflt8mkt0.png used on in
put line 4047.
(pdftex.def)             Requested size: 469.75386pt x 361.34912pt.
 [72 <./r4ss/plots_mod1/comp_lendat_bubflt8mkt0.png>]
<r4ss/plots_mod1/comp_gstagedat_bubflt8mkt0.png, id=1256, 469.755pt x 361.35pt>
File: r4ss/plots_mod1/comp_gstagedat_bubflt8mkt0.png Graphic file (type png)
<use r4ss/plots_mod1/comp_gstagedat_bubflt8mkt0.png>
Package pdftex.def Info: r4ss/plots_mod1/comp_gstagedat_bubflt8mkt0.png used on
 input line 4056.
(pdftex.def)             Requested size: 469.75386pt x 361.34912pt.
 [73 <./r4ss/plots_mod1/comp_gstagedat_bubflt8mkt0.png>]
<Figures/Q-Q_plot_nw_slope_gammaECE.jpg, id=1263, 289.08pt x 289.08pt>
File: Figures/Q-Q_plot_nw_slope_gammaECE.jpg Graphic file (type jpg)

<use Figures/Q-Q_plot_nw_slope_gammaECE.jpg>
Package pdftex.def Info: Figures/Q-Q_plot_nw_slope_gammaECE.jpg used on input l
ine 4065.
(pdftex.def)             Requested size: 289.09251pt x 289.09251pt.
 [74 <./Figures/Q-Q_plot_nw_slope_gammaECE.jpg>]
<r4ss/plots_mod1/comp_lendat_bubflt7mkt0.png, id=1268, 469.755pt x 361.35pt>
File: r4ss/plots_mod1/comp_lendat_bubflt7mkt0.png Graphic file (type png)

<use r4ss/plots_mod1/comp_lendat_bubflt7mkt0.png>
Package pdftex.def Info: r4ss/plots_mod1/comp_lendat_bubflt7mkt0.png used on in
put line 4074.
(pdftex.def)             Requested size: 469.75386pt x 361.34912pt.
 [75 <./r4ss/plots_mod1/comp_lendat_bubflt7mkt0.png>]
<r4ss/plots_mod1/comp_agedat_bubflt7mkt0.png, id=1274, 469.755pt x 361.35pt>
File: r4ss/plots_mod1/comp_agedat_bubflt7mkt0.png Graphic file (type png)

<use r4ss/plots_mod1/comp_agedat_bubflt7mkt0.png>
Package pdftex.def Info: r4ss/plots_mod1/comp_agedat_bubflt7mkt0.png used on in
put line 4083.
(pdftex.def)             Requested size: 469.75386pt x 361.34912pt.
 [76 <./r4ss/plots_mod1/comp_agedat_bubflt7mkt0.png>]
<Figures/Q-Q_plot_afsc.jpg, id=1280, 289.08pt x 289.08pt>
File: Figures/Q-Q_plot_afsc.jpg Graphic file (type jpg)

<use Figures/Q-Q_plot_afsc.jpg>
Package pdftex.def Info: Figures/Q-Q_plot_afsc.jpg used on input line 4092.
(pdftex.def)             Requested size: 289.09251pt x 289.09251pt.
 [77 <./Figures/Q-Q_plot_afsc.jpg>]
<r4ss/plots_mod1/comp_lendat_bubflt6mkt0.png, id=1285, 469.755pt x 361.35pt>
File: r4ss/plots_mod1/comp_lendat_bubflt6mkt0.png Graphic file (type png)

<use r4ss/plots_mod1/comp_lendat_bubflt6mkt0.png>
Package pdftex.def Info: r4ss/plots_mod1/comp_lendat_bubflt6mkt0.png used on in
put line 4101.
(pdftex.def)             Requested size: 469.75386pt x 361.34912pt.
 [78 <./r4ss/plots_mod1/comp_lendat_bubflt6mkt0.png>]
<Figures/Q-Q_plot_pop.jpg, id=1291, 289.08pt x 289.08pt>
File: Figures/Q-Q_plot_pop.jpg Graphic file (type jpg)

<use Figures/Q-Q_plot_pop.jpg>
Package pdftex.def Info: Figures/Q-Q_plot_pop.jpg used on input line 4110.
(pdftex.def)             Requested size: 289.09251pt x 289.09251pt.
 [79 <./Figures/Q-Q_plot_pop.jpg>]
<r4ss/plots_mod1/comp_lendat_bubflt4mkt0.png, id=1297, 469.755pt x 361.35pt>
File: r4ss/plots_mod1/comp_lendat_bubflt4mkt0.png Graphic file (type png)

<use r4ss/plots_mod1/comp_lendat_bubflt4mkt0.png>
Package pdftex.def Info: r4ss/plots_mod1/comp_lendat_bubflt4mkt0.png used on in
put line 4119.
(pdftex.def)             Requested size: 469.75386pt x 361.34912pt.
 [80 <./r4ss/plots_mod1/comp_lendat_bubflt4mkt0.png>]
<r4ss/plots_mod1/comp_agedat_bubflt4mkt0.png, id=1303, 469.755pt x 361.35pt>
File: r4ss/plots_mod1/comp_agedat_bubflt4mkt0.png Graphic file (type png)

<use r4ss/plots_mod1/comp_agedat_bubflt4mkt0.png>
Package pdftex.def Info: r4ss/plots_mod1/comp_agedat_bubflt4mkt0.png used on in
put line 4128.
(pdftex.def)             Requested size: 469.75386pt x 361.34912pt.
 [81 <./r4ss/plots_mod1/comp_agedat_bubflt4mkt0.png>]
<r4ss/plots_mod1/comp_lendat_bubflt1mkt1.png, id=1309, 