This is pdfTeX, Version 3.14159265-2.6-1.40.16 (MiKTeX 2.9) (preloaded format=pdflatex 2016.11.21)  19 JUN 2017 16:01
entering extended mode
**./POP_2017_STAR_Data_Presentation.tex
(POP_2017_STAR_Data_Presentation.tex
LaTeX2e <2015/10/01> patch level 2
Babel <3.9n> and hyphenation patterns for 69 languages loaded.

(C:\Users\Chantel.Wetzel\AppData\Roaming\MiKTeX\2.9\tex\latex\beamer\beamer.cls
Document Class: beamer 2017/01/23 v3.41 A class for typesetting presentations

(C:\Users\Chantel.Wetzel\AppData\Roaming\MiKTeX\2.9\tex\latex\etoolbox\etoolbox
.sty
Package: etoolbox 2015/08/02 v2.2a e-TeX tools for LaTeX (JAW)
\etb@tempcnta=\count79
)
(C:\Users\Chantel.Wetzel\AppData\Roaming\MiKTeX\2.9\tex\latex\beamer\beamerbase
modes.sty
\beamer@tempbox=\box26
\beamer@tempcount=\count80
\c@beamerpauses=\count81

(C:\Users\Chantel.Wetzel\AppData\Roaming\MiKTeX\2.9\tex\latex\beamer\beamerbase
decode.sty
\beamer@slideinframe=\count82
\beamer@minimum=\count83
)
\beamer@commentbox=\box27
\beamer@modecount=\count84
) ("C:\Program Files (x86)\MiKTeX 2.9\tex\generic\oberdiek\ifpdf.sty"
Package: ifpdf 2011/01/30 v2.3 Provides the ifpdf switch (HO)
Package ifpdf Info: pdfTeX in PDF mode is detected.
)
\headheight=\dimen102
\headdp=\dimen103
\footheight=\dimen104
\sidebarheight=\dimen105
\beamer@tempdim=\dimen106
\beamer@finalheight=\dimen107
\beamer@animht=\dimen108
\beamer@animdp=\dimen109
\beamer@animwd=\dimen110
\beamer@leftmargin=\dimen111
\beamer@rightmargin=\dimen112
\beamer@leftsidebar=\dimen113
\beamer@rightsidebar=\dimen114
\beamer@boxsize=\dimen115
\beamer@vboxoffset=\dimen116
\beamer@descdefault=\dimen117
\beamer@descriptionwidth=\dimen118
\beamer@lastskip=\skip41
\beamer@areabox=\box28
\beamer@animcurrent=\box29
\beamer@animshowbox=\box30
\beamer@sectionbox=\box31
\beamer@logobox=\box32
\beamer@linebox=\box33
\beamer@sectioncount=\count85
\beamer@subsubsectionmax=\count86
\beamer@subsectionmax=\count87
\beamer@sectionmax=\count88
\beamer@totalheads=\count89
\beamer@headcounter=\count90
\beamer@partstartpage=\count91
\beamer@sectionstartpage=\count92
\beamer@subsectionstartpage=\count93
\beamer@animationtempa=\count94
\beamer@animationtempb=\count95
\beamer@xpos=\count96
\beamer@ypos=\count97
\beamer@showpartnumber=\count98
\beamer@currentsubsection=\count99
\beamer@coveringdepth=\count100
\beamer@sectionadjust=\count101
\beamer@tocsectionnumber=\count102

(C:\Users\Chantel.Wetzel\AppData\Roaming\MiKTeX\2.9\tex\latex\beamer\beamerbase
options.sty ("C:\Program Files (x86)\MiKTeX 2.9\tex\latex\graphics\keyval.sty"
Package: keyval 2014/10/28 v1.15 key=value parser (DPC)
\KV@toks@=\toks14
))
\beamer@paperwidth=\skip42
\beamer@paperheight=\skip43
 ("C:\Program Files (x86)\MiKTeX 2.9\tex\latex\geometry\geometry.sty"
Package: geometry 2010/09/12 v5.6 Page Geometry

("C:\Program Files (x86)\MiKTeX 2.9\tex\generic\oberdiek\ifvtex.sty"
Package: ifvtex 2010/03/01 v1.5 Detect VTeX and its facilities (HO)
Package ifvtex Info: VTeX not detected.
)
("C:\Program Files (x86)\MiKTeX 2.9\tex\generic\ifxetex\ifxetex.sty"
Package: ifxetex 2010/09/12 v0.6 Provides ifxetex conditional
)
\Gm@cnth=\count103
\Gm@cntv=\count104
\c@Gm@tempcnt=\count105
\Gm@bindingoffset=\dimen119
\Gm@wd@mp=\dimen120
\Gm@odd@mp=\dimen121
\Gm@even@mp=\dimen122
\Gm@layoutwidth=\dimen123
\Gm@layoutheight=\dimen124
\Gm@layouthoffset=\dimen125
\Gm@layoutvoffset=\dimen126
\Gm@dimlist=\toks15

("C:\Program Files (x86)\MiKTeX 2.9\tex\latex\geometry\geometry.cfg"))
("C:\Program Files (x86)\MiKTeX 2.9\tex\latex\base\size11.clo"
File: size11.clo 2014/09/29 v1.4h Standard LaTeX file (size option)
)
(C:\Users\Chantel.Wetzel\AppData\Roaming\MiKTeX\2.9\tex\latex\pgf\basiclayer\pg
fcore.sty ("C:\Program Files (x86)\MiKTeX 2.9\tex\latex\graphics\graphicx.sty"
Package: graphicx 2014/10/28 v1.0g Enhanced LaTeX Graphics (DPC,SPQR)

("C:\Program Files (x86)\MiKTeX 2.9\tex\latex\graphics\graphics.sty"
Package: graphics 2014/10/28 v1.0p Standard LaTeX Graphics (DPC,SPQR)

("C:\Program Files (x86)\MiKTeX 2.9\tex\latex\graphics\trig.sty"
Package: trig 1999/03/16 v1.09 sin cos tan (DPC)
)
("C:\Program Files (x86)\MiKTeX 2.9\tex\latex\00miktex\graphics.cfg"
File: graphics.cfg 2007/01/18 v1.5 graphics configuration of teTeX/TeXLive
)
Package graphics Info: Driver file: pdftex.def on input line 94.

("C:\Program Files (x86)\MiKTeX 2.9\tex\latex\pdftex-def\pdftex.def"
File: pdftex.def 2011/05/27 v0.06d Graphics/color for pdfTeX

("C:\Program Files (x86)\MiKTeX 2.9\tex\generic\oberdiek\infwarerr.sty"
Package: infwarerr 2010/04/08 v1.3 Providing info/warning/error messages (HO)
)
("C:\Program Files (x86)\MiKTeX 2.9\tex\generic\oberdiek\ltxcmds.sty"
Package: ltxcmds 2011/11/09 v1.22 LaTeX kernel commands for general use (HO)
)
\Gread@gobject=\count106
))
\Gin@req@height=\dimen127
\Gin@req@width=\dimen128
)
(C:\Users\Chantel.Wetzel\AppData\Roaming\MiKTeX\2.9\tex\latex\pgf\systemlayer\p
gfsys.sty
(C:\Users\Chantel.Wetzel\AppData\Roaming\MiKTeX\2.9\tex\latex\pgf\utilities\pgf
rcs.sty
(C:\Users\Chantel.Wetzel\AppData\Roaming\MiKTeX\2.9\tex\generic\pgf\utilities\p
gfutil-common.tex
\pgfutil@everybye=\toks16
\pgfutil@tempdima=\dimen129
\pgfutil@tempdimb=\dimen130

(C:\Users\Chantel.Wetzel\AppData\Roaming\MiKTeX\2.9\tex\generic\pgf\utilities\p
gfutil-common-lists.tex))
(C:\Users\Chantel.Wetzel\AppData\Roaming\MiKTeX\2.9\tex\generic\pgf\utilities\p
gfutil-latex.def
\pgfutil@abb=\box34

(C:\Users\Chantel.Wetzel\AppData\Roaming\MiKTeX\2.9\tex\latex\ms\everyshi.sty
Package: everyshi 2001/05/15 v3.00 EveryShipout Package (MS)
))
(C:\Users\Chantel.Wetzel\AppData\Roaming\MiKTeX\2.9\tex\generic\pgf\utilities\p
gfrcs.code.tex
Package: pgfrcs 2015/08/07 v3.0.1a (rcs-revision 1.31)
))
(C:\Users\Chantel.Wetzel\AppData\Roaming\MiKTeX\2.9\tex\generic\pgf\systemlayer
\pgfsys.code.tex
Package: pgfsys 2014/07/09 v3.0.1a (rcs-revision 1.48)

(C:\Users\Chantel.Wetzel\AppData\Roaming\MiKTeX\2.9\tex\generic\pgf\utilities\p
gfkeys.code.tex
\pgfkeys@pathtoks=\toks17
\pgfkeys@temptoks=\toks18

(C:\Users\Chantel.Wetzel\AppData\Roaming\MiKTeX\2.9\tex\generic\pgf\utilities\p
gfkeysfiltered.code.tex
\pgfkeys@tmptoks=\toks19
))
\pgf@x=\dimen131
\pgf@y=\dimen132
\pgf@xa=\dimen133
\pgf@ya=\dimen134
\pgf@xb=\dimen135
\pgf@yb=\dimen136
\pgf@xc=\dimen137
\pgf@yc=\dimen138
\w@pgf@writea=\write3
\r@pgf@reada=\read1
\c@pgf@counta=\count107
\c@pgf@countb=\count108
\c@pgf@countc=\count109
\c@pgf@countd=\count110
\t@pgf@toka=\toks20
\t@pgf@tokb=\toks21
\t@pgf@tokc=\toks22

(C:\Users\Chantel.Wetzel\AppData\Roaming\MiKTeX\2.9\tex\generic\pgf\systemlayer
\pgf.cfg
File: pgf.cfg 2008/05/14  (rcs-revision 1.7)
)
Driver file for pgf: pgfsys-pdftex.def

(C:\Users\Chantel.Wetzel\AppData\Roaming\MiKTeX\2.9\tex\generic\pgf\systemlayer
\pgfsys-pdftex.def
File: pgfsys-pdftex.def 2014/10/11  (rcs-revision 1.35)

(C:\Users\Chantel.Wetzel\AppData\Roaming\MiKTeX\2.9\tex\generic\pgf\systemlayer
\pgfsys-common-pdf.def
File: pgfsys-common-pdf.def 2013/10/10  (rcs-revision 1.13)
)))
(C:\Users\Chantel.Wetzel\AppData\Roaming\MiKTeX\2.9\tex\generic\pgf\systemlayer
\pgfsyssoftpath.code.tex
File: pgfsyssoftpath.code.tex 2013/09/09  (rcs-revision 1.9)
\pgfsyssoftpath@smallbuffer@items=\count111
\pgfsyssoftpath@bigbuffer@items=\count112
)
(C:\Users\Chantel.Wetzel\AppData\Roaming\MiKTeX\2.9\tex\generic\pgf\systemlayer
\pgfsysprotocol.code.tex
File: pgfsysprotocol.code.tex 2006/10/16  (rcs-revision 1.4)
))
(C:\Users\Chantel.Wetzel\AppData\Roaming\MiKTeX\2.9\tex\latex\xcolor\xcolor.sty
Package: xcolor 2016/05/11 v2.12 LaTeX color extensions (UK)
("C:\Program Files (x86)\MiKTeX 2.9\tex\latex\00miktex\color.cfg"
File: color.cfg 2007/01/18 v1.5 color configuration of teTeX/TeXLive
)
Package xcolor Info: Driver file: pdftex.def on input line 225.
Package xcolor Info: Model `cmy' substituted by `cmy0' on input line 1348.
Package xcolor Info: Model `hsb' substituted by `rgb' on input line 1352.
Package xcolor Info: Model `RGB' extended on input line 1364.
Package xcolor Info: Model `HTML' substituted by `rgb' on input line 1366.
Package xcolor Info: Model `Hsb' substituted by `hsb' on input line 1367.
Package xcolor Info: Model `tHsb' substituted by `hsb' on input line 1368.
Package xcolor Info: Model `HSB' substituted by `hsb' on input line 1369.
Package xcolor Info: Model `Gray' substituted by `gray' on input line 1370.
Package xcolor Info: Model `wave' substituted by `hsb' on input line 1371.
)
(C:\Users\Chantel.Wetzel\AppData\Roaming\MiKTeX\2.9\tex\generic\pgf\basiclayer\
pgfcore.code.tex
Package: pgfcore 2010/04/11 v3.0.1a (rcs-revision 1.7)

(C:\Users\Chantel.Wetzel\AppData\Roaming\MiKTeX\2.9\tex\generic\pgf\math\pgfmat
h.code.tex
(C:\Users\Chantel.Wetzel\AppData\Roaming\MiKTeX\2.9\tex\generic\pgf\math\pgfmat
hcalc.code.tex
(C:\Users\Chantel.Wetzel\AppData\Roaming\MiKTeX\2.9\tex\generic\pgf\math\pgfmat
hutil.code.tex)
(C:\Users\Chantel.Wetzel\AppData\Roaming\MiKTeX\2.9\tex\generic\pgf\math\pgfmat
hparser.code.tex
\pgfmath@dimen=\dimen139
\pgfmath@count=\count113
\pgfmath@box=\box35
\pgfmath@toks=\toks23
\pgfmath@stack@operand=\toks24
\pgfmath@stack@operation=\toks25
)
(C:\Users\Chantel.Wetzel\AppData\Roaming\MiKTeX\2.9\tex\generic\pgf\math\pgfmat
hfunctions.code.tex
(C:\Users\Chantel.Wetzel\AppData\Roaming\MiKTeX\2.9\tex\generic\pgf\math\pgfmat
hfunctions.basic.code.tex)
(C:\Users\Chantel.Wetzel\AppData\Roaming\MiKTeX\2.9\tex\generic\pgf\math\pgfmat
hfunctions.trigonometric.code.tex)
(C:\Users\Chantel.Wetzel\AppData\Roaming\MiKTeX\2.9\tex\generic\pgf\math\pgfmat
hfunctions.random.code.tex)
(C:\Users\Chantel.Wetzel\AppData\Roaming\MiKTeX\2.9\tex\generic\pgf\math\pgfmat
hfunctions.comparison.code.tex)
(C:\Users\Chantel.Wetzel\AppData\Roaming\MiKTeX\2.9\tex\generic\pgf\math\pgfmat
hfunctions.base.code.tex)
(C:\Users\Chantel.Wetzel\AppData\Roaming\MiKTeX\2.9\tex\generic\pgf\math\pgfmat
hfunctions.round.code.tex)
(C:\Users\Chantel.Wetzel\AppData\Roaming\MiKTeX\2.9\tex\generic\pgf\math\pgfmat
hfunctions.misc.code.tex)
(C:\Users\Chantel.Wetzel\AppData\Roaming\MiKTeX\2.9\tex\generic\pgf\math\pgfmat
hfunctions.integerarithmetics.code.tex)))
(C:\Users\Chantel.Wetzel\AppData\Roaming\MiKTeX\2.9\tex\generic\pgf\math\pgfmat
hfloat.code.tex
\c@pgfmathroundto@lastzeros=\count114
))
(C:\Users\Chantel.Wetzel\AppData\Roaming\MiKTeX\2.9\tex\generic\pgf\basiclayer\
pgfcorepoints.code.tex
File: pgfcorepoints.code.tex 2013/10/07  (rcs-revision 1.27)
\pgf@picminx=\dimen140
\pgf@picmaxx=\dimen141
\pgf@picminy=\dimen142
\pgf@picmaxy=\dimen143
\pgf@pathminx=\dimen144
\pgf@pathmaxx=\dimen145
\pgf@pathminy=\dimen146
\pgf@pathmaxy=\dimen147
\pgf@xx=\dimen148
\pgf@xy=\dimen149
\pgf@yx=\dimen150
\pgf@yy=\dimen151
\pgf@zx=\dimen152
\pgf@zy=\dimen153
)
(C:\Users\Chantel.Wetzel\AppData\Roaming\MiKTeX\2.9\tex\generic\pgf\basiclayer\
pgfcorepathconstruct.code.tex
File: pgfcorepathconstruct.code.tex 2013/10/07  (rcs-revision 1.29)
\pgf@path@lastx=\dimen154
\pgf@path@lasty=\dimen155
)
(C:\Users\Chantel.Wetzel\AppData\Roaming\MiKTeX\2.9\tex\generic\pgf\basiclayer\
pgfcorepathusage.code.tex
File: pgfcorepathusage.code.tex 2014/11/02  (rcs-revision 1.24)
\pgf@shorten@end@additional=\dimen156
\pgf@shorten@start@additional=\dimen157
)
(C:\Users\Chantel.Wetzel\AppData\Roaming\MiKTeX\2.9\tex\generic\pgf\basiclayer\
pgfcorescopes.code.tex
File: pgfcorescopes.code.tex 2015/05/08  (rcs-revision 1.46)
\pgfpic=\box36
\pgf@hbox=\box37
\pgf@layerbox@main=\box38
\pgf@picture@serial@count=\count115
)
(C:\Users\Chantel.Wetzel\AppData\Roaming\MiKTeX\2.9\tex\generic\pgf\basiclayer\
pgfcoregraphicstate.code.tex
File: pgfcoregraphicstate.code.tex 2014/11/02  (rcs-revision 1.12)
\pgflinewidth=\dimen158
)
(C:\Users\Chantel.Wetzel\AppData\Roaming\MiKTeX\2.9\tex\generic\pgf\basiclayer\
pgfcoretransformations.code.tex
File: pgfcoretransformations.code.tex 2015/08/07  (rcs-revision 1.20)
\pgf@pt@x=\dimen159
\pgf@pt@y=\dimen160
\pgf@pt@temp=\dimen161
)
(C:\Users\Chantel.Wetzel\AppData\Roaming\MiKTeX\2.9\tex\generic\pgf\basiclayer\
pgfcorequick.code.tex
File: pgfcorequick.code.tex 2008/10/09  (rcs-revision 1.3)
)
(C:\Users\Chantel.Wetzel\AppData\Roaming\MiKTeX\2.9\tex\generic\pgf\basiclayer\
pgfcoreobjects.code.tex
File: pgfcoreobjects.code.tex 2006/10/11  (rcs-revision 1.2)
)
(C:\Users\Chantel.Wetzel\AppData\Roaming\MiKTeX\2.9\tex\generic\pgf\basiclayer\
pgfcorepathprocessing.code.tex
File: pgfcorepathprocessing.code.tex 2013/09/09  (rcs-revision 1.9)
)
(C:\Users\Chantel.Wetzel\AppData\Roaming\MiKTeX\2.9\tex\generic\pgf\basiclayer\
pgfcorearrows.code.tex
File: pgfcorearrows.code.tex 2015/05/14  (rcs-revision 1.43)
\pgfarrowsep=\dimen162
)
(C:\Users\Chantel.Wetzel\AppData\Roaming\MiKTeX\2.9\tex\generic\pgf\basiclayer\
pgfcoreshade.code.tex
File: pgfcoreshade.code.tex 2013/07/15  (rcs-revision 1.15)
\pgf@max=\dimen163
\pgf@sys@shading@range@num=\count116
)
(C:\Users\Chantel.Wetzel\AppData\Roaming\MiKTeX\2.9\tex\generic\pgf\basiclayer\
pgfcoreimage.code.tex
File: pgfcoreimage.code.tex 2013/07/15  (rcs-revision 1.18)

(C:\Users\Chantel.Wetzel\AppData\Roaming\MiKTeX\2.9\tex\generic\pgf\basiclayer\
pgfcoreexternal.code.tex
File: pgfcoreexternal.code.tex 2014/07/09  (rcs-revision 1.21)
\pgfexternal@startupbox=\box39
))
(C:\Users\Chantel.Wetzel\AppData\Roaming\MiKTeX\2.9\tex\generic\pgf\basiclayer\
pgfcorelayers.code.tex
File: pgfcorelayers.code.tex 2013/07/18  (rcs-revision 1.7)
)
(C:\Users\Chantel.Wetzel\AppData\Roaming\MiKTeX\2.9\tex\generic\pgf\basiclayer\
pgfcoretransparency.code.tex
File: pgfcoretransparency.code.tex 2013/09/30  (rcs-revision 1.5)
)
(C:\Users\Chantel.Wetzel\AppData\Roaming\MiKTeX\2.9\tex\generic\pgf\basiclayer\
pgfcorepatterns.code.tex
File: pgfcorepatterns.code.tex 2013/11/07  (rcs-revision 1.5)
)))
(C:\Users\Chantel.Wetzel\AppData\Roaming\MiKTeX\2.9\tex\latex\pgf\utilities\xxc
olor.sty
Package: xxcolor 2003/10/24 ver 0.1
\XC@nummixins=\count117
\XC@countmixins=\count118
) ("C:\Program Files (x86)\MiKTeX 2.9\tex\generic\oberdiek\atbegshi.sty"
Package: atbegshi 2011/10/05 v1.16 At begin shipout hook (HO)
) ("C:\Program Files (x86)\MiKTeX 2.9\tex\latex\hyperref\hyperref.sty"
Package: hyperref 2012/11/06 v6.83m Hypertext links for LaTeX

("C:\Program Files (x86)\MiKTeX 2.9\tex\generic\oberdiek\hobsub-hyperref.sty"
Package: hobsub-hyperref 2012/04/25 v1.12 Bundle oberdiek, subset hyperref (HO)


("C:\Program Files (x86)\MiKTeX 2.9\tex\generic\oberdiek\hobsub-generic.sty"
Package: hobsub-generic 2012/04/25 v1.12 Bundle oberdiek, subset generic (HO)
Package: hobsub 2012/04/25 v1.12 Construct package bundles (HO)
Package hobsub Info: Skipping package `infwarerr' (already loaded).
Package hobsub Info: Skipping package `ltxcmds' (already loaded).
Package: ifluatex 2010/03/01 v1.3 Provides the ifluatex switch (HO)
Package ifluatex Info: LuaTeX not detected.
Package hobsub Info: Skipping package `ifvtex' (already loaded).
Package: intcalc 2007/09/27 v1.1 Expandable calculations with integers (HO)
Package hobsub Info: Skipping package `ifpdf' (already loaded).
Package: etexcmds 2011/02/16 v1.5 Avoid name clashes with e-TeX commands (HO)
Package etexcmds Info: Could not find \expanded.
(etexcmds)             That can mean that you are not using pdfTeX 1.50 or
(etexcmds)             that some package has redefined \expanded.
(etexcmds)             In the latter case, load this package earlier.
Package: kvsetkeys 2012/04/25 v1.16 Key value parser (HO)
Package: kvdefinekeys 2011/04/07 v1.3 Define keys (HO)
Package: pdftexcmds 2011/11/29 v0.20 Utility functions of pdfTeX for LuaTeX (HO
)
Package pdftexcmds Info: LuaTeX not detected.
Package pdftexcmds Info: \pdf@primitive is available.
Package pdftexcmds Info: \pdf@ifprimitive is available.
Package pdftexcmds Info: \pdfdraftmode found.
Package: pdfescape 2011/11/25 v1.13 Implements pdfTeX's escape features (HO)
Package: bigintcalc 2012/04/08 v1.3 Expandable calculations on big integers (HO
)
Package: bitset 2011/01/30 v1.1 Handle bit-vector datatype (HO)
Package: uniquecounter 2011/01/30 v1.2 Provide unlimited unique counter (HO)
)
Package hobsub Info: Skipping package `hobsub' (already loaded).
Package: letltxmacro 2010/09/02 v1.4 Let assignment for LaTeX macros (HO)
Package: hopatch 2011/06/24 v1.1 Wrapper for package hooks (HO)
Package: xcolor-patch 2011/01/30 xcolor patch
Package: atveryend 2011/06/30 v1.8 Hooks at the very end of document (HO)
Package hobsub Info: Skipping package `atbegshi' (already loaded).
Package: refcount 2011/10/16 v3.4 Data extraction from label references (HO)
Package: hycolor 2011/01/30 v1.7 Color options for hyperref/bookmark (HO)
)
("C:\Program Files (x86)\MiKTeX 2.9\tex\latex\oberdiek\auxhook.sty"
Package: auxhook 2011/03/04 v1.3 Hooks for auxiliary files (HO)
)
("C:\Program Files (x86)\MiKTeX 2.9\tex\latex\oberdiek\kvoptions.sty"
Package: kvoptions 2011/06/30 v3.11 Key value format for package options (HO)
)
\@linkdim=\dimen164
\Hy@linkcounter=\count119
\Hy@pagecounter=\count120

("C:\Program Files (x86)\MiKTeX 2.9\tex\latex\hyperref\pd1enc.def"
File: pd1enc.def 2012/11/06 v6.83m Hyperref: PDFDocEncoding definition (HO)
)
\Hy@SavedSpaceFactor=\count121

("C:\Program Files (x86)\MiKTeX 2.9\tex\latex\00miktex\hyperref.cfg"
File: hyperref.cfg 2002/06/06 v1.2 hyperref configuration of TeXLive
)
Package hyperref Info: Option `bookmarks' set `true' on input line 4319.
Package hyperref Info: Option `bookmarksopen' set `true' on input line 4319.
Package hyperref Info: Option `implicit' set `false' on input line 4319.
Package hyperref Info: Hyper figures OFF on input line 4443.
Package hyperref Info: Link nesting OFF on input line 4448.
Package hyperref Info: Hyper index ON on input line 4451.
Package hyperref Info: Plain pages OFF on input line 4458.
Package hyperref Info: Backreferencing OFF on input line 4463.
Package hyperref Info: Implicit mode OFF; no redefinition of LaTeX internals.
Package hyperref Info: Bookmarks ON on input line 4688.
\c@Hy@tempcnt=\count122

(C:\Users\Chantel.Wetzel\AppData\Roaming\MiKTeX\2.9\tex\latex\url\url.sty
\Urlmuskip=\muskip10
Package: url 2013/09/16  ver 3.4  Verb mode for urls, etc.
)
LaTeX Info: Redefining \url on input line 5041.
\XeTeXLinkMargin=\dimen165
\Fld@menulength=\count123
\Field@Width=\dimen166
\Fld@charsize=\dimen167
Package hyperref Info: Hyper figures OFF on input line 6295.
Package hyperref Info: Link nesting OFF on input line 6300.
Package hyperref Info: Hyper index ON on input line 6303.
Package hyperref Info: backreferencing OFF on input line 6310.
Package hyperref Info: Link coloring OFF on input line 6315.
Package hyperref Info: Link coloring with OCG OFF on input line 6320.
Package hyperref Info: PDF/A mode OFF on input line 6325.
LaTeX Info: Redefining \ref on input line 6365.
LaTeX Info: Redefining \pageref on input line 6369.
\Hy@abspage=\count124


Package hyperref Message: Stopped early.

)

Package hyperref Message: Driver (autodetected): hpdftex.

("C:\Program Files (x86)\MiKTeX 2.9\tex\latex\hyperref\hpdftex.def"
File: hpdftex.def 2012/11/06 v6.83m Hyperref driver for pdfTeX
\Fld@listcount=\count125
\c@bookmark@seq@number=\count126

("C:\Program Files (x86)\MiKTeX 2.9\tex\latex\oberdiek\rerunfilecheck.sty"
Package: rerunfilecheck 2011/04/15 v1.7 Rerun checks for auxiliary files (HO)
Package uniquecounter Info: New unique counter `rerunfilecheck' on input line 2
82.
))
(C:\Users\Chantel.Wetzel\AppData\Roaming\MiKTeX\2.9\tex\latex\beamer\beamerbase
requires.sty
(C:\Users\Chantel.Wetzel\AppData\Roaming\MiKTeX\2.9\tex\latex\beamer\beamerbase
compatibility.sty)
(C:\Users\Chantel.Wetzel\AppData\Roaming\MiKTeX\2.9\tex\latex\beamer\beamerbase
font.sty ("C:\Program Files (x86)\MiKTeX 2.9\tex\latex\amsfonts\amssymb.sty"
Package: amssymb 2013/01/14 v3.01 AMS font symbols

("C:\Program Files (x86)\MiKTeX 2.9\tex\latex\amsfonts\amsfonts.sty"
Package: amsfonts 2013/01/14 v3.01 Basic AMSFonts support
\@emptytoks=\toks26
\symAMSa=\mathgroup4
\symAMSb=\mathgroup5
LaTeX Font Info:    Overwriting math alphabet `\mathfrak' in version `bold'
(Font)                  U/euf/m/n --> U/euf/b/n on input line 106.
))
(C:\Users\Chantel.Wetzel\AppData\Roaming\MiKTeX\2.9\tex\latex\sansmathaccent\sa
nsmathaccent.sty
Package: sansmathaccent 2013/03/28

(C:\Users\Chantel.Wetzel\AppData\Roaming\MiKTeX\2.9\tex\latex\filehook\filehook
.sty
Package: filehook 2011/10/12 v0.5d Hooks for input files
)))
(C:\Users\Chantel.Wetzel\AppData\Roaming\MiKTeX\2.9\tex\latex\beamer\beamerbase
translator.sty
(C:\Users\Chantel.Wetzel\AppData\Roaming\MiKTeX\2.9\tex\latex\beamer\translator
\translator.sty
Package: translator 2010/06/12 ver 1.10

(C:\Users\Chantel.Wetzel\AppData\Roaming\MiKTeX\2.9\tex\latex\beamer\translator
\translator-language-mappings.tex)))
(C:\Users\Chantel.Wetzel\AppData\Roaming\MiKTeX\2.9\tex\latex\beamer\beamerbase
misc.sty)
(C:\Users\Chantel.Wetzel\AppData\Roaming\MiKTeX\2.9\tex\latex\beamer\beamerbase
twoscreens.sty)
(C:\Users\Chantel.Wetzel\AppData\Roaming\MiKTeX\2.9\tex\latex\beamer\beamerbase
overlay.sty
\beamer@argscount=\count127
\beamer@lastskipcover=\skip44
\beamer@trivlistdepth=\count128
)
(C:\Users\Chantel.Wetzel\AppData\Roaming\MiKTeX\2.9\tex\latex\beamer\beamerbase
title.sty)
(C:\Users\Chantel.Wetzel\AppData\Roaming\MiKTeX\2.9\tex\latex\beamer\beamerbase
section.sty
\c@lecture=\count129
\c@part=\count130
\c@section=\count131
\c@subsection=\count132
\c@subsubsection=\count133
)
(C:\Users\Chantel.Wetzel\AppData\Roaming\MiKTeX\2.9\tex\latex\beamer\beamerbase
frame.sty
\beamer@framebox=\box40
\beamer@frametitlebox=\box41
\beamer@zoombox=\box42
\beamer@zoomcount=\count134
\beamer@zoomframecount=\count135
\beamer@frametextheight=\dimen168
\c@subsectionslide=\count136
\beamer@frametopskip=\skip45
\beamer@framebottomskip=\skip46
\beamer@frametopskipautobreak=\skip47
\beamer@framebottomskipautobreak=\skip48
\beamer@envbody=\toks27
\framewidth=\dimen169
\c@framenumber=\count137
)
(C:\Users\Chantel.Wetzel\AppData\Roaming\MiKTeX\2.9\tex\latex\beamer\beamerbase
verbatim.sty
\beamer@verbatimfileout=\write4
)
(C:\Users\Chantel.Wetzel\AppData\Roaming\MiKTeX\2.9\tex\latex\beamer\beamerbase
framesize.sty
\beamer@splitbox=\box43
\beamer@autobreakcount=\count138
\beamer@autobreaklastheight=\dimen170
\beamer@frametitletoks=\toks28
\beamer@framesubtitletoks=\toks29
)
(C:\Users\Chantel.Wetzel\AppData\Roaming\MiKTeX\2.9\tex\latex\beamer\beamerbase
framecomponents.sty
\beamer@footins=\box44
)
(C:\Users\Chantel.Wetzel\AppData\Roaming\MiKTeX\2.9\tex\latex\beamer\beamerbase
color.sty)
(C:\Users\Chantel.Wetzel\AppData\Roaming\MiKTeX\2.9\tex\latex\beamer\beamerbase
notes.sty
\beamer@frameboxcopy=\box45
)
(C:\Users\Chantel.Wetzel\AppData\Roaming\MiKTeX\2.9\tex\latex\beamer\beamerbase
toc.sty)
(C:\Users\Chantel.Wetzel\AppData\Roaming\MiKTeX\2.9\tex\latex\beamer\beamerbase
templates.sty
\beamer@sbttoks=\toks30

(C:\Users\Chantel.Wetzel\AppData\Roaming\MiKTeX\2.9\tex\latex\beamer\beamerbase
auxtemplates.sty
(C:\Users\Chantel.Wetzel\AppData\Roaming\MiKTeX\2.9\tex\latex\beamer\beamerbase
boxes.sty
\bmb@box=\box46
\bmb@colorbox=\box47
\bmb@boxshadow=\box48
\bmb@boxshadowball=\box49
\bmb@boxshadowballlarge=\box50
\bmb@temp=\dimen171
\bmb@dima=\dimen172
\bmb@dimb=\dimen173
\bmb@prevheight=\dimen174
)
\beamer@blockheadheight=\dimen175
))
(C:\Users\Chantel.Wetzel\AppData\Roaming\MiKTeX\2.9\tex\latex\beamer\beamerbase
localstructure.sty
("C:\Program Files (x86)\MiKTeX 2.9\tex\latex\tools\enumerate.sty"
Package: enumerate 2015/07/23 v3.00 enumerate extensions (DPC)
\@enLab=\toks31
)
\c@figure=\count139
\c@table=\count140
\abovecaptionskip=\skip49
\belowcaptionskip=\skip50
)
(C:\Users\Chantel.Wetzel\AppData\Roaming\MiKTeX\2.9\tex\latex\beamer\beamerbase
navigation.sty
\beamer@section@min@dim=\dimen176
)
(C:\Users\Chantel.Wetzel\AppData\Roaming\MiKTeX\2.9\tex\latex\beamer\beamerbase
theorems.sty ("C:\Program Files (x86)\MiKTeX 2.9\tex\latex\amsmath\amsmath.sty"
Package: amsmath 2013/01/14 v2.14 AMS math features
\@mathmargin=\skip51
For additional information on amsmath, use the `?' option.
("C:\Program Files (x86)\MiKTeX 2.9\tex\latex\amsmath\amstext.sty"
Package: amstext 2000/06/29 v2.01

("C:\Program Files (x86)\MiKTeX 2.9\tex\latex\amsmath\amsgen.sty"
File: amsgen.sty 1999/11/30 v2.0
\@emptytoks=\toks32
\ex@=\dimen177
))
("C:\Program Files (x86)\MiKTeX 2.9\tex\latex\amsmath\amsbsy.sty"
Package: amsbsy 1999/11/29 v1.2d
\pmbraise@=\dimen178
)
("C:\Program Files (x86)\MiKTeX 2.9\tex\latex\amsmath\amsopn.sty"
Package: amsopn 1999/12/14 v2.01 operator names
)
\inf@bad=\count141
LaTeX Info: Redefining \frac on input line 210.
\uproot@=\count142
\leftroot@=\count143
LaTeX Info: Redefining \overline on input line 306.
\classnum@=\count144
\DOTSCASE@=\count145
LaTeX Info: Redefining \ldots on input line 378.
LaTeX Info: Redefining \dots on input line 381.
LaTeX Info: Redefining \cdots on input line 466.
\Mathstrutbox@=\box51
\strutbox@=\box52
\big@size=\dimen179
LaTeX Font Info:    Redeclaring font encoding OML on input line 566.
LaTeX Font Info:    Redeclaring font encoding OMS on input line 567.
\macc@depth=\count146
\c@MaxMatrixCols=\count147
\dotsspace@=\muskip11
\c@parentequation=\count148
\dspbrk@lvl=\count149
\tag@help=\toks33
\row@=\count150
\column@=\count151
\maxfields@=\count152
\andhelp@=\toks34
\eqnshift@=\dimen180
\alignsep@=\dimen181
\tagshift@=\dimen182
\tagwidth@=\dimen183
\totwidth@=\dimen184
\lineht@=\dimen185
\@envbody=\toks35
\multlinegap=\skip52
\multlinetaggap=\skip53
\mathdisplay@stack=\toks36
LaTeX Info: Redefining \[ on input line 2665.
LaTeX Info: Redefining \] on input line 2666.
)
("C:\Program Files (x86)\MiKTeX 2.9\tex\latex\amscls\amsthm.sty"
Package: amsthm 2015/03/04 v2.20.2
\thm@style=\toks37
\thm@bodyfont=\toks38
\thm@headfont=\toks39
\thm@notefont=\toks40
\thm@headpunct=\toks41
\thm@preskip=\skip54
\thm@postskip=\skip55
\thm@headsep=\skip56
\dth@everypar=\toks42
)
\c@theorem=\count153
)
(C:\Users\Chantel.Wetzel\AppData\Roaming\MiKTeX\2.9\tex\latex\beamer\beamerbase
themes.sty))
(C:\Users\Chantel.Wetzel\AppData\Roaming\MiKTeX\2.9\tex\latex\beamer\themes\the
me\beamerthemedefault.sty
(C:\Users\Chantel.Wetzel\AppData\Roaming\MiKTeX\2.9\tex\latex\beamer\themes\fon
t\beamerfontthemedefault.sty)
(C:\Users\Chantel.Wetzel\AppData\Roaming\MiKTeX\2.9\tex\latex\beamer\themes\col
or\beamercolorthemedefault.sty)
(C:\Users\Chantel.Wetzel\AppData\Roaming\MiKTeX\2.9\tex\latex\beamer\themes\inn
er\beamerinnerthemedefault.sty
\beamer@dima=\dimen186
\beamer@dimb=\dimen187
)
(C:\Users\Chantel.Wetzel\AppData\Roaming\MiKTeX\2.9\tex\latex\beamer\themes\out
er\beamerouterthemedefault.sty)))
(C:\Users\Chantel.Wetzel\AppData\Roaming\MiKTeX\2.9\tex\latex\framed\framed.sty
Package: framed 2011/10/22 v 0.96: framed or shaded text with page breaks
\OuterFrameSep=\skip57
\fb@frw=\dimen188
\fb@frh=\dimen189
\FrameRule=\dimen190
\FrameSep=\dimen191
) ("C:\Program Files (x86)\MiKTeX 2.9\tex\latex\base\alltt.sty"
Package: alltt 1997/06/16 v2.0g defines alltt environment
)
(C:\Users\Chantel.Wetzel\AppData\Roaming\MiKTeX\2.9\tex\latex\beamer\themes\the
me\beamerthemeSingapore.sty
(C:\Users\Chantel.Wetzel\AppData\Roaming\MiKTeX\2.9\tex\latex\beamer\themes\out
er\beamerouterthememiniframes.sty))
(C:\Users\Chantel.Wetzel\AppData\Roaming\MiKTeX\2.9\tex\latex\pgf\basiclayer\pg
f.sty
Package: pgf 2015/08/07 v3.0.1a (rcs-revision 1.15)

(C:\Users\Chantel.Wetzel\AppData\Roaming\MiKTeX\2.9\tex\generic\pgf\modules\pgf
moduleshapes.code.tex
File: pgfmoduleshapes.code.tex 2014/03/21  (rcs-revision 1.35)
\pgfnodeparttextbox=\box53
)
(C:\Users\Chantel.Wetzel\AppData\Roaming\MiKTeX\2.9\tex\generic\pgf\modules\pgf
moduleplot.code.tex
File: pgfmoduleplot.code.tex 2015/08/03  (rcs-revision 1.13)
)
(C:\Users\Chantel.Wetzel\AppData\Roaming\MiKTeX\2.9\tex\latex\pgf\compatibility
\pgfcomp-version-0-65.sty
Package: pgfcomp-version-0-65 2007/07/03 v3.0.1a (rcs-revision 1.7)
\pgf@nodesepstart=\dimen192
\pgf@nodesepend=\dimen193
)
(C:\Users\Chantel.Wetzel\AppData\Roaming\MiKTeX\2.9\tex\latex\pgf\compatibility
\pgfcomp-version-1-18.sty
Package: pgfcomp-version-1-18 2007/07/23 v3.0.1a (rcs-revision 1.1)
))
("C:\Program Files (x86)\MiKTeX 2.9\tex\latex\tools\array.sty"
Package: array 2014/10/28 v2.4c Tabular extension package (FMi)
\col@sep=\dimen194
\extrarowheight=\dimen195
\NC@list=\toks43
\extratabsurround=\skip58
\backup@length=\skip59
)
("C:\Program Files (x86)\MiKTeX 2.9\tex\latex\tools\tabularx.sty"
Package: tabularx 2014/10/28 v2.10 `tabularx' package (DPC)
\TX@col@width=\dimen196
\TX@old@table=\dimen197
\TX@old@col=\dimen198
\TX@target=\dimen199
\TX@delta=\dimen256
\TX@cols=\count154
\TX@ftn=\toks44
)
(C:\Users\Chantel.Wetzel\AppData\Roaming\MiKTeX\2.9\tex\latex\booktabs\booktabs
.sty
Package: booktabs 2005/04/14 v1.61803 publication quality tables
\heavyrulewidth=\dimen257
\lightrulewidth=\dimen258
\cmidrulewidth=\dimen259
\belowrulesep=\dimen260
\belowbottomsep=\dimen261
\aboverulesep=\dimen262
\abovetopsep=\dimen263
\cmidrulesep=\dimen264
\cmidrulekern=\dimen265
\defaultaddspace=\dimen266
\@cmidla=\count155
\@cmidlb=\count156
\@aboverulesep=\dimen267
\@belowrulesep=\dimen268
\@thisruleclass=\count157
\@lastruleclass=\count158
\@thisrulewidth=\dimen269
) ("C:\Program Files (x86)\MiKTeX 2.9\tex\latex\multirow\multirow.sty"
\bigstrutjot=\dimen270
)
("C:\Program Files (x86)\MiKTeX 2.9\tex\latex\tools\multicol.sty"
Package: multicol 2015/08/19 v1.8n multicolumn formatting (FMi)
\c@tracingmulticols=\count159
\mult@box=\box54
\multicol@leftmargin=\dimen271
\c@unbalance=\count160
\c@collectmore=\count161
\doublecol@number=\count162
\multicoltolerance=\count163
\multicolpretolerance=\count164
\full@width=\dimen272
\page@free=\dimen273
\premulticols=\dimen274
\postmulticols=\dimen275
\multicolsep=\skip60
\multicolbaselineskip=\skip61
\partial@page=\box55
\last@line=\box56
\maxbalancingoverflow=\dimen276
\mult@rightbox=\box57
\mult@grightbox=\box58
\mult@gfirstbox=\box59
\mult@firstbox=\box60
\@tempa=\box61
\@tempa=\box62
\@tempa=\box63
\@tempa=\box64
\@tempa=\box65
\@tempa=\box66
\@tempa=\box67
\@tempa=\box68
\@tempa=\box69
\@tempa=\box70
\@tempa=\box71
\@tempa=\box72
\@tempa=\box73
\@tempa=\box74
\@tempa=\box75
\@tempa=\box76
\@tempa=\box77
\c@columnbadness=\count165
\c@finalcolumnbadness=\count166
\last@try=\dimen277
\multicolovershoot=\dimen278
\multicolundershoot=\dimen279
\mult@nat@firstbox=\box78
\colbreak@box=\box79
\mc@col@check@num=\count167
)
("C:\Program Files (x86)\MiKTeX 2.9\tex\latex\base\fontenc.sty"
Package: fontenc 2005/09/27 v1.99g Standard LaTeX package

("C:\Program Files (x86)\MiKTeX 2.9\tex\latex\base\t1enc.def"
File: t1enc.def 2005/09/27 v1.99g Standard LaTeX file
LaTeX Font Info:    Redeclaring font encoding T1 on input line 48.
))
(C:\Users\Chantel.Wetzel\AppData\Roaming\MiKTeX\2.9\tex\latex\pgf\frontendlayer
\tikz.sty
(C:\Users\Chantel.Wetzel\AppData\Roaming\MiKTeX\2.9\tex\latex\pgf\utilities\pgf
for.sty
(C:\Users\Chantel.Wetzel\AppData\Roaming\MiKTeX\2.9\tex\latex\pgf\utilities\pgf
keys.sty
(C:\Users\Chantel.Wetzel\AppData\Roaming\MiKTeX\2.9\tex\generic\pgf\utilities\p
gfkeys.code.tex))
(C:\Users\Chantel.Wetzel\AppData\Roaming\MiKTeX\2.9\tex\latex\pgf\math\pgfmath.
sty
(C:\Users\Chantel.Wetzel\AppData\Roaming\MiKTeX\2.9\tex\generic\pgf\math\pgfmat
h.code.tex))
(C:\Users\Chantel.Wetzel\AppData\Roaming\MiKTeX\2.9\tex\generic\pgf\utilities\p
gffor.code.tex
Package: pgffor 2013/12/13 v3.0.1a (rcs-revision 1.25)

(C:\Users\Chantel.Wetzel\AppData\Roaming\MiKTeX\2.9\tex\generic\pgf\math\pgfmat
h.code.tex)
\pgffor@iter=\dimen280
\pgffor@skip=\dimen281
\pgffor@stack=\toks45
\pgffor@toks=\toks46
))
(C:\Users\Chantel.Wetzel\AppData\Roaming\MiKTeX\2.9\tex\generic\pgf\frontendlay
er\tikz\tikz.code.tex
Package: tikz 2015/08/07 v3.0.1a (rcs-revision 1.151)

(C:\Users\Chantel.Wetzel\AppData\Roaming\MiKTeX\2.9\tex\generic\pgf\libraries\p
gflibraryplothandlers.code.tex
File: pgflibraryplothandlers.code.tex 2013/08/31 v3.0.1a (rcs-revision 1.20)
\pgf@plot@mark@count=\count168
\pgfplotmarksize=\dimen282
)
\tikz@lastx=\dimen283
\tikz@lasty=\dimen284
\tikz@lastxsaved=\dimen285
\tikz@lastysaved=\dimen286
\tikzleveldistance=\dimen287
\tikzsiblingdistance=\dimen288
\tikz@figbox=\box80
\tikz@figbox@bg=\box81
\tikz@tempbox=\box82
\tikz@tempbox@bg=\box83
\tikztreelevel=\count169
\tikznumberofchildren=\count170
\tikznumberofcurrentchild=\count171
\tikz@fig@count=\count172

(C:\Users\Chantel.Wetzel\AppData\Roaming\MiKTeX\2.9\tex\generic\pgf\modules\pgf
modulematrix.code.tex
File: pgfmodulematrix.code.tex 2013/09/17  (rcs-revision 1.8)
\pgfmatrixcurrentrow=\count173
\pgfmatrixcurrentcolumn=\count174
\pgf@matrix@numberofcolumns=\count175
)
\tikz@expandcount=\count176

(C:\Users\Chantel.Wetzel\AppData\Roaming\MiKTeX\2.9\tex\generic\pgf\frontendlay
er\tikz\libraries\tikzlibrarytopaths.code.tex
File: tikzlibrarytopaths.code.tex 2008/06/17 v3.0.1a (rcs-revision 1.2)
)))
\c@saveenumi=\count177


Package hyperref Warning: Token not allowed in a PDF string (PDFDocEncoding):
(hyperref)                removing `math shift' on input line 130.


Package hyperref Warning: Token not allowed in a PDF string (PDFDocEncoding):
(hyperref)                removing `superscript' on input line 130.


Package hyperref Warning: Token not allowed in a PDF string (PDFDocEncoding):
(hyperref)                removing `math shift' on input line 130.


Package hyperref Warning: Token not allowed in a PDF string (PDFDocEncoding):
(hyperref)                removing `\\' on input line 130.


Package hyperref Warning: Token not allowed in a PDF string (PDFDocEncoding):
(hyperref)                removing `math shift' on input line 130.


Package hyperref Warning: Token not allowed in a PDF string (PDFDocEncoding):
(hyperref)                removing `superscript' on input line 130.


Package hyperref Warning: Token not allowed in a PDF string (PDFDocEncoding):
(hyperref)                removing `math shift' on input line 130.


(C:\Users\Chantel.Wetzel\AppData\Roaming\MiKTeX\2.9\tex\latex\upquote\upquote.s
ty
Package: upquote 2012/04/19 v1.3 upright-quote and grave-accent glyphs in verba
tim
 ("C:\Program Files (x86)\MiKTeX 2.9\tex\latex\base\textcomp.sty"
Package: textcomp 2005/09/27 v1.99g Standard LaTeX package
Package textcomp Info: Sub-encoding information:
(textcomp)               5 = only ISO-Adobe without \textcurrency
(textcomp)               4 = 5 + \texteuro
(textcomp)               3 = 4 + \textohm
(textcomp)               2 = 3 + \textestimated + \textcurrency
(textcomp)               1 = TS1 - \textcircled - \t
(textcomp)               0 = TS1 (full)
(textcomp)             Font families with sub-encoding setting implement
(textcomp)             only a restricted character set as indicated.
(textcomp)             Family '?' is the default used for unknown fonts.
(textcomp)             See the documentation for details.
Package textcomp Info: Setting ? sub-encoding to TS1/1 on input line 79.

("C:\Program Files (x86)\MiKTeX 2.9\tex\latex\base\ts1enc.def"
File: ts1enc.def 2001/06/05 v3.0e (jk/car/fm) Standard LaTeX file
)
LaTeX Info: Redefining \oldstylenums on input line 334.
Package textcomp Info: Setting cmr sub-encoding to TS1/0 on input line 349.
Package textcomp Info: Setting cmss sub-encoding to TS1/0 on input line 350.
Package textcomp Info: Setting cmtt sub-encoding to TS1/0 on input line 351.
Package textcomp Info: Setting cmvtt sub-encoding to TS1/0 on input line 352.
Package textcomp Info: Setting cmbr sub-encoding to TS1/0 on input line 353.
Package textcomp Info: Setting cmtl sub-encoding to TS1/0 on input line 354.
Package textcomp Info: Setting ccr sub-encoding to TS1/0 on input line 355.
Package textcomp Info: Setting ptm sub-encoding to TS1/4 on input line 356.
Package textcomp Info: Setting pcr sub-encoding to TS1/4 on input line 357.
Package textcomp Info: Setting phv sub-encoding to TS1/4 on input line 358.
Package textcomp Info: Setting ppl sub-encoding to TS1/3 on input line 359.
Package textcomp Info: Setting pag sub-encoding to TS1/4 on input line 360.
Package textcomp Info: Setting pbk sub-encoding to TS1/4 on input line 361.
Package textcomp Info: Setting pnc sub-encoding to TS1/4 on input line 362.
Package textcomp Info: Setting pzc sub-encoding to TS1/4 on input line 363.
Package textcomp Info: Setting bch sub-encoding to TS1/4 on input line 364.
Package textcomp Info: Setting put sub-encoding to TS1/5 on input line 365.
Package textcomp Info: Setting uag sub-encoding to TS1/5 on input line 366.
Package textcomp Info: Setting ugq sub-encoding to TS1/5 on input line 367.
Package textcomp Info: Setting ul8 sub-encoding to TS1/4 on input line 368.
Package textcomp Info: Setting ul9 sub-encoding to TS1/4 on input line 369.
Package textcomp Info: Setting augie sub-encoding to TS1/5 on input line 370.
Package textcomp Info: Setting dayrom sub-encoding to TS1/3 on input line 371.
Package textcomp Info: Setting dayroms sub-encoding to TS1/3 on input line 372.

Package textcomp Info: Setting pxr sub-encoding to TS1/0 on input line 373.
Package textcomp Info: Setting pxss sub-encoding to TS1/0 on input line 374.
Package textcomp Info: Setting pxtt sub-encoding to TS1/0 on input line 375.
Package textcomp Info: Setting txr sub-encoding to TS1/0 on input line 376.
Package textcomp Info: Setting txss sub-encoding to TS1/0 on input line 377.
Package textcomp Info: Setting txtt sub-encoding to TS1/0 on input line 378.
Package textcomp Info: Setting lmr sub-encoding to TS1/0 on input line 379.
Package textcomp Info: Setting lmdh sub-encoding to TS1/0 on input line 380.
Package textcomp Info: Setting lmss sub-encoding to TS1/0 on input line 381.
Package textcomp Info: Setting lmssq sub-encoding to TS1/0 on input line 382.
Package textcomp Info: Setting lmvtt sub-encoding to TS1/0 on input line 383.
Package textcomp Info: Setting lmtt sub-encoding to TS1/0 on input line 384.
Package textcomp Info: Setting qhv sub-encoding to TS1/0 on input line 385.
Package textcomp Info: Setting qag sub-encoding to TS1/0 on input line 386.
Package textcomp Info: Setting qbk sub-encoding to TS1/0 on input line 387.
Package textcomp Info: Setting qcr sub-encoding to TS1/0 on input line 388.
Package textcomp Info: Setting qcs sub-encoding to TS1/0 on input line 389.
Package textcomp Info: Setting qpl sub-encoding to TS1/0 on input line 390.
Package textcomp Info: Setting qtm sub-encoding to TS1/0 on input line 391.
Package textcomp Info: Setting qzc sub-encoding to TS1/0 on input line 392.
Package textcomp Info: Setting qhvc sub-encoding to TS1/0 on input line 393.
Package textcomp Info: Setting futs sub-encoding to TS1/4 on input line 394.
Package textcomp Info: Setting futx sub-encoding to TS1/4 on input line 395.
Package textcomp Info: Setting futj sub-encoding to TS1/4 on input line 396.
Package textcomp Info: Setting hlh sub-encoding to TS1/3 on input line 397.
Package textcomp Info: Setting hls sub-encoding to TS1/3 on input line 398.
Package textcomp Info: Setting hlst sub-encoding to TS1/3 on input line 399.
Package textcomp Info: Setting hlct sub-encoding to TS1/5 on input line 400.
Package textcomp Info: Setting hlx sub-encoding to TS1/5 on input line 401.
Package textcomp Info: Setting hlce sub-encoding to TS1/5 on input line 402.
Package textcomp Info: Setting hlcn sub-encoding to TS1/5 on input line 403.
Package textcomp Info: Setting hlcw sub-encoding to TS1/5 on input line 404.
Package textcomp Info: Setting hlcf sub-encoding to TS1/5 on input line 405.
Package textcomp Info: Setting pplx sub-encoding to TS1/3 on input line 406.
Package textcomp Info: Setting pplj sub-encoding to TS1/3 on input line 407.
Package textcomp Info: Setting ptmx sub-encoding to TS1/4 on input line 408.
Package textcomp Info: Setting ptmj sub-encoding to TS1/4 on input line 409.
))
(POP_2017_STAR_Data_Presentation.aux)
\openout1 = `POP_2017_STAR_Data_Presentation.aux'.

LaTeX Font Info:    Checking defaults for OML/cmm/m/it on input line 138.
LaTeX Font Info:    ... okay on input line 138.
LaTeX Font Info:    Checking defaults for T1/cmr/m/n on input line 138.
LaTeX Font Info:    ... okay on input line 138.
LaTeX Font Info:    Checking defaults for OT1/cmr/m/n on input line 138.
LaTeX Font Info:    ... okay on input line 138.
LaTeX Font Info:    Checking defaults for OMS/cmsy/m/n on input line 138.
LaTeX Font Info:    ... okay on input line 138.
LaTeX Font Info:    Checking defaults for OMX/cmex/m/n on input line 138.
LaTeX Font Info:    ... okay on input line 138.
LaTeX Font Info:    Checking defaults for U/cmr/m/n on input line 138.
LaTeX Font Info:    ... okay on input line 138.
LaTeX Font Info:    Checking defaults for PD1/pdf/m/n on input line 138.
LaTeX Font Info:    ... okay on input line 138.
LaTeX Font Info:    Checking defaults for TS1/cmr/m/n on input line 138.
LaTeX Font Info:    Try loading font information for TS1+cmr on input line 138.


("C:\Program Files (x86)\MiKTeX 2.9\tex\latex\base\ts1cmr.fd"
File: ts1cmr.fd 2014/09/29 v2.5h Standard LaTeX font definitions
)
LaTeX Font Info:    ... okay on input line 138.

*geometry* driver: auto-detecting
*geometry* detected driver: pdftex
*geometry* verbose mode - [ preamble ] result:
* driver: pdftex
* paper: custom
* layout: <same size as paper>
* layoutoffset:(h,v)=(0.0pt,0.0pt)
* modes: includehead includefoot 
* h-part:(L,W,R)=(7.22743pt, 349.7405pt, 7.22743pt)
* v-part:(T,H,B)=(0.0pt, 273.14662pt, 0.0pt)
* \paperwidth=364.19536pt
* \paperheight=273.14662pt
* \textwidth=349.7405pt
* \textheight=244.6939pt
* \oddsidemargin=-65.04256pt
* \evensidemargin=-65.04256pt
* \topmargin=-72.26999pt
* \headheight=14.22636pt
* \headsep=0.0pt
* \topskip=11.0pt
* \footskip=14.22636pt
* \marginparwidth=4.0pt
* \marginparsep=10.0pt
* \columnsep=10.0pt
* \skip\footins=10.0pt plus 4.0pt minus 2.0pt
* \hoffset=0.0pt
* \voffset=0.0pt
* \mag=1000
* \@twocolumnfalse
* \@twosidefalse
* \@mparswitchfalse
* \@reversemarginfalse
* (1in=72.27pt=25.4mm, 1cm=28.453pt)


(C:\Users\Chantel.Wetzel\AppData\Roaming\MiKTeX\2.9\tex\context\base\supp-pdf.m
kii
[Loading MPS to PDF converter (version 2006.09.02).]
\scratchcounter=\count178
\scratchdimen=\dimen289
\scratchbox=\box84
\nofMPsegments=\count179
\nofMParguments=\count180
\everyMPshowfont=\toks47
\MPscratchCnt=\count181
\MPscratchDim=\dimen290
\MPnumerator=\count182
\makeMPintoPDFobject=\count183
\everyMPtoPDFconversion=\toks48
) ABD: EveryShipout initializing macros
\AtBeginShipoutBox=\box85
Package hyperref Info: Link coloring OFF on input line 138.

("C:\Program Files (x86)\MiKTeX 2.9\tex\latex\hyperref\nameref.sty"
Package: nameref 2012/10/27 v2.43 Cross-referencing by name of section

("C:\Program Files (x86)\MiKTeX 2.9\tex\generic\oberdiek\gettitlestring.sty"
Package: gettitlestring 2010/12/03 v1.4 Cleanup title references (HO)
)
\c@section@level=\count184
)
LaTeX Info: Redefining \ref on input line 138.
LaTeX Info: Redefining \pageref on input line 138.
LaTeX Info: Redefining \nameref on input line 138.

(POP_2017_STAR_Data_Presentation.out) (POP_2017_STAR_Data_Presentation.out)
\@outlinefile=\write5
\openout5 = `POP_2017_STAR_Data_Presentation.out'.

LaTeX Font Info:    Overwriting symbol font `operators' in version `normal'
(Font)                  OT1/cmr/m/n --> OT1/cmss/m/n on input line 138.
LaTeX Font Info:    Overwriting symbol font `operators' in version `bold'
(Font)                  OT1/cmr/bx/n --> OT1/cmss/bx/n on input line 138.
\symnumbers=\mathgroup6
\sympureletters=\mathgroup7
LaTeX Font Info:    Overwriting math alphabet `\mathrm' in version `normal'
(Font)                  OT1/cmss/m/n --> T1/cmr/m/n on input line 138.
LaTeX Font Info:    Redeclaring math alphabet \mathbf on input line 138.
LaTeX Font Info:    Overwriting math alphabet `\mathbf' in version `normal'
(Font)                  OT1/cmr/bx/n --> T1/cmss/bx/n on input line 138.
LaTeX Font Info:    Overwriting math alphabet `\mathbf' in version `bold'
(Font)                  OT1/cmr/bx/n --> T1/cmss/bx/n on input line 138.
LaTeX Font Info:    Redeclaring math alphabet \mathsf on input line 138.
LaTeX Font Info:    Overwriting math alphabet `\mathsf' in version `normal'
(Font)                  OT1/cmss/m/n --> T1/cmss/m/n on input line 138.
LaTeX Font Info:    Overwriting math alphabet `\mathsf' in version `bold'
(Font)                  OT1/cmss/bx/n --> T1/cmss/m/n on input line 138.
LaTeX Font Info:    Redeclaring math alphabet \mathit on input line 138.
LaTeX Font Info:    Overwriting math alphabet `\mathit' in version `normal'
(Font)                  OT1/cmr/m/it --> T1/cmss/m/it on input line 138.
LaTeX Font Info:    Overwriting math alphabet `\mathit' in version `bold'
(Font)                  OT1/cmr/bx/it --> T1/cmss/m/it on input line 138.
LaTeX Font Info:    Redeclaring math alphabet \mathtt on input line 138.
LaTeX Font Info:    Overwriting math alphabet `\mathtt' in version `normal'
(Font)                  OT1/cmtt/m/n --> T1/cmtt/m/n on input line 138.
LaTeX Font Info:    Overwriting math alphabet `\mathtt' in version `bold'
(Font)                  OT1/cmtt/m/n --> T1/cmtt/m/n on input line 138.
LaTeX Font Info:    Overwriting symbol font `numbers' in version `bold'
(Font)                  T1/cmss/m/n --> T1/cmss/bx/n on input line 138.
LaTeX Font Info:    Overwriting symbol font `pureletters' in version `bold'
(Font)                  T1/cmss/m/it --> T1/cmss/bx/it on input line 138.
LaTeX Font Info:    Overwriting math alphabet `\mathrm' in version `bold'
(Font)                  OT1/cmss/bx/n --> T1/cmr/bx/n on input line 138.
LaTeX Font Info:    Overwriting math alphabet `\mathbf' in version `bold'
(Font)                  T1/cmss/bx/n --> T1/cmss/bx/n on input line 138.
LaTeX Font Info:    Overwriting math alphabet `\mathsf' in version `bold'
(Font)                  T1/cmss/m/n --> T1/cmss/bx/n on input line 138.
LaTeX Font Info:    Overwriting math alphabet `\mathit' in version `bold'
(Font)                  T1/cmss/m/it --> T1/cmss/bx/it on input line 138.
LaTeX Font Info:    Overwriting math alphabet `\mathtt' in version `bold'
(Font)                  T1/cmtt/m/n --> T1/cmtt/bx/n on input line 138.
LaTeX Font Info:    Redeclaring symbol font `pureletters' on input line 138.
LaTeX Font Info:    Encoding `T1' has changed to `OT1' for symbol font
(Font)              `pureletters' in the math version `normal' on input line 13
8.
LaTeX Font Info:    Overwriting symbol font `pureletters' in version `normal'
(Font)                  T1/cmss/m/it --> OT1/mathkerncmss/m/sl on input line 13
8.
LaTeX Font Info:    Encoding `T1' has changed to `OT1' for symbol font
(Font)              `pureletters' in the math version `bold' on input line 138.

LaTeX Font Info:    Overwriting symbol font `pureletters' in version `bold'
(Font)                  T1/cmss/bx/it --> OT1/mathkerncmss/m/sl on input line 1
38.
LaTeX Font Info:    Overwriting symbol font `pureletters' in version `bold'
(Font)                  OT1/mathkerncmss/m/sl --> OT1/mathkerncmss/bx/sl on inp
ut line 138.

(C:\Users\Chantel.Wetzel\AppData\Roaming\MiKTeX\2.9\tex\latex\beamer\translator
\dicts\translator-basic-dictionary\translator-basic-dictionary-English.dict
Dictionary: translator-basic-dictionary, Language: English 
)
(C:\Users\Chantel.Wetzel\AppData\Roaming\MiKTeX\2.9\tex\latex\beamer\translator
\dicts\translator-bibliography-dictionary\translator-bibliography-dictionary-En
glish.dict
Dictionary: translator-bibliography-dictionary, Language: English 
)
(C:\Users\Chantel.Wetzel\AppData\Roaming\MiKTeX\2.9\tex\latex\beamer\translator
\dicts\translator-environment-dictionary\translator-environment-dictionary-Engl
ish.dict
Dictionary: translator-environment-dictionary, Language: English 
)
(C:\Users\Chantel.Wetzel\AppData\Roaming\MiKTeX\2.9\tex\latex\beamer\translator
\dicts\translator-months-dictionary\translator-months-dictionary-English.dict
Dictionary: translator-months-dictionary, Language: English 
)
(C:\Users\Chantel.Wetzel\AppData\Roaming\MiKTeX\2.9\tex\latex\beamer\translator
\dicts\translator-numbers-dictionary\translator-numbers-dictionary-English.dict
Dictionary: translator-numbers-dictionary, Language: English 
)
(C:\Users\Chantel.Wetzel\AppData\Roaming\MiKTeX\2.9\tex\latex\beamer\translator
\dicts\translator-theorem-dictionary\translator-theorem-dictionary-English.dict
Dictionary: translator-theorem-dictionary, Language: English 
)
LaTeX Info: Redefining \includegraphics on input line 138.
 (POP_2017_STAR_Data_Presentation.nav)
LaTeX Font Info:    Try loading font information for U+msa on input line 142.

("C:\Program Files (x86)\MiKTeX 2.9\tex\latex\amsfonts\umsa.fd"
File: umsa.fd 2013/01/14 v3.01 AMS symbols A
)
LaTeX Font Info:    Try loading font information for U+msb on input line 142.

("C:\Program Files (x86)\MiKTeX 2.9\tex\latex\amsfonts\umsb.fd"
File: umsb.fd 2013/01/14 v3.01 AMS symbols B
)
LaTeX Font Info:    Try loading font information for OT1+mathkerncmss on input 
line 142.

(C:\Users\Chantel.Wetzel\AppData\Roaming\MiKTeX\2.9\tex\latex\sansmathaccent\ot
1mathkerncmss.fd
File: ot1mathkerncmss.fd 2013/03/27 Fontinst v1.933 font definitions for OT1/ma
thkerncmss.
) <noaalogo.jpg, id=135, 290.58563pt x 280.79906pt>
File: noaalogo.jpg Graphic file (type jpg)

<use noaalogo.jpg>
Package pdftex.def Info: noaalogo.jpg used on input line 142.
(pdftex.def)             Requested size: 37.3917pt x 36.135pt.


LaTeX Font Warning: Font shape `T1/cmss/m/n' in size <4> not available
(Font)              size <5> substituted on input line 142.

[1{C:/Users/Chantel.Wetzel/AppData/Local/MiKTeX/2.9/pdftex/config/pdftex.map}

 <./noaalogo.jpg>] (POP_2017_STAR_Data_Presentation.toc)
File: noaalogo.jpg Graphic file (type jpg)
 <use noaalogo.jpg>
Package pdftex.def Info: noaalogo.jpg used on input line 146.
(pdftex.def)             Requested size: 37.3917pt x 36.135pt.

[2

] <figures/catches.png, id=335, 748.29562pt x 401.24907pt>
File: figures/catches.png Graphic file (type png)

<use figures/catches.png>
Package pdftex.def Info: figures/catches.png used on input line 153.
(pdftex.def)             Requested size: 299.31294pt x 160.49678pt.
File: noaalogo.jpg Graphic file (type jpg)
 <use noaalogo.jpg>
Package pdftex.def Info: noaalogo.jpg used on input line 153.
(pdftex.def)             Requested size: 37.3917pt x 36.135pt.
 [3

 <./figures/catches.png>]
Underfull \hbox (badness 10000) in paragraph at lines 178--178
[]|\T1/cmss/m/n/10.95 At-sea
 []


Overfull \hbox (1.23886pt too wide) in paragraph at lines 178--178
[]|\T1/cmss/m/n/10.95 Survey| 
 []


Underfull \hbox (badness 10000) in paragraph at lines 178--178
[]|\T1/cmss/m/n/10.95 Total
 []

File: noaalogo.jpg Graphic file (type jpg)
<use noaalogo.jpg>
Package pdftex.def Info: noaalogo.jpg used on input line 178.
(pdftex.def)             Requested size: 37.3917pt x 36.135pt.
 [4

]
<r4ss/ts7_Spawning_output_with_95_asymptotic_intervals_intervals.png, id=475, 4
69.755pt x 361.35pt>
File: r4ss/ts7_Spawning_output_with_95_asymptotic_intervals_intervals.png Graph
ic file (type png)

<use r4ss/ts7_Spawning_output_with_95_asymptotic_intervals_intervals.png>
Package pdftex.def Info: r4ss/ts7_Spawning_output_with_95_asymptotic_intervals_
intervals.png used on input line 186.
(pdftex.def)             Requested size: 234.87692pt x 156.48982pt.
File: noaalogo.jpg Graphic file (type jpg)

<use noaalogo.jpg>
Package pdftex.def Info: noaalogo.jpg used on input line 186.
(pdftex.def)             Requested size: 37.3917pt x 36.135pt.
 [5

 <./r4ss/ts7_Spawning_output_with_95_asymptotic_intervals_intervals.png>]
<r4ss/ts9_Spawning_depletion_with_95_asymptotic_intervals_intervals.png, id=548
, 469.755pt x 361.35pt>
File: r4ss/ts9_Spawning_depletion_with_95_asymptotic_intervals_intervals.png Gr
aphic file (type png)

<use r4ss/ts9_Spawning_depletion_with_95_asymptotic_intervals_intervals.png>
Package pdftex.def Info: r4ss/ts9_Spawning_depletion_with_95_asymptotic_interva
ls_intervals.png used on input line 199.
(pdftex.def)             Requested size: 234.87692pt x 156.48982pt.
File: noaalogo.jpg Graphic file (type jpg)

<use noaalogo.jpg>
Package pdftex.def Info: noaalogo.jpg used on input line 199.
(pdftex.def)             Requested size: 37.3917pt x 36.135pt.
 [6

 <./r4ss/ts9_Spawning_depletion_with_95_asymptotic_intervals_intervals.png>]
<r4ss/ts11_Age-0_recruits_(1000s)_with_95_asymptotic_intervals.png, id=621, 469
.755pt x 361.35pt>
File: r4ss/ts11_Age-0_recruits_(1000s)_with_95_asymptotic_intervals.png Graphic
 file (type png)

<use r4ss/ts11_Age-0_recruits_(1000s)_with_95_asymptotic_intervals.png>
Package pdftex.def Info: r4ss/ts11_Age-0_recruits_(1000s)_with_95_asymptotic_in
tervals.png used on input line 211.
(pdftex.def)             Requested size: 234.87692pt x 156.48982pt.
File: noaalogo.jpg Graphic file (type jpg)

<use noaalogo.jpg>
Package pdftex.def Info: noaalogo.jpg used on input line 211.
(pdftex.def)             Requested size: 37.3917pt x 36.135pt.
 [7

 <./r4ss/ts11_Age-0_recruits_(1000s)_with_95_asymptotic_intervals.png>] <r4ss/r
ecdevs2_withbars.png, id=695, 469.755pt x 361.35pt>
File: r4ss/recdevs2_withbars.png Graphic file (type png)

<use r4ss/recdevs2_withbars.png>
Package pdftex.def Info: r4ss/recdevs2_withbars.png used on input line 217.
(pdftex.def)             Requested size: 234.87692pt x 156.48982pt.
File: noaalogo.jpg Graphic file (type jpg)
 <use noaalogo.jpg>
Package pdftex.def Info: noaalogo.jpg used on input line 217.
(pdftex.def)             Requested size: 37.3917pt x 36.135pt.
 [8

 <./r4ss/recdevs2_withbars.png>] <figures/2011_2017_Bratio.png, id=768, 469.755
pt x 361.35pt>
File: figures/2011_2017_Bratio.png Graphic file (type png)

<use figures/2011_2017_Bratio.png>
Package pdftex.def Info: figures/2011_2017_Bratio.png used on input line 223.
(pdftex.def)             Requested size: 234.87692pt x 180.67456pt.
File: noaalogo.jpg Graphic file (type jpg)
 <use noaalogo.jpg>
Package pdftex.def Info: noaalogo.jpg used on input line 223.
(pdftex.def)             Requested size: 37.3917pt x 36.135pt.
 [9

 <./figures/2011_2017_Bratio.png>]
LaTeX Font Info:    Try loading font information for TS1+cmss on input line 244
.
 ("C:\Program Files (x86)\MiKTeX 2.9\tex\latex\base\ts1cmss.fd"
File: ts1cmss.fd 2014/09/29 v2.5h Standard LaTeX font definitions
)
File: noaalogo.jpg Graphic file (type jpg)

<use noaalogo.jpg>
Package pdftex.def Info: noaalogo.jpg used on input line 244.
(pdftex.def)             Requested size: 37.3917pt x 36.135pt.
 [10

]
<figures/Data_Bratio_uncertainty.png, id=909, 469.755pt x 361.35pt>
File: figures/Data_Bratio_uncertainty.png Graphic file (type png)

<use figures/Data_Bratio_uncertainty.png>
Package pdftex.def Info: figures/Data_Bratio_uncertainty.png used on input line
 253.
(pdftex.def)             Requested size: 197.29576pt x 151.76596pt.
File: noaalogo.jpg Graphic file (type jpg)
 <use noaalogo.jpg>
Package pdftex.def Info: noaalogo.jpg used on input line 253.
(pdftex.def)             Requested size: 37.3917pt x 36.135pt.
 [11

 <./figures/Data_Bratio_uncertainty.png>]
<figures/SSB_sensitivities_1.png, id=980, 626.34pt x 481.8pt>
File: figures/SSB_sensitivities_1.png Graphic file (type png)

<use figures/SSB_sensitivities_1.png>
Package pdftex.def Info: figures/SSB_sensitivities_1.png used on input line 260
.
(pdftex.def)             Requested size: 175.374pt x 134.90308pt.

<figures/Bratio_sensitivites_1.png, id=981, 626.34pt x 481.8pt>
File: figures/Bratio_sensitivites_1.png Graphic file (type png)

<use figures/Bratio_sensitivites_1.png>
Package pdftex.def Info: figures/Bratio_sensitivites_1.png used on input line 2
60.
(pdftex.def)             Requested size: 175.374pt x 134.90308pt.

Overfull \hbox (1.00749pt too wide) in paragraph at lines 260--260
[][][]  
 []

File: noaalogo.jpg Graphic file (type jpg)
<use noaalogo.jpg>
Package pdftex.def Info: noaalogo.jpg used on input line 260.
(pdftex.def)             Requested size: 37.3917pt x 36.135pt.
 [12

 <./figures/SSB_sensitivities_1.png> <./figures/Bratio_sensitivites_1.png>]
File: noaalogo.jpg Graphic file (type jpg)
 <use noaalogo.jpg>
Package pdftex.def Info: noaalogo.jpg used on input line 295.
(pdftex.def)             Requested size: 37.3917pt x 36.135pt.
 [13

] (POP_2017_STAR_Data_Presentation.toc)
File: noaalogo.jpg Graphic file (type jpg)
 <use noaalogo.jpg>
Package pdftex.def Info: noaalogo.jpg used on input line 300.
(pdftex.def)             Requested size: 37.3917pt x 36.135pt.
 [14

]
<C:/Users/Chantel.Wetzel/Documents/GitHub/POP_2017/Sebastes_alutus.png, id=1205
, 501.875pt x 250.9375pt>
File: C:/Users/Chantel.Wetzel/Documents/GitHub/POP_2017/Sebastes_alutus.png Gra
phic file (type png)

<use C:/Users/Chantel.Wetzel/Documents/GitHub/POP_2017/Sebastes_alutus.png>
Package pdftex.def Info: C:/Users/Chantel.Wetzel/Documents/GitHub/POP_2017/Seba
stes_alutus.png used on input line 322.
(pdftex.def)             Requested size: 125.46843pt x 62.7342pt.
File: noaalogo.jpg Graphic file (type jpg)

<use noaalogo.jpg>
Package pdftex.def Info: noaalogo.jpg used on input line 322.
(pdftex.def)             Requested size: 37.3917pt x 36.135pt.
 [15

 <C:/Users/Chantel.Wetzel/Documents/GitHub/POP_2017/Sebastes_alutus.png>]
<figures/Functional_Maturity.png, id=1276, 418.56375pt x 364.36125pt>
File: figures/Functional_Maturity.png Graphic file (type png)

<use figures/Functional_Maturity.png>
Package pdftex.def Info: figures/Functional_Maturity.png used on input line 343
.
(pdftex.def)             Requested size: 167.42252pt x 145.74191pt.

Overfull \hbox (10.04037pt too wide) in paragraph at lines 343--343
 [] 
 []

File: noaalogo.jpg Graphic file (type jpg)
<use noaalogo.jpg>
Package pdftex.def Info: noaalogo.jpg used on input line 343.
(pdftex.def)             Requested size: 37.3917pt x 36.135pt.
 [16

 <./figures/Functional_Maturity.png>]
<figures/Maturity_Comparison.png, id=1346, 722.7pt x 614.295pt>
File: figures/Maturity_Comparison.png Graphic file (type png)

<use figures/Maturity_Comparison.png>
Package pdftex.def Info: figures/Maturity_Comparison.png used on input line 350
.
(pdftex.def)             Requested size: 216.81166pt x 184.28992pt.
File: noaalogo.jpg Graphic file (type jpg)
 <use noaalogo.jpg>
Package pdftex.def Info: noaalogo.jpg used on input line 350.
(pdftex.def)             Requested size: 37.3917pt x 36.135pt.
 [17

 <./figures/Maturity_Comparison.png>]
<figures/Fecundity_Comparison.png, id=1417, 722.7pt x 614.295pt>
File: figures/Fecundity_Comparison.png Graphic file (type png)

<use figures/Fecundity_Comparison.png>
Package pdftex.def Info: figures/Fecundity_Comparison.png used on input line 35
8.
(pdftex.def)             Requested size: 208.27577pt x 175.75403pt.
File: noaalogo.jpg Graphic file (type jpg)
 <use noaalogo.jpg>
Package pdftex.def Info: noaalogo.jpg used on input line 358.
(pdftex.def)             Requested size: 37.3917pt x 36.135pt.
 [18

 <./figures/Fecundity_Comparison.png>]
<figures/weightAtLengthPred.png, id=1490, 469.755pt x 216.81pt>
File: figures/weightAtLengthPred.png Graphic file (type png)

<use figures/weightAtLengthPred.png>
Package pdftex.def Info: figures/weightAtLengthPred.png used on input line 365.

(pdftex.def)             Requested size: 352.31538pt x 162.60709pt.

Overfull \hbox (2.57489pt too wide) in paragraph at lines 365--365
 [] 
 []

File: noaalogo.jpg Graphic file (type jpg)
<use noaalogo.jpg>
Package pdftex.def Info: noaalogo.jpg used on input line 365.
(pdftex.def)             Requested size: 37.3917pt x 36.135pt.
 [19

 <./figures/weightAtLengthPred.png>]
<figures/LengthAgeAll_2.png, id=1562, 722.7pt x 433.62pt>
File: figures/LengthAgeAll_2.png Graphic file (type png)

<use figures/LengthAgeAll_2.png>
Package pdftex.def Info: figures/LengthAgeAll_2.png used on input line 371.
(pdftex.def)             Requested size: 325.21199pt x 195.1272pt.
File: noaalogo.jpg Graphic file (type jpg)
 <use noaalogo.jpg>
Package pdftex.def Info: noaalogo.jpg used on input line 371.
(pdftex.def)             Requested size: 37.3917pt x 36.135pt.
 [20

 <./figures/LengthAgeAll_2.png>] <figures/pop2017_agesbysource.png, id=1633, 48
1.8pt x 481.8pt>
File: figures/pop2017_agesbysource.png Graphic file (type png)

<use figures/pop2017_agesbysource.png>
Package pdftex.def Info: figures/pop2017_agesbysource.png used on input line 38
6.
(pdftex.def)             Requested size: 216.80798pt x 216.80798pt.
File: noaalogo.jpg Graphic file (type jpg)
 <use noaalogo.jpg>
Package pdftex.def Info: noaalogo.jpg used on input line 386.
(pdftex.def)             Requested size: 37.3917pt x 36.135pt.
 [21

 <./figures/pop2017_agesbysource.png>] <r4ss/data_plot.png, id=1704, 469.755pt 
x 361.35pt>
File: r4ss/data_plot.png Graphic file (type png)

<use r4ss/data_plot.png>
Package pdftex.def Info: r4ss/data_plot.png used on input line 400.
(pdftex.def)             Requested size: 281.85518pt x 216.81pt.
File: noaalogo.jpg Graphic file (type jpg)
 <use noaalogo.jpg>
Package pdftex.def Info: noaalogo.jpg used on input line 400.
(pdftex.def)             Requested size: 37.3917pt x 36.135pt.
 [22

 <./r4ss/data_plot.png>]
(POP_2017_STAR_Data_Presentation.toc)
File: noaalogo.jpg Graphic file (type jpg)
 <use noaalogo.jpg>
Package pdftex.def Info: noaalogo.jpg used on input line 404.
(pdftex.def)             Requested size: 37.3917pt x 36.135pt.
 [23

]
<figures/pop2017_2011vs2017catches_states.png, id=1852, 481.8pt x 481.8pt>
File: figures/pop2017_2011vs2017catches_states.png Graphic file (type png)

<use figures/pop2017_2011vs2017catches_states.png>
Package pdftex.def Info: figures/pop2017_2011vs2017catches_states.png used on i
nput line 411.
(pdftex.def)             Requested size: 216.80798pt x 216.80798pt.
File: noaalogo.jpg Graphic file (type jpg)
 <use noaalogo.jpg>
Package pdftex.def Info: noaalogo.jpg used on input line 411.
(pdftex.def)             Requested size: 37.3917pt x 36.135pt.
 [24

 <./figures/pop2017_2011vs2017catches_states.png>]
<figures/Catch_Comparison.png, id=1923, 722.7pt x 614.295pt>
File: figures/Catch_Comparison.png Graphic file (type png)

<use figures/Catch_Comparison.png>
Package pdftex.def Info: figures/Catch_Comparison.png used on input line 418.
(pdftex.def)             Requested size: 231.26872pt x 178.36827pt.
File: noaalogo.jpg Graphic file (type jpg)
 <use noaalogo.jpg>
Package pdftex.def Info: noaalogo.jpg used on input line 418.
(pdftex.def)             Requested size: 37.3917pt x 36.135pt.
 [25

 <./figures/Catch_Comparison.png>] <r4ss/POP_discard_data.png, id=1998, 505.89p
t x 505.89pt>
File: r4ss/POP_discard_data.png Graphic file (type png)

<use r4ss/POP_discard_data.png>
Package pdftex.def Info: r4ss/POP_discard_data.png used on input line 434.
(pdftex.def)             Requested size: 202.3524pt x 190.97151pt.
File: noaalogo.jpg Graphic file (type jpg)
 <use noaalogo.jpg>
Package pdftex.def Info: noaalogo.jpg used on input line 434.
(pdftex.def)             Requested size: 37.3917pt x 36.135pt.
 [26

 <./r4ss/POP_discard_data.png>] (POP_2017_STAR_Data_Presentation.toc)
File: noaalogo.jpg Graphic file (type jpg)
 <use noaalogo.jpg>
Package pdftex.def Info: noaalogo.jpg used on input line 437.
(pdftex.def)             Requested size: 37.3917pt x 36.135pt.
 [27

]
<r4ss/index1_cpuedata_Fishery.png, id=2148, 469.755pt x 361.35pt>
File: r4ss/index1_cpuedata_Fishery.png Graphic file (type png)

<use r4ss/index1_cpuedata_Fishery.png>
Package pdftex.def Info: r4ss/index1_cpuedata_Fishery.png used on input line 44
6.
(pdftex.def)             Requested size: 211.3878pt x 162.60599pt.
File: noaalogo.jpg Graphic file (type jpg)
 <use noaalogo.jpg>
Package pdftex.def Info: noaalogo.jpg used on input line 446.
(pdftex.def)             Requested size: 37.3917pt x 36.135pt.
 [28

 <./r4ss/index1_cpuedata_Fishery.png>] <figures/Index_Data.png, id=2219, 722.7p
t x 722.7pt>
File: figures/Index_Data.png Graphic file (type png)

<use figures/Index_Data.png>
Package pdftex.def Info: figures/Index_Data.png used on input line 453.
(pdftex.def)             Requested size: 289.07487pt x 216.81166pt.
File: noaalogo.jpg Graphic file (type jpg)
 <use noaalogo.jpg>
Package pdftex.def Info: noaalogo.jpg used on input line 453.
(pdftex.def)             Requested size: 37.3917pt x 36.135pt.
 [29

 <./figures/Index_Data.png>] <figures/standardized_index.png, id=2290, 599.2387
5pt x 359.84438pt>
File: figures/standardized_index.png Graphic file (type png)

<use figures/standardized_index.png>
Package pdftex.def Info: figures/standardized_index.png used on input line 459.

(pdftex.def)             Requested size: 289.08517pt x 180.67946pt.
File: noaalogo.jpg Graphic file (type jpg)
 <use noaalogo.jpg>
Package pdftex.def Info: noaalogo.jpg used on input line 459.
(pdftex.def)             Requested size: 37.3917pt x 36.135pt.
 [30

 <./figures/standardized_index.png>] (POP_2017_STAR_Data_Presentation.toc)
File: noaalogo.jpg Graphic file (type jpg)
 <use noaalogo.jpg>
Package pdftex.def Info: noaalogo.jpg used on input line 463.
(pdftex.def)             Requested size: 37.3917pt x 36.135pt.

[31

]
File: noaalogo.jpg Graphic file (type jpg)
 <use noaalogo.jpg>
Package pdftex.def Info: noaalogo.jpg used on input line 481.
(pdftex.def)             Requested size: 37.3917pt x 36.135pt.
 [32

]
<r4ss/comp_lendat_bubflt1mkt1.png, id=2507, 469.755pt x 361.35pt>
File: r4ss/comp_lendat_bubflt1mkt1.png Graphic file (type png)

<use r4ss/comp_lendat_bubflt1mkt1.png>
Package pdftex.def Info: r4ss/comp_lendat_bubflt1mkt1.png used on input line 48
7.
(pdftex.def)             Requested size: 234.87692pt x 180.67456pt.
File: noaalogo.jpg Graphic file (type jpg)
 <use noaalogo.jpg>
Package pdftex.def Info: noaalogo.jpg used on input line 487.
(pdftex.def)             Requested size: 37.3917pt x 36.135pt.
 [33

 <./r4ss/comp_lendat_bubflt1mkt1.png>]
<r4ss/comp_lendat_bubflt1mkt2_page4.png, id=2578, 469.755pt x 361.35pt>
File: r4ss/comp_lendat_bubflt1mkt2_page4.png Graphic file (type png)

<use r4ss/comp_lendat_bubflt1mkt2_page4.png>
Package pdftex.def Info: r4ss/comp_lendat_bubflt1mkt2_page4.png used on input l
ine 492.
(pdftex.def)             Requested size: 173.80663pt x 133.6974pt.

<r4ss/comp_agedat_bubflt1mkt2_page2.png, id=2579, 469.755pt x 361.35pt>
File: r4ss/comp_agedat_bubflt1mkt2_page2.png Graphic file (type png)

<use r4ss/comp_agedat_bubflt1mkt2_page2.png>
Package pdftex.def Info: r4ss/comp_agedat_bubflt1mkt2_page2.png used on input l
ine 492.
(pdftex.def)             Requested size: 173.80663pt x 133.6974pt.
File: noaalogo.jpg Graphic file (type jpg)
 <use noaalogo.jpg>
Package pdftex.def Info: noaalogo.jpg used on input line 492.
(pdftex.def)             Requested size: 37.3917pt x 36.135pt.
 [34

 <./r4ss/comp_lendat_bubflt1mkt2_page4.png> <./r4ss/comp_agedat_bubflt1mkt2_pag
e2.png>]
<r4ss/comp_lendat_bubflt2mkt0.png, id=2651, 469.755pt x 361.35pt>
File: r4ss/comp_lendat_bubflt2mkt0.png Graphic file (type png)

<use r4ss/comp_lendat_bubflt2mkt0.png>
Package pdftex.def Info: r4ss/comp_lendat_bubflt2mkt0.png used on input line 49
8.
(pdftex.def)             Requested size: 173.80663pt x 133.6974pt.

<r4ss/comp_agedat_bubflt2mkt0.png, id=2652, 469.755pt x 361.35pt>
File: r4ss/comp_agedat_bubflt2mkt0.png Graphic file (type png)

<use r4ss/comp_agedat_bubflt2mkt0.png>
Package pdftex.def Info: r4ss/comp_agedat_bubflt2mkt0.png used on input line 49
8.
(pdftex.def)             Requested size: 173.80663pt x 133.6974pt.
File: noaalogo.jpg Graphic file (type jpg)
 <use noaalogo.jpg>
Package pdftex.def Info: noaalogo.jpg used on input line 498.
(pdftex.def)             Requested size: 37.3917pt x 36.135pt.
 [35

 <./r4ss/comp_lendat_bubflt2mkt0.png> <./r4ss/comp_agedat_bubflt2mkt0.png>]
File: noaalogo.jpg Graphic file (type jpg)
 <use noaalogo.jpg>
Package pdftex.def Info: noaalogo.jpg used on input line 529.
(pdftex.def)             Requested size: 37.3917pt x 36.135pt.

[36

] <r4ss/comp_lendat_bubflt4mkt0.png, id=2793, 469.755pt x 361.35pt>
File: r4ss/comp_lendat_bubflt4mkt0.png Graphic file (type png)

<use r4ss/comp_lendat_bubflt4mkt0.png>
Package pdftex.def Info: r4ss/comp_lendat_bubflt4mkt0.png used on input line 53
5.
(pdftex.def)             Requested size: 173.80663pt x 133.6974pt.

<r4ss/comp_agedat_bubflt4mkt0.png, id=2794, 469.755pt x 361.35pt>
File: r4ss/comp_agedat_bubflt4mkt0.png Graphic file (type png)

<use r4ss/comp_agedat_bubflt4mkt0.png>
Package pdftex.def Info: r4ss/comp_agedat_bubflt4mkt0.png used on input line 53
5.
(pdftex.def)             Requested size: 173.80663pt x 133.6974pt.
File: noaalogo.jpg Graphic file (type jpg)
 <use noaalogo.jpg>
Package pdftex.def Info: noaalogo.jpg used on input line 535.
(pdftex.def)             Requested size: 37.3917pt x 36.135pt.
 [37

 <./r4ss/comp_lendat_bubflt4mkt0.png> <./r4ss/comp_agedat_bubflt4mkt0.png>]
<r4ss/comp_lendat_bubflt5mkt0.png, id=2867, 469.755pt x 361.35pt>
File: r4ss/comp_lendat_bubflt5mkt0.png Graphic file (type png)

<use r4ss/comp_lendat_bubflt5mkt0.png>
Package pdftex.def Info: r4ss/comp_lendat_bubflt5mkt0.png used on input line 54
0.
(pdftex.def)             Requested size: 173.80663pt x 133.6974pt.

<r4ss/comp_agedat_bubflt5mkt0.png, id=2868, 469.755pt x 361.35pt>
File: r4ss/comp_agedat_bubflt5mkt0.png Graphic file (type png)

<use r4ss/comp_agedat_bubflt5mkt0.png>
Package pdftex.def Info: r4ss/comp_agedat_bubflt5mkt0.png used on input line 54
0.
(pdftex.def)             Requested size: 173.80663pt x 133.6974pt.
File: noaalogo.jpg Graphic file (type jpg)
 <use noaalogo.jpg>
Package pdftex.def Info: noaalogo.jpg used on input line 540.
(pdftex.def)             Requested size: 37.3917pt x 36.135pt.
 [38

 <./r4ss/comp_lendat_bubflt5mkt0.png> <./r4ss/comp_agedat_bubflt5mkt0.png>]
<r4ss/comp_lendat_bubflt6mkt0.png, id=2940, 469.755pt x 361.35pt>
File: r4ss/comp_lendat_bubflt6mkt0.png Graphic file (type png)

<use r4ss/comp_lendat_bubflt6mkt0.png>
Package pdftex.def Info: r4ss/comp_lendat_bubflt6mkt0.png used on input line 54
5.
(pdftex.def)             Requested size: 173.80663pt x 133.6974pt.
File: noaalogo.jpg Graphic file (type jpg)
 <use noaalogo.jpg>
Package pdftex.def Info: noaalogo.jpg used on input line 545.
(pdftex.def)             Requested size: 37.3917pt x 36.135pt.
 [39

 <./r4ss/comp_lendat_bubflt6mkt0.png>]
<r4ss/comp_lendat_bubflt7mkt0.png, id=3011, 469.755pt x 361.35pt>
File: r4ss/comp_lendat_bubflt7mkt0.png Graphic file (type png)

<use r4ss/comp_lendat_bubflt7mkt0.png>
Package pdftex.def Info: r4ss/comp_lendat_bubflt7mkt0.png used on input line 55
1.
(pdftex.def)             Requested size: 173.80663pt x 133.6974pt.

<r4ss/comp_agedat_bubflt7mkt0.png, id=3012, 469.755pt x 361.35pt>
File: r4ss/comp_agedat_bubflt7mkt0.png Graphic file (type png)

<use r4ss/comp_agedat_bubflt7mkt0.png>
Package pdftex.def Info: r4ss/comp_agedat_bubflt7mkt0.png used on input line 55
1.
(pdftex.def)             Requested size: 173.80663pt x 133.6974pt.
File: noaalogo.jpg Graphic file (type jpg)
 <use noaalogo.jpg>
Package pdftex.def Info: noaalogo.jpg used on input line 551.
(pdftex.def)             Requested size: 37.3917pt x 36.135pt.
 [40

 <./r4ss/comp_lendat_bubflt7mkt0.png> <./r4ss/comp_agedat_bubflt7mkt0.png>]
<r4ss/comp_lendat_bubflt8mkt0.png, id=3084, 469.755pt x 361.35pt>
File: r4ss/comp_lendat_bubflt8mkt0.png Graphic file (type png)

<use r4ss/comp_lendat_bubflt8mkt0.png>
Package pdftex.def Info: r4ss/comp_lendat_bubflt8mkt0.png used on input line 55
6.
(pdftex.def)             Requested size: 173.80663pt x 133.6974pt.

<r4ss/comp_gstagedat_bubflt8mkt0.png, id=3085, 469.755pt x 361.35pt>
File: r4ss/comp_gstagedat_bubflt8mkt0.png Graphic file (type png)

<use r4ss/comp_gstagedat_bubflt8mkt0.png>
Package pdftex.def Info: r4ss/comp_gstagedat_bubflt8mkt0.png used on input line
 556.
(pdftex.def)             Requested size: 173.80663pt x 133.6974pt.
File: noaalogo.jpg Graphic file (type jpg)
 <use noaalogo.jpg>
Package pdftex.def Info: noaalogo.jpg used on input line 556.
(pdftex.def)             Requested size: 37.3917pt x 36.135pt.
 [41

 <./r4ss/comp_lendat_bubflt8mkt0.png> <./r4ss/comp_gstagedat_bubflt8mkt0.png>]
<r4ss/comp_condAALdat_bubflt8mkt0_page1.png, id=3157, 469.755pt x 361.35pt>
File: r4ss/comp_condAALdat_bubflt8mkt0_page1.png Graphic file (type png)

<use r4ss/comp_condAALdat_bubflt8mkt0_page1.png>
Package pdftex.def Info: r4ss/comp_condAALdat_bubflt8mkt0_page1.png used on inp
ut line 562.
(pdftex.def)             Requested size: 173.80663pt x 133.6974pt.

<r4ss/comp_condAALdat_bubflt8mkt0_page2.png, id=3158, 469.755pt x 361.35pt>
File: r4ss/comp_condAALdat_bubflt8mkt0_page2.png Graphic file (type png)

<use r4ss/comp_condAALdat_bubflt8mkt0_page2.png>
Package pdftex.def Info: r4ss/comp_condAALdat_bubflt8mkt0_page2.png used on inp
ut line 562.
(pdftex.def)             Requested size: 173.80663pt x 133.6974pt.
File: noaalogo.jpg Graphic file (type jpg)
 <use noaalogo.jpg>
Package pdftex.def Info: noaalogo.jpg used on input line 562.
(pdftex.def)             Requested size: 37.3917pt x 36.135pt.
 [42

 <./r4ss/comp_condAALdat_bubflt8mkt0_page1.png (PNG copy)> <./r4ss/comp_condAAL
dat_bubflt8mkt0_page2.png (PNG copy)>]
<r4ss/comp_lendat__aggregated_across_time.png, id=3228, 469.755pt x 361.35pt>
File: r4ss/comp_lendat__aggregated_across_time.png Graphic file (type png)

<use r4ss/comp_lendat__aggregated_across_time.png>
Package pdftex.def Info: r4ss/comp_lendat__aggregated_across_time.png used on i
nput line 568.
(pdftex.def)             Requested size: 173.80663pt x 133.6974pt.

<figures/comp_agedat__aggregated_across_time.png, id=3229, 469.755pt x 361.35pt
>
File: figures/comp_agedat__aggregated_across_time.png Graphic file (type png)
 <use figures/comp_agedat__aggregated_across_time.png>
Package pdftex.def Info: figures/comp_agedat__aggregated_across_time.png used o
n input line 568.
(pdftex.def)             Requested size: 173.80663pt x 133.6974pt.
File: noaalogo.jpg Graphic file (type jpg)
 <use noaalogo.jpg>
Package pdftex.def Info: noaalogo.jpg used on input line 568.
(pdftex.def)             Requested size: 37.3917pt x 36.135pt.

[43

 <./r4ss/comp_lendat__aggregated_across_time.png> <./figures/comp_agedat__aggre
gated_across_time.png>]
<r4ss/numbers5_ageerrorSD.png, id=3302, 469.755pt x 361.35pt>
File: r4ss/numbers5_ageerrorSD.png Graphic file (type png)

<use r4ss/numbers5_ageerrorSD.png>
Package pdftex.def Info: r4ss/numbers5_ageerrorSD.png used on input line 576.
(pdftex.def)             Requested size: 234.87692pt x 180.67456pt.
File: noaalogo.jpg Graphic file (type jpg)
 <use noaalogo.jpg>
Package pdftex.def Info: noaalogo.jpg used on input line 576.
(pdftex.def)             Requested size: 37.3917pt x 36.135pt.
 [44

 <./r4ss/numbers5_ageerrorSD.png>]
File: noaalogo.jpg Graphic file (type jpg)
 <use noaalogo.jpg>
Package pdftex.def Info: noaalogo.jpg used on input line 580.
(pdftex.def)             Requested size: 37.3917pt x 36.135pt.
 [45

]
<figures/Index_Comparison.png, id=3442, 722.7pt x 722.7pt>
File: figures/Index_Comparison.png Graphic file (type png)

<use figures/Index_Comparison.png>
Package pdftex.def Info: figures/Index_Comparison.png used on input line 589.
(pdftex.def)             Requested size: 216.81166pt x 216.81166pt.
File: noaalogo.jpg Graphic file (type jpg)
 <use noaalogo.jpg>
Package pdftex.def Info: noaalogo.jpg used on input line 589.
(pdftex.def)             Requested size: 37.3917pt x 36.135pt.
 [46

 <./figures/Index_Comparison.png>]
<figures/Index_DesignBased_Comparison.png, id=3515, 722.7pt x 722.7pt>
File: figures/Index_DesignBased_Comparison.png Graphic file (type png)

<use figures/Index_DesignBased_Comparison.png>
Package pdftex.def Info: figures/Index_DesignBased_Comparison.png used on input
 line 595.
(pdftex.def)             Requested size: 216.81166pt x 216.81166pt.
File: noaalogo.jpg Graphic file (type jpg)
 <use noaalogo.jpg>
Package pdftex.def Info: noaalogo.jpg used on input line 595.
(pdftex.def)             Requested size: 37.3917pt x 36.135pt.
 [47

 <./figures/Index_DesignBased_Comparison.png>]
<figures/NWFSC_shelf_slope_2011_2017.png, id=3586, 1052.93375pt x 888.31876pt>
File: figures/NWFSC_shelf_slope_2011_2017.png Graphic file (type png)

<use figures/NWFSC_shelf_slope_2011_2017.png>
Package pdftex.def Info: figures/NWFSC_shelf_slope_2011_2017.png used on input 
line 601.
(pdftex.def)             Requested size: 210.58302pt x 177.6606pt.
File: noaalogo.jpg Graphic file (type jpg)
 <use noaalogo.jpg>
Package pdftex.def Info: noaalogo.jpg used on input line 601.
(pdftex.def)             Requested size: 37.3917pt x 36.135pt.
 [48

 <./figures/NWFSC_shelf_slope_2011_2017.png>]
\tf@nav=\write6
\openout6 = `POP_2017_STAR_Data_Presentation.nav'.

\tf@toc=\write7
\openout7 = `POP_2017_STAR_Data_Presentation.toc'.

\tf@snm=\write8
\openout8 = `POP_2017_STAR_Data_Presentation.snm'.

Package atveryend Info: Empty hook `BeforeClearDocument' on input line 603.
Package atveryend Info: Empty hook `AfterLastShipout' on input line 603.
 (POP_2017_STAR_Data_Presentation.aux)
Package atveryend Info: Executing hook `AtVeryEndDocument' on input line 603.
Package atveryend Info: Executing hook `AtEndAfterFileList' on input line 603.
Package rerunfilecheck Info: File `POP_2017_STAR_Data_Presentation.out' has not
 changed.
(rerunfilecheck)             Checksum: E9364AB36C482CA336A69CE5D794BDA4;1169.


LaTeX Font Warning: Size substitutions with differences
(Font)              up to 1.0pt have occurred.

 ) 
Here is how much of TeX's memory you used:
 21444 strings out of 493634
 425965 string characters out of 3141286
 530866 words of memory out of 3000000
 24162 multiletter control sequences out of 15000+200000
 21235 words of font info for 61 fonts, out of 3000000 for 9000
 1025 hyphenation exceptions out of 8191
 56i,19n,59p,869b,815s stack positions out of 5000i,500n,10000p,200000b,50000s
 <C:\Users\Chantel.Wetzel\AppData\Local\MiKTeX\2.9\fonts\pk\ljfour\jknappen\e
c\dpi600\ecsi1440.pk> <C:\Users\Chantel.Wetzel\AppData\Local\MiKTeX\2.9\fonts\p
k\ljfour\jknappen\ec\dpi600\ecss0700.pk> <C:\Users\Chantel.Wetzel\AppData\Local
\MiKTeX\2.9\fonts\pk\ljfour\jknappen\ec\dpi600\ecss1000.pk> <C:\Users\Chantel.W
etzel\AppData\Local\MiKTeX\2.9\fonts\pk\ljfour\jknappen\ec\dpi600\tcss0900.pk> 
<C:\Users\Chantel.Wetzel\AppData\Local\MiKTeX\2.9\fonts\pk\ljfour\jknappen\ec\d
pi600\tcss1000.pk> <C:\Users\Chantel.Wetzel\AppData\Local\MiKTeX\2.9\fonts\pk\l
jfour\jknappen\ec\dpi600\ecss0900.pk> <C:\Users\Chantel.Wetzel\AppData\Local\Mi
KTeX\2.9\fonts\pk\ljfour\jknappen\ec\dpi600\ecss0800.pk> <C:\Users\Chantel.Wetz
el\AppData\Local\MiKTeX\2.9\fonts\pk\ljfour\jknappen\ec\dpi600\ecss1095.pk> <C:
\Users\Chantel.Wetzel\AppData\Local\MiKTeX\2.9\fonts\pk\ljfour\jknappen\ec\dpi6
00\ecss1440.pk> <C:\Users\Chantel.Wetzel\AppData\Local\MiKTeX\2.9\fonts\pk\ljfo
ur\jknappen\ec\dpi600\ecss0600.pk><C:/Program Files (x86)/MiKTeX 2.9/fonts/type
1/public/amsfonts/cm/cmmi10.pfb><C:/Program Files (x86)/MiKTeX 2.9/fonts/type1/
public/amsfonts/cm/cmssi10.pfb><C:/Program Files (x86)/MiKTeX 2.9/fonts/type1/p
ublic/amsfonts/cm/cmsy10.pfb>
Output written on POP_2017_STAR_Data_Presentation.pdf (48 pages, 3478557 bytes)
.
PDF statistics:
 4004 PDF objects out of 4296 (max. 8388607)
 118 named destinations out of 1000 (max. 500000)
 473 words of extra memory for PDF output out of 10000 (max. 10000000)

