This is pdfTeX, Version 3.14159265-2.6-1.40.16 (MiKTeX 2.9) (preloaded format=pdflatex 2016.11.21)  15 JUN 2017 14:49
entering extended mode
**./POP_2017_STAR_Model_Results.tex
(POP_2017_STAR_Model_Results.tex
LaTeX2e <2015/10/01> patch level 2
Babel <3.9n> and hyphenation patterns for 69 languages loaded.

(C:\Users\Chantel.Wetzel\AppData\Roaming\MiKTeX\2.9\tex\latex\beamer\beamer.cls
Document Class: beamer 2017/01/23 v3.41 A class for typesetting presentations

(C:\Users\Chantel.Wetzel\AppData\Roaming\MiKTeX\2.9\tex\latex\etoolbox\etoolbox
.sty
Package: etoolbox 2015/08/02 v2.2a e-TeX tools for LaTeX (JAW)
\etb@tempcnta=\count79
)
(C:\Users\Chantel.Wetzel\AppData\Roaming\MiKTeX\2.9\tex\latex\beamer\beamerbase
modes.sty
\beamer@tempbox=\box26
\beamer@tempcount=\count80
\c@beamerpauses=\count81

(C:\Users\Chantel.Wetzel\AppData\Roaming\MiKTeX\2.9\tex\latex\beamer\beamerbase
decode.sty
\beamer@slideinframe=\count82
\beamer@minimum=\count83
)
\beamer@commentbox=\box27
\beamer@modecount=\count84
) ("C:\Program Files (x86)\MiKTeX 2.9\tex\generic\oberdiek\ifpdf.sty"
Package: ifpdf 2011/01/30 v2.3 Provides the ifpdf switch (HO)
Package ifpdf Info: pdfTeX in PDF mode is detected.
)
\headheight=\dimen102
\headdp=\dimen103
\footheight=\dimen104
\sidebarheight=\dimen105
\beamer@tempdim=\dimen106
\beamer@finalheight=\dimen107
\beamer@animht=\dimen108
\beamer@animdp=\dimen109
\beamer@animwd=\dimen110
\beamer@leftmargin=\dimen111
\beamer@rightmargin=\dimen112
\beamer@leftsidebar=\dimen113
\beamer@rightsidebar=\dimen114
\beamer@boxsize=\dimen115
\beamer@vboxoffset=\dimen116
\beamer@descdefault=\dimen117
\beamer@descriptionwidth=\dimen118
\beamer@lastskip=\skip41
\beamer@areabox=\box28
\beamer@animcurrent=\box29
\beamer@animshowbox=\box30
\beamer@sectionbox=\box31
\beamer@logobox=\box32
\beamer@linebox=\box33
\beamer@sectioncount=\count85
\beamer@subsubsectionmax=\count86
\beamer@subsectionmax=\count87
\beamer@sectionmax=\count88
\beamer@totalheads=\count89
\beamer@headcounter=\count90
\beamer@partstartpage=\count91
\beamer@sectionstartpage=\count92
\beamer@subsectionstartpage=\count93
\beamer@animationtempa=\count94
\beamer@animationtempb=\count95
\beamer@xpos=\count96
\beamer@ypos=\count97
\beamer@showpartnumber=\count98
\beamer@currentsubsection=\count99
\beamer@coveringdepth=\count100
\beamer@sectionadjust=\count101
\beamer@tocsectionnumber=\count102

(C:\Users\Chantel.Wetzel\AppData\Roaming\MiKTeX\2.9\tex\latex\beamer\beamerbase
options.sty ("C:\Program Files (x86)\MiKTeX 2.9\tex\latex\graphics\keyval.sty"
Package: keyval 2014/10/28 v1.15 key=value parser (DPC)
\KV@toks@=\toks14
))
\beamer@paperwidth=\skip42
\beamer@paperheight=\skip43
 ("C:\Program Files (x86)\MiKTeX 2.9\tex\latex\geometry\geometry.sty"
Package: geometry 2010/09/12 v5.6 Page Geometry

("C:\Program Files (x86)\MiKTeX 2.9\tex\generic\oberdiek\ifvtex.sty"
Package: ifvtex 2010/03/01 v1.5 Detect VTeX and its facilities (HO)
Package ifvtex Info: VTeX not detected.
)
("C:\Program Files (x86)\MiKTeX 2.9\tex\generic\ifxetex\ifxetex.sty"
Package: ifxetex 2010/09/12 v0.6 Provides ifxetex conditional
)
\Gm@cnth=\count103
\Gm@cntv=\count104
\c@Gm@tempcnt=\count105
\Gm@bindingoffset=\dimen119
\Gm@wd@mp=\dimen120
\Gm@odd@mp=\dimen121
\Gm@even@mp=\dimen122
\Gm@layoutwidth=\dimen123
\Gm@layoutheight=\dimen124
\Gm@layouthoffset=\dimen125
\Gm@layoutvoffset=\dimen126
\Gm@dimlist=\toks15

("C:\Program Files (x86)\MiKTeX 2.9\tex\latex\geometry\geometry.cfg"))
("C:\Program Files (x86)\MiKTeX 2.9\tex\latex\base\size11.clo"
File: size11.clo 2014/09/29 v1.4h Standard LaTeX file (size option)
)
(C:\Users\Chantel.Wetzel\AppData\Roaming\MiKTeX\2.9\tex\latex\pgf\basiclayer\pg
fcore.sty ("C:\Program Files (x86)\MiKTeX 2.9\tex\latex\graphics\graphicx.sty"
Package: graphicx 2014/10/28 v1.0g Enhanced LaTeX Graphics (DPC,SPQR)

("C:\Program Files (x86)\MiKTeX 2.9\tex\latex\graphics\graphics.sty"
Package: graphics 2014/10/28 v1.0p Standard LaTeX Graphics (DPC,SPQR)

("C:\Program Files (x86)\MiKTeX 2.9\tex\latex\graphics\trig.sty"
Package: trig 1999/03/16 v1.09 sin cos tan (DPC)
)
("C:\Program Files (x86)\MiKTeX 2.9\tex\latex\00miktex\graphics.cfg"
File: graphics.cfg 2007/01/18 v1.5 graphics configuration of teTeX/TeXLive
)
Package graphics Info: Driver file: pdftex.def on input line 94.

("C:\Program Files (x86)\MiKTeX 2.9\tex\latex\pdftex-def\pdftex.def"
File: pdftex.def 2011/05/27 v0.06d Graphics/color for pdfTeX

("C:\Program Files (x86)\MiKTeX 2.9\tex\generic\oberdiek\infwarerr.sty"
Package: infwarerr 2010/04/08 v1.3 Providing info/warning/error messages (HO)
)
("C:\Program Files (x86)\MiKTeX 2.9\tex\generic\oberdiek\ltxcmds.sty"
Package: ltxcmds 2011/11/09 v1.22 LaTeX kernel commands for general use (HO)
)
\Gread@gobject=\count106
))
\Gin@req@height=\dimen127
\Gin@req@width=\dimen128
)
(C:\Users\Chantel.Wetzel\AppData\Roaming\MiKTeX\2.9\tex\latex\pgf\systemlayer\p
gfsys.sty
(C:\Users\Chantel.Wetzel\AppData\Roaming\MiKTeX\2.9\tex\latex\pgf\utilities\pgf
rcs.sty
(C:\Users\Chantel.Wetzel\AppData\Roaming\MiKTeX\2.9\tex\generic\pgf\utilities\p
gfutil-common.tex
\pgfutil@everybye=\toks16
\pgfutil@tempdima=\dimen129
\pgfutil@tempdimb=\dimen130

(C:\Users\Chantel.Wetzel\AppData\Roaming\MiKTeX\2.9\tex\generic\pgf\utilities\p
gfutil-common-lists.tex))
(C:\Users\Chantel.Wetzel\AppData\Roaming\MiKTeX\2.9\tex\generic\pgf\utilities\p
gfutil-latex.def
\pgfutil@abb=\box34

(C:\Users\Chantel.Wetzel\AppData\Roaming\MiKTeX\2.9\tex\latex\ms\everyshi.sty
Package: everyshi 2001/05/15 v3.00 EveryShipout Package (MS)
))
(C:\Users\Chantel.Wetzel\AppData\Roaming\MiKTeX\2.9\tex\generic\pgf\utilities\p
gfrcs.code.tex
Package: pgfrcs 2015/08/07 v3.0.1a (rcs-revision 1.31)
))
(C:\Users\Chantel.Wetzel\AppData\Roaming\MiKTeX\2.9\tex\generic\pgf\systemlayer
\pgfsys.code.tex
Package: pgfsys 2014/07/09 v3.0.1a (rcs-revision 1.48)

(C:\Users\Chantel.Wetzel\AppData\Roaming\MiKTeX\2.9\tex\generic\pgf\utilities\p
gfkeys.code.tex
\pgfkeys@pathtoks=\toks17
\pgfkeys@temptoks=\toks18

(C:\Users\Chantel.Wetzel\AppData\Roaming\MiKTeX\2.9\tex\generic\pgf\utilities\p
gfkeysfiltered.code.tex
\pgfkeys@tmptoks=\toks19
))
\pgf@x=\dimen131
\pgf@y=\dimen132
\pgf@xa=\dimen133
\pgf@ya=\dimen134
\pgf@xb=\dimen135
\pgf@yb=\dimen136
\pgf@xc=\dimen137
\pgf@yc=\dimen138
\w@pgf@writea=\write3
\r@pgf@reada=\read1
\c@pgf@counta=\count107
\c@pgf@countb=\count108
\c@pgf@countc=\count109
\c@pgf@countd=\count110
\t@pgf@toka=\toks20
\t@pgf@tokb=\toks21
\t@pgf@tokc=\toks22

(C:\Users\Chantel.Wetzel\AppData\Roaming\MiKTeX\2.9\tex\generic\pgf\systemlayer
\pgf.cfg
File: pgf.cfg 2008/05/14  (rcs-revision 1.7)
)
Driver file for pgf: pgfsys-pdftex.def

(C:\Users\Chantel.Wetzel\AppData\Roaming\MiKTeX\2.9\tex\generic\pgf\systemlayer
\pgfsys-pdftex.def
File: pgfsys-pdftex.def 2014/10/11  (rcs-revision 1.35)

(C:\Users\Chantel.Wetzel\AppData\Roaming\MiKTeX\2.9\tex\generic\pgf\systemlayer
\pgfsys-common-pdf.def
File: pgfsys-common-pdf.def 2013/10/10  (rcs-revision 1.13)
)))
(C:\Users\Chantel.Wetzel\AppData\Roaming\MiKTeX\2.9\tex\generic\pgf\systemlayer
\pgfsyssoftpath.code.tex
File: pgfsyssoftpath.code.tex 2013/09/09  (rcs-revision 1.9)
\pgfsyssoftpath@smallbuffer@items=\count111
\pgfsyssoftpath@bigbuffer@items=\count112
)
(C:\Users\Chantel.Wetzel\AppData\Roaming\MiKTeX\2.9\tex\generic\pgf\systemlayer
\pgfsysprotocol.code.tex
File: pgfsysprotocol.code.tex 2006/10/16  (rcs-revision 1.4)
))
(C:\Users\Chantel.Wetzel\AppData\Roaming\MiKTeX\2.9\tex\latex\xcolor\xcolor.sty
Package: xcolor 2016/05/11 v2.12 LaTeX color extensions (UK)
("C:\Program Files (x86)\MiKTeX 2.9\tex\latex\00miktex\color.cfg"
File: color.cfg 2007/01/18 v1.5 color configuration of teTeX/TeXLive
)
Package xcolor Info: Driver file: pdftex.def on input line 225.
Package xcolor Info: Model `cmy' substituted by `cmy0' on input line 1348.
Package xcolor Info: Model `hsb' substituted by `rgb' on input line 1352.
Package xcolor Info: Model `RGB' extended on input line 1364.
Package xcolor Info: Model `HTML' substituted by `rgb' on input line 1366.
Package xcolor Info: Model `Hsb' substituted by `hsb' on input line 1367.
Package xcolor Info: Model `tHsb' substituted by `hsb' on input line 1368.
Package xcolor Info: Model `HSB' substituted by `hsb' on input line 1369.
Package xcolor Info: Model `Gray' substituted by `gray' on input line 1370.
Package xcolor Info: Model `wave' substituted by `hsb' on input line 1371.
)
(C:\Users\Chantel.Wetzel\AppData\Roaming\MiKTeX\2.9\tex\generic\pgf\basiclayer\
pgfcore.code.tex
Package: pgfcore 2010/04/11 v3.0.1a (rcs-revision 1.7)

(C:\Users\Chantel.Wetzel\AppData\Roaming\MiKTeX\2.9\tex\generic\pgf\math\pgfmat
h.code.tex
(C:\Users\Chantel.Wetzel\AppData\Roaming\MiKTeX\2.9\tex\generic\pgf\math\pgfmat
hcalc.code.tex
(C:\Users\Chantel.Wetzel\AppData\Roaming\MiKTeX\2.9\tex\generic\pgf\math\pgfmat
hutil.code.tex)
(C:\Users\Chantel.Wetzel\AppData\Roaming\MiKTeX\2.9\tex\generic\pgf\math\pgfmat
hparser.code.tex
\pgfmath@dimen=\dimen139
\pgfmath@count=\count113
\pgfmath@box=\box35
\pgfmath@toks=\toks23
\pgfmath@stack@operand=\toks24
\pgfmath@stack@operation=\toks25
)
(C:\Users\Chantel.Wetzel\AppData\Roaming\MiKTeX\2.9\tex\generic\pgf\math\pgfmat
hfunctions.code.tex
(C:\Users\Chantel.Wetzel\AppData\Roaming\MiKTeX\2.9\tex\generic\pgf\math\pgfmat
hfunctions.basic.code.tex)
(C:\Users\Chantel.Wetzel\AppData\Roaming\MiKTeX\2.9\tex\generic\pgf\math\pgfmat
hfunctions.trigonometric.code.tex)
(C:\Users\Chantel.Wetzel\AppData\Roaming\MiKTeX\2.9\tex\generic\pgf\math\pgfmat
hfunctions.random.code.tex)
(C:\Users\Chantel.Wetzel\AppData\Roaming\MiKTeX\2.9\tex\generic\pgf\math\pgfmat
hfunctions.comparison.code.tex)
(C:\Users\Chantel.Wetzel\AppData\Roaming\MiKTeX\2.9\tex\generic\pgf\math\pgfmat
hfunctions.base.code.tex)
(C:\Users\Chantel.Wetzel\AppData\Roaming\MiKTeX\2.9\tex\generic\pgf\math\pgfmat
hfunctions.round.code.tex)
(C:\Users\Chantel.Wetzel\AppData\Roaming\MiKTeX\2.9\tex\generic\pgf\math\pgfmat
hfunctions.misc.code.tex)
(C:\Users\Chantel.Wetzel\AppData\Roaming\MiKTeX\2.9\tex\generic\pgf\math\pgfmat
hfunctions.integerarithmetics.code.tex)))
(C:\Users\Chantel.Wetzel\AppData\Roaming\MiKTeX\2.9\tex\generic\pgf\math\pgfmat
hfloat.code.tex
\c@pgfmathroundto@lastzeros=\count114
))
(C:\Users\Chantel.Wetzel\AppData\Roaming\MiKTeX\2.9\tex\generic\pgf\basiclayer\
pgfcorepoints.code.tex
File: pgfcorepoints.code.tex 2013/10/07  (rcs-revision 1.27)
\pgf@picminx=\dimen140
\pgf@picmaxx=\dimen141
\pgf@picminy=\dimen142
\pgf@picmaxy=\dimen143
\pgf@pathminx=\dimen144
\pgf@pathmaxx=\dimen145
\pgf@pathminy=\dimen146
\pgf@pathmaxy=\dimen147
\pgf@xx=\dimen148
\pgf@xy=\dimen149
\pgf@yx=\dimen150
\pgf@yy=\dimen151
\pgf@zx=\dimen152
\pgf@zy=\dimen153
)
(C:\Users\Chantel.Wetzel\AppData\Roaming\MiKTeX\2.9\tex\generic\pgf\basiclayer\
pgfcorepathconstruct.code.tex
File: pgfcorepathconstruct.code.tex 2013/10/07  (rcs-revision 1.29)
\pgf@path@lastx=\dimen154
\pgf@path@lasty=\dimen155
)
(C:\Users\Chantel.Wetzel\AppData\Roaming\MiKTeX\2.9\tex\generic\pgf\basiclayer\
pgfcorepathusage.code.tex
File: pgfcorepathusage.code.tex 2014/11/02  (rcs-revision 1.24)
\pgf@shorten@end@additional=\dimen156
\pgf@shorten@start@additional=\dimen157
)
(C:\Users\Chantel.Wetzel\AppData\Roaming\MiKTeX\2.9\tex\generic\pgf\basiclayer\
pgfcorescopes.code.tex
File: pgfcorescopes.code.tex 2015/05/08  (rcs-revision 1.46)
\pgfpic=\box36
\pgf@hbox=\box37
\pgf@layerbox@main=\box38
\pgf@picture@serial@count=\count115
)
(C:\Users\Chantel.Wetzel\AppData\Roaming\MiKTeX\2.9\tex\generic\pgf\basiclayer\
pgfcoregraphicstate.code.tex
File: pgfcoregraphicstate.code.tex 2014/11/02  (rcs-revision 1.12)
\pgflinewidth=\dimen158
)
(C:\Users\Chantel.Wetzel\AppData\Roaming\MiKTeX\2.9\tex\generic\pgf\basiclayer\
pgfcoretransformations.code.tex
File: pgfcoretransformations.code.tex 2015/08/07  (rcs-revision 1.20)
\pgf@pt@x=\dimen159
\pgf@pt@y=\dimen160
\pgf@pt@temp=\dimen161
)
(C:\Users\Chantel.Wetzel\AppData\Roaming\MiKTeX\2.9\tex\generic\pgf\basiclayer\
pgfcorequick.code.tex
File: pgfcorequick.code.tex 2008/10/09  (rcs-revision 1.3)
)
(C:\Users\Chantel.Wetzel\AppData\Roaming\MiKTeX\2.9\tex\generic\pgf\basiclayer\
pgfcoreobjects.code.tex
File: pgfcoreobjects.code.tex 2006/10/11  (rcs-revision 1.2)
)
(C:\Users\Chantel.Wetzel\AppData\Roaming\MiKTeX\2.9\tex\generic\pgf\basiclayer\
pgfcorepathprocessing.code.tex
File: pgfcorepathprocessing.code.tex 2013/09/09  (rcs-revision 1.9)
)
(C:\Users\Chantel.Wetzel\AppData\Roaming\MiKTeX\2.9\tex\generic\pgf\basiclayer\
pgfcorearrows.code.tex
File: pgfcorearrows.code.tex 2015/05/14  (rcs-revision 1.43)
\pgfarrowsep=\dimen162
)
(C:\Users\Chantel.Wetzel\AppData\Roaming\MiKTeX\2.9\tex\generic\pgf\basiclayer\
pgfcoreshade.code.tex
File: pgfcoreshade.code.tex 2013/07/15  (rcs-revision 1.15)
\pgf@max=\dimen163
\pgf@sys@shading@range@num=\count116
)
(C:\Users\Chantel.Wetzel\AppData\Roaming\MiKTeX\2.9\tex\generic\pgf\basiclayer\
pgfcoreimage.code.tex
File: pgfcoreimage.code.tex 2013/07/15  (rcs-revision 1.18)

(C:\Users\Chantel.Wetzel\AppData\Roaming\MiKTeX\2.9\tex\generic\pgf\basiclayer\
pgfcoreexternal.code.tex
File: pgfcoreexternal.code.tex 2014/07/09  (rcs-revision 1.21)
\pgfexternal@startupbox=\box39
))
(C:\Users\Chantel.Wetzel\AppData\Roaming\MiKTeX\2.9\tex\generic\pgf\basiclayer\
pgfcorelayers.code.tex
File: pgfcorelayers.code.tex 2013/07/18  (rcs-revision 1.7)
)
(C:\Users\Chantel.Wetzel\AppData\Roaming\MiKTeX\2.9\tex\generic\pgf\basiclayer\
pgfcoretransparency.code.tex
File: pgfcoretransparency.code.tex 2013/09/30  (rcs-revision 1.5)
)
(C:\Users\Chantel.Wetzel\AppData\Roaming\MiKTeX\2.9\tex\generic\pgf\basiclayer\
pgfcorepatterns.code.tex
File: pgfcorepatterns.code.tex 2013/11/07  (rcs-revision 1.5)
)))
(C:\Users\Chantel.Wetzel\AppData\Roaming\MiKTeX\2.9\tex\latex\pgf\utilities\xxc
olor.sty
Package: xxcolor 2003/10/24 ver 0.1
\XC@nummixins=\count117
\XC@countmixins=\count118
) ("C:\Program Files (x86)\MiKTeX 2.9\tex\generic\oberdiek\atbegshi.sty"
Package: atbegshi 2011/10/05 v1.16 At begin shipout hook (HO)
) ("C:\Program Files (x86)\MiKTeX 2.9\tex\latex\hyperref\hyperref.sty"
Package: hyperref 2012/11/06 v6.83m Hypertext links for LaTeX

("C:\Program Files (x86)\MiKTeX 2.9\tex\generic\oberdiek\hobsub-hyperref.sty"
Package: hobsub-hyperref 2012/04/25 v1.12 Bundle oberdiek, subset hyperref (HO)


("C:\Program Files (x86)\MiKTeX 2.9\tex\generic\oberdiek\hobsub-generic.sty"
Package: hobsub-generic 2012/04/25 v1.12 Bundle oberdiek, subset generic (HO)
Package: hobsub 2012/04/25 v1.12 Construct package bundles (HO)
Package hobsub Info: Skipping package `infwarerr' (already loaded).
Package hobsub Info: Skipping package `ltxcmds' (already loaded).
Package: ifluatex 2010/03/01 v1.3 Provides the ifluatex switch (HO)
Package ifluatex Info: LuaTeX not detected.
Package hobsub Info: Skipping package `ifvtex' (already loaded).
Package: intcalc 2007/09/27 v1.1 Expandable calculations with integers (HO)
Package hobsub Info: Skipping package `ifpdf' (already loaded).
Package: etexcmds 2011/02/16 v1.5 Avoid name clashes with e-TeX commands (HO)
Package etexcmds Info: Could not find \expanded.
(etexcmds)             That can mean that you are not using pdfTeX 1.50 or
(etexcmds)             that some package has redefined \expanded.
(etexcmds)             In the latter case, load this package earlier.
Package: kvsetkeys 2012/04/25 v1.16 Key value parser (HO)
Package: kvdefinekeys 2011/04/07 v1.3 Define keys (HO)
Package: pdftexcmds 2011/11/29 v0.20 Utility functions of pdfTeX for LuaTeX (HO
)
Package pdftexcmds Info: LuaTeX not detected.
Package pdftexcmds Info: \pdf@primitive is available.
Package pdftexcmds Info: \pdf@ifprimitive is available.
Package pdftexcmds Info: \pdfdraftmode found.
Package: pdfescape 2011/11/25 v1.13 Implements pdfTeX's escape features (HO)
Package: bigintcalc 2012/04/08 v1.3 Expandable calculations on big integers (HO
)
Package: bitset 2011/01/30 v1.1 Handle bit-vector datatype (HO)
Package: uniquecounter 2011/01/30 v1.2 Provide unlimited unique counter (HO)
)
Package hobsub Info: Skipping package `hobsub' (already loaded).
Package: letltxmacro 2010/09/02 v1.4 Let assignment for LaTeX macros (HO)
Package: hopatch 2011/06/24 v1.1 Wrapper for package hooks (HO)
Package: xcolor-patch 2011/01/30 xcolor patch
Package: atveryend 2011/06/30 v1.8 Hooks at the very end of document (HO)
Package hobsub Info: Skipping package `atbegshi' (already loaded).
Package: refcount 2011/10/16 v3.4 Data extraction from label references (HO)
Package: hycolor 2011/01/30 v1.7 Color options for hyperref/bookmark (HO)
)
("C:\Program Files (x86)\MiKTeX 2.9\tex\latex\oberdiek\auxhook.sty"
Package: auxhook 2011/03/04 v1.3 Hooks for auxiliary files (HO)
)
("C:\Program Files (x86)\MiKTeX 2.9\tex\latex\oberdiek\kvoptions.sty"
Package: kvoptions 2011/06/30 v3.11 Key value format for package options (HO)
)
\@linkdim=\dimen164
\Hy@linkcounter=\count119
\Hy@pagecounter=\count120

("C:\Program Files (x86)\MiKTeX 2.9\tex\latex\hyperref\pd1enc.def"
File: pd1enc.def 2012/11/06 v6.83m Hyperref: PDFDocEncoding definition (HO)
)
\Hy@SavedSpaceFactor=\count121

("C:\Program Files (x86)\MiKTeX 2.9\tex\latex\00miktex\hyperref.cfg"
File: hyperref.cfg 2002/06/06 v1.2 hyperref configuration of TeXLive
)
Package hyperref Info: Option `bookmarks' set `true' on input line 4319.
Package hyperref Info: Option `bookmarksopen' set `true' on input line 4319.
Package hyperref Info: Option `implicit' set `false' on input line 4319.
Package hyperref Info: Hyper figures OFF on input line 4443.
Package hyperref Info: Link nesting OFF on input line 4448.
Package hyperref Info: Hyper index ON on input line 4451.
Package hyperref Info: Plain pages OFF on input line 4458.
Package hyperref Info: Backreferencing OFF on input line 4463.
Package hyperref Info: Implicit mode OFF; no redefinition of LaTeX internals.
Package hyperref Info: Bookmarks ON on input line 4688.
\c@Hy@tempcnt=\count122

(C:\Users\Chantel.Wetzel\AppData\Roaming\MiKTeX\2.9\tex\latex\url\url.sty
\Urlmuskip=\muskip10
Package: url 2013/09/16  ver 3.4  Verb mode for urls, etc.
)
LaTeX Info: Redefining \url on input line 5041.
\XeTeXLinkMargin=\dimen165
\Fld@menulength=\count123
\Field@Width=\dimen166
\Fld@charsize=\dimen167
Package hyperref Info: Hyper figures OFF on input line 6295.
Package hyperref Info: Link nesting OFF on input line 6300.
Package hyperref Info: Hyper index ON on input line 6303.
Package hyperref Info: backreferencing OFF on input line 6310.
Package hyperref Info: Link coloring OFF on input line 6315.
Package hyperref Info: Link coloring with OCG OFF on input line 6320.
Package hyperref Info: PDF/A mode OFF on input line 6325.
LaTeX Info: Redefining \ref on input line 6365.
LaTeX Info: Redefining \pageref on input line 6369.
\Hy@abspage=\count124


Package hyperref Message: Stopped early.

)

Package hyperref Message: Driver (autodetected): hpdftex.

("C:\Program Files (x86)\MiKTeX 2.9\tex\latex\hyperref\hpdftex.def"
File: hpdftex.def 2012/11/06 v6.83m Hyperref driver for pdfTeX
\Fld@listcount=\count125
\c@bookmark@seq@number=\count126

("C:\Program Files (x86)\MiKTeX 2.9\tex\latex\oberdiek\rerunfilecheck.sty"
Package: rerunfilecheck 2011/04/15 v1.7 Rerun checks for auxiliary files (HO)
Package uniquecounter Info: New unique counter `rerunfilecheck' on input line 2
82.
))
(C:\Users\Chantel.Wetzel\AppData\Roaming\MiKTeX\2.9\tex\latex\beamer\beamerbase
requires.sty
(C:\Users\Chantel.Wetzel\AppData\Roaming\MiKTeX\2.9\tex\latex\beamer\beamerbase
compatibility.sty)
(C:\Users\Chantel.Wetzel\AppData\Roaming\MiKTeX\2.9\tex\latex\beamer\beamerbase
font.sty ("C:\Program Files (x86)\MiKTeX 2.9\tex\latex\amsfonts\amssymb.sty"
Package: amssymb 2013/01/14 v3.01 AMS font symbols

("C:\Program Files (x86)\MiKTeX 2.9\tex\latex\amsfonts\amsfonts.sty"
Package: amsfonts 2013/01/14 v3.01 Basic AMSFonts support
\@emptytoks=\toks26
\symAMSa=\mathgroup4
\symAMSb=\mathgroup5
LaTeX Font Info:    Overwriting math alphabet `\mathfrak' in version `bold'
(Font)                  U/euf/m/n --> U/euf/b/n on input line 106.
))
(C:\Users\Chantel.Wetzel\AppData\Roaming\MiKTeX\2.9\tex\latex\sansmathaccent\sa
nsmathaccent.sty
Package: sansmathaccent 2013/03/28

(C:\Users\Chantel.Wetzel\AppData\Roaming\MiKTeX\2.9\tex\latex\filehook\filehook
.sty
Package: filehook 2011/10/12 v0.5d Hooks for input files
)))
(C:\Users\Chantel.Wetzel\AppData\Roaming\MiKTeX\2.9\tex\latex\beamer\beamerbase
translator.sty
(C:\Users\Chantel.Wetzel\AppData\Roaming\MiKTeX\2.9\tex\latex\beamer\translator
\translator.sty
Package: translator 2010/06/12 ver 1.10

(C:\Users\Chantel.Wetzel\AppData\Roaming\MiKTeX\2.9\tex\latex\beamer\translator
\translator-language-mappings.tex)))
(C:\Users\Chantel.Wetzel\AppData\Roaming\MiKTeX\2.9\tex\latex\beamer\beamerbase
misc.sty)
(C:\Users\Chantel.Wetzel\AppData\Roaming\MiKTeX\2.9\tex\latex\beamer\beamerbase
twoscreens.sty)
(C:\Users\Chantel.Wetzel\AppData\Roaming\MiKTeX\2.9\tex\latex\beamer\beamerbase
overlay.sty
\beamer@argscount=\count127
\beamer@lastskipcover=\skip44
\beamer@trivlistdepth=\count128
)
(C:\Users\Chantel.Wetzel\AppData\Roaming\MiKTeX\2.9\tex\latex\beamer\beamerbase
title.sty)
(C:\Users\Chantel.Wetzel\AppData\Roaming\MiKTeX\2.9\tex\latex\beamer\beamerbase
section.sty
\c@lecture=\count129
\c@part=\count130
\c@section=\count131
\c@subsection=\count132
\c@subsubsection=\count133
)
(C:\Users\Chantel.Wetzel\AppData\Roaming\MiKTeX\2.9\tex\latex\beamer\beamerbase
frame.sty
\beamer@framebox=\box40
\beamer@frametitlebox=\box41
\beamer@zoombox=\box42
\beamer@zoomcount=\count134
\beamer@zoomframecount=\count135
\beamer@frametextheight=\dimen168
\c@subsectionslide=\count136
\beamer@frametopskip=\skip45
\beamer@framebottomskip=\skip46
\beamer@frametopskipautobreak=\skip47
\beamer@framebottomskipautobreak=\skip48
\beamer@envbody=\toks27
\framewidth=\dimen169
\c@framenumber=\count137
)
(C:\Users\Chantel.Wetzel\AppData\Roaming\MiKTeX\2.9\tex\latex\beamer\beamerbase
verbatim.sty
\beamer@verbatimfileout=\write4
)
(C:\Users\Chantel.Wetzel\AppData\Roaming\MiKTeX\2.9\tex\latex\beamer\beamerbase
framesize.sty
\beamer@splitbox=\box43
\beamer@autobreakcount=\count138
\beamer@autobreaklastheight=\dimen170
\beamer@frametitletoks=\toks28
\beamer@framesubtitletoks=\toks29
)
(C:\Users\Chantel.Wetzel\AppData\Roaming\MiKTeX\2.9\tex\latex\beamer\beamerbase
framecomponents.sty
\beamer@footins=\box44
)
(C:\Users\Chantel.Wetzel\AppData\Roaming\MiKTeX\2.9\tex\latex\beamer\beamerbase
color.sty)
(C:\Users\Chantel.Wetzel\AppData\Roaming\MiKTeX\2.9\tex\latex\beamer\beamerbase
notes.sty
\beamer@frameboxcopy=\box45
)
(C:\Users\Chantel.Wetzel\AppData\Roaming\MiKTeX\2.9\tex\latex\beamer\beamerbase
toc.sty)
(C:\Users\Chantel.Wetzel\AppData\Roaming\MiKTeX\2.9\tex\latex\beamer\beamerbase
templates.sty
\beamer@sbttoks=\toks30

(C:\Users\Chantel.Wetzel\AppData\Roaming\MiKTeX\2.9\tex\latex\beamer\beamerbase
auxtemplates.sty
(C:\Users\Chantel.Wetzel\AppData\Roaming\MiKTeX\2.9\tex\latex\beamer\beamerbase
boxes.sty
\bmb@box=\box46
\bmb@colorbox=\box47
\bmb@boxshadow=\box48
\bmb@boxshadowball=\box49
\bmb@boxshadowballlarge=\box50
\bmb@temp=\dimen171
\bmb@dima=\dimen172
\bmb@dimb=\dimen173
\bmb@prevheight=\dimen174
)
\beamer@blockheadheight=\dimen175
))
(C:\Users\Chantel.Wetzel\AppData\Roaming\MiKTeX\2.9\tex\latex\beamer\beamerbase
localstructure.sty
("C:\Program Files (x86)\MiKTeX 2.9\tex\latex\tools\enumerate.sty"
Package: enumerate 2015/07/23 v3.00 enumerate extensions (DPC)
\@enLab=\toks31
)
\c@figure=\count139
\c@table=\count140
\abovecaptionskip=\skip49
\belowcaptionskip=\skip50
)
(C:\Users\Chantel.Wetzel\AppData\Roaming\MiKTeX\2.9\tex\latex\beamer\beamerbase
navigation.sty
\beamer@section@min@dim=\dimen176
)
(C:\Users\Chantel.Wetzel\AppData\Roaming\MiKTeX\2.9\tex\latex\beamer\beamerbase
theorems.sty ("C:\Program Files (x86)\MiKTeX 2.9\tex\latex\amsmath\amsmath.sty"
Package: amsmath 2013/01/14 v2.14 AMS math features
\@mathmargin=\skip51
For additional information on amsmath, use the `?' option.
("C:\Program Files (x86)\MiKTeX 2.9\tex\latex\amsmath\amstext.sty"
Package: amstext 2000/06/29 v2.01

("C:\Program Files (x86)\MiKTeX 2.9\tex\latex\amsmath\amsgen.sty"
File: amsgen.sty 1999/11/30 v2.0
\@emptytoks=\toks32
\ex@=\dimen177
))
("C:\Program Files (x86)\MiKTeX 2.9\tex\latex\amsmath\amsbsy.sty"
Package: amsbsy 1999/11/29 v1.2d
\pmbraise@=\dimen178
)
("C:\Program Files (x86)\MiKTeX 2.9\tex\latex\amsmath\amsopn.sty"
Package: amsopn 1999/12/14 v2.01 operator names
)
\inf@bad=\count141
LaTeX Info: Redefining \frac on input line 210.
\uproot@=\count142
\leftroot@=\count143
LaTeX Info: Redefining \overline on input line 306.
\classnum@=\count144
\DOTSCASE@=\count145
LaTeX Info: Redefining \ldots on input line 378.
LaTeX Info: Redefining \dots on input line 381.
LaTeX Info: Redefining \cdots on input line 466.
\Mathstrutbox@=\box51
\strutbox@=\box52
\big@size=\dimen179
LaTeX Font Info:    Redeclaring font encoding OML on input line 566.
LaTeX Font Info:    Redeclaring font encoding OMS on input line 567.
\macc@depth=\count146
\c@MaxMatrixCols=\count147
\dotsspace@=\muskip11
\c@parentequation=\count148
\dspbrk@lvl=\count149
\tag@help=\toks33
\row@=\count150
\column@=\count151
\maxfields@=\count152
\andhelp@=\toks34
\eqnshift@=\dimen180
\alignsep@=\dimen181
\tagshift@=\dimen182
\tagwidth@=\dimen183
\totwidth@=\dimen184
\lineht@=\dimen185
\@envbody=\toks35
\multlinegap=\skip52
\multlinetaggap=\skip53
\mathdisplay@stack=\toks36
LaTeX Info: Redefining \[ on input line 2665.
LaTeX Info: Redefining \] on input line 2666.
)
("C:\Program Files (x86)\MiKTeX 2.9\tex\latex\amscls\amsthm.sty"
Package: amsthm 2015/03/04 v2.20.2
\thm@style=\toks37
\thm@bodyfont=\toks38
\thm@headfont=\toks39
\thm@notefont=\toks40
\thm@headpunct=\toks41
\thm@preskip=\skip54
\thm@postskip=\skip55
\thm@headsep=\skip56
\dth@everypar=\toks42
)
\c@theorem=\count153
)
(C:\Users\Chantel.Wetzel\AppData\Roaming\MiKTeX\2.9\tex\latex\beamer\beamerbase
themes.sty))
(C:\Users\Chantel.Wetzel\AppData\Roaming\MiKTeX\2.9\tex\latex\beamer\themes\the
me\beamerthemedefault.sty
(C:\Users\Chantel.Wetzel\AppData\Roaming\MiKTeX\2.9\tex\latex\beamer\themes\fon
t\beamerfontthemedefault.sty)
(C:\Users\Chantel.Wetzel\AppData\Roaming\MiKTeX\2.9\tex\latex\beamer\themes\col
or\beamercolorthemedefault.sty)
(C:\Users\Chantel.Wetzel\AppData\Roaming\MiKTeX\2.9\tex\latex\beamer\themes\inn
er\beamerinnerthemedefault.sty
\beamer@dima=\dimen186
\beamer@dimb=\dimen187
)
(C:\Users\Chantel.Wetzel\AppData\Roaming\MiKTeX\2.9\tex\latex\beamer\themes\out
er\beamerouterthemedefault.sty)))
(C:\Users\Chantel.Wetzel\AppData\Roaming\MiKTeX\2.9\tex\latex\framed\framed.sty
Package: framed 2011/10/22 v 0.96: framed or shaded text with page breaks
\OuterFrameSep=\skip57
\fb@frw=\dimen188
\fb@frh=\dimen189
\FrameRule=\dimen190
\FrameSep=\dimen191
) ("C:\Program Files (x86)\MiKTeX 2.9\tex\latex\base\alltt.sty"
Package: alltt 1997/06/16 v2.0g defines alltt environment
)
(C:\Users\Chantel.Wetzel\AppData\Roaming\MiKTeX\2.9\tex\latex\beamer\themes\the
me\beamerthemeSingapore.sty
(C:\Users\Chantel.Wetzel\AppData\Roaming\MiKTeX\2.9\tex\latex\beamer\themes\out
er\beamerouterthememiniframes.sty))
(C:\Users\Chantel.Wetzel\AppData\Roaming\MiKTeX\2.9\tex\latex\pgf\basiclayer\pg
f.sty
Package: pgf 2015/08/07 v3.0.1a (rcs-revision 1.15)

(C:\Users\Chantel.Wetzel\AppData\Roaming\MiKTeX\2.9\tex\generic\pgf\modules\pgf
moduleshapes.code.tex
File: pgfmoduleshapes.code.tex 2014/03/21  (rcs-revision 1.35)
\pgfnodeparttextbox=\box53
)
(C:\Users\Chantel.Wetzel\AppData\Roaming\MiKTeX\2.9\tex\generic\pgf\modules\pgf
moduleplot.code.tex
File: pgfmoduleplot.code.tex 2015/08/03  (rcs-revision 1.13)
)
(C:\Users\Chantel.Wetzel\AppData\Roaming\MiKTeX\2.9\tex\latex\pgf\compatibility
\pgfcomp-version-0-65.sty
Package: pgfcomp-version-0-65 2007/07/03 v3.0.1a (rcs-revision 1.7)
\pgf@nodesepstart=\dimen192
\pgf@nodesepend=\dimen193
)
(C:\Users\Chantel.Wetzel\AppData\Roaming\MiKTeX\2.9\tex\latex\pgf\compatibility
\pgfcomp-version-1-18.sty
Package: pgfcomp-version-1-18 2007/07/23 v3.0.1a (rcs-revision 1.1)
))
("C:\Program Files (x86)\MiKTeX 2.9\tex\latex\tools\array.sty"
Package: array 2014/10/28 v2.4c Tabular extension package (FMi)
\col@sep=\dimen194
\extrarowheight=\dimen195
\NC@list=\toks43
\extratabsurround=\skip58
\backup@length=\skip59
)
("C:\Program Files (x86)\MiKTeX 2.9\tex\latex\tools\tabularx.sty"
Package: tabularx 2014/10/28 v2.10 `tabularx' package (DPC)
\TX@col@width=\dimen196
\TX@old@table=\dimen197
\TX@old@col=\dimen198
\TX@target=\dimen199
\TX@delta=\dimen256
\TX@cols=\count154
\TX@ftn=\toks44
)
(C:\Users\Chantel.Wetzel\AppData\Roaming\MiKTeX\2.9\tex\latex\booktabs\booktabs
.sty
Package: booktabs 2005/04/14 v1.61803 publication quality tables
\heavyrulewidth=\dimen257
\lightrulewidth=\dimen258
\cmidrulewidth=\dimen259
\belowrulesep=\dimen260
\belowbottomsep=\dimen261
\aboverulesep=\dimen262
\abovetopsep=\dimen263
\cmidrulesep=\dimen264
\cmidrulekern=\dimen265
\defaultaddspace=\dimen266
\@cmidla=\count155
\@cmidlb=\count156
\@aboverulesep=\dimen267
\@belowrulesep=\dimen268
\@thisruleclass=\count157
\@lastruleclass=\count158
\@thisrulewidth=\dimen269
) ("C:\Program Files (x86)\MiKTeX 2.9\tex\latex\multirow\multirow.sty"
\bigstrutjot=\dimen270
)
("C:\Program Files (x86)\MiKTeX 2.9\tex\latex\tools\multicol.sty"
Package: multicol 2015/08/19 v1.8n multicolumn formatting (FMi)
\c@tracingmulticols=\count159
\mult@box=\box54
\multicol@leftmargin=\dimen271
\c@unbalance=\count160
\c@collectmore=\count161
\doublecol@number=\count162
\multicoltolerance=\count163
\multicolpretolerance=\count164
\full@width=\dimen272
\page@free=\dimen273
\premulticols=\dimen274
\postmulticols=\dimen275
\multicolsep=\skip60
\multicolbaselineskip=\skip61
\partial@page=\box55
\last@line=\box56
\maxbalancingoverflow=\dimen276
\mult@rightbox=\box57
\mult@grightbox=\box58
\mult@gfirstbox=\box59
\mult@firstbox=\box60
\@tempa=\box61
\@tempa=\box62
\@tempa=\box63
\@tempa=\box64
\@tempa=\box65
\@tempa=\box66
\@tempa=\box67
\@tempa=\box68
\@tempa=\box69
\@tempa=\box70
\@tempa=\box71
\@tempa=\box72
\@tempa=\box73
\@tempa=\box74
\@tempa=\box75
\@tempa=\box76
\@tempa=\box77
\c@columnbadness=\count165
\c@finalcolumnbadness=\count166
\last@try=\dimen277
\multicolovershoot=\dimen278
\multicolundershoot=\dimen279
\mult@nat@firstbox=\box78
\colbreak@box=\box79
\mc@col@check@num=\count167
)
("C:\Program Files (x86)\MiKTeX 2.9\tex\latex\base\fontenc.sty"
Package: fontenc 2005/09/27 v1.99g Standard LaTeX package

("C:\Program Files (x86)\MiKTeX 2.9\tex\latex\base\t1enc.def"
File: t1enc.def 2005/09/27 v1.99g Standard LaTeX file
LaTeX Font Info:    Redeclaring font encoding T1 on input line 48.
))
(C:\Users\Chantel.Wetzel\AppData\Roaming\MiKTeX\2.9\tex\latex\pgf\frontendlayer
\tikz.sty
(C:\Users\Chantel.Wetzel\AppData\Roaming\MiKTeX\2.9\tex\latex\pgf\utilities\pgf
for.sty
(C:\Users\Chantel.Wetzel\AppData\Roaming\MiKTeX\2.9\tex\latex\pgf\utilities\pgf
keys.sty
(C:\Users\Chantel.Wetzel\AppData\Roaming\MiKTeX\2.9\tex\generic\pgf\utilities\p
gfkeys.code.tex))
(C:\Users\Chantel.Wetzel\AppData\Roaming\MiKTeX\2.9\tex\latex\pgf\math\pgfmath.
sty
(C:\Users\Chantel.Wetzel\AppData\Roaming\MiKTeX\2.9\tex\generic\pgf\math\pgfmat
h.code.tex))
(C:\Users\Chantel.Wetzel\AppData\Roaming\MiKTeX\2.9\tex\generic\pgf\utilities\p
gffor.code.tex
Package: pgffor 2013/12/13 v3.0.1a (rcs-revision 1.25)

(C:\Users\Chantel.Wetzel\AppData\Roaming\MiKTeX\2.9\tex\generic\pgf\math\pgfmat
h.code.tex)
\pgffor@iter=\dimen280
\pgffor@skip=\dimen281
\pgffor@stack=\toks45
\pgffor@toks=\toks46
))
(C:\Users\Chantel.Wetzel\AppData\Roaming\MiKTeX\2.9\tex\generic\pgf\frontendlay
er\tikz\tikz.code.tex
Package: tikz 2015/08/07 v3.0.1a (rcs-revision 1.151)

(C:\Users\Chantel.Wetzel\AppData\Roaming\MiKTeX\2.9\tex\generic\pgf\libraries\p
gflibraryplothandlers.code.tex
File: pgflibraryplothandlers.code.tex 2013/08/31 v3.0.1a (rcs-revision 1.20)
\pgf@plot@mark@count=\count168
\pgfplotmarksize=\dimen282
)
\tikz@lastx=\dimen283
\tikz@lasty=\dimen284
\tikz@lastxsaved=\dimen285
\tikz@lastysaved=\dimen286
\tikzleveldistance=\dimen287
\tikzsiblingdistance=\dimen288
\tikz@figbox=\box80
\tikz@figbox@bg=\box81
\tikz@tempbox=\box82
\tikz@tempbox@bg=\box83
\tikztreelevel=\count169
\tikznumberofchildren=\count170
\tikznumberofcurrentchild=\count171
\tikz@fig@count=\count172

(C:\Users\Chantel.Wetzel\AppData\Roaming\MiKTeX\2.9\tex\generic\pgf\modules\pgf
modulematrix.code.tex
File: pgfmodulematrix.code.tex 2013/09/17  (rcs-revision 1.8)
\pgfmatrixcurrentrow=\count173
\pgfmatrixcurrentcolumn=\count174
\pgf@matrix@numberofcolumns=\count175
)
\tikz@expandcount=\count176

(C:\Users\Chantel.Wetzel\AppData\Roaming\MiKTeX\2.9\tex\generic\pgf\frontendlay
er\tikz\libraries\tikzlibrarytopaths.code.tex
File: tikzlibrarytopaths.code.tex 2008/06/17 v3.0.1a (rcs-revision 1.2)
)))
\c@saveenumi=\count177


Package hyperref Warning: Token not allowed in a PDF string (PDFDocEncoding):
(hyperref)                removing `math shift' on input line 130.


Package hyperref Warning: Token not allowed in a PDF string (PDFDocEncoding):
(hyperref)                removing `superscript' on input line 130.


Package hyperref Warning: Token not allowed in a PDF string (PDFDocEncoding):
(hyperref)                removing `math shift' on input line 130.


Package hyperref Warning: Token not allowed in a PDF string (PDFDocEncoding):
(hyperref)                removing `\\' on input line 130.


Package hyperref Warning: Token not allowed in a PDF string (PDFDocEncoding):
(hyperref)                removing `math shift' on input line 130.


Package hyperref Warning: Token not allowed in a PDF string (PDFDocEncoding):
(hyperref)                removing `superscript' on input line 130.


Package hyperref Warning: Token not allowed in a PDF string (PDFDocEncoding):
(hyperref)                removing `math shift' on input line 130.


(C:\Users\Chantel.Wetzel\AppData\Roaming\MiKTeX\2.9\tex\latex\upquote\upquote.s
ty
Package: upquote 2012/04/19 v1.3 upright-quote and grave-accent glyphs in verba
tim
 ("C:\Program Files (x86)\MiKTeX 2.9\tex\latex\base\textcomp.sty"
Package: textcomp 2005/09/27 v1.99g Standard LaTeX package
Package textcomp Info: Sub-encoding information:
(textcomp)               5 = only ISO-Adobe without \textcurrency
(textcomp)               4 = 5 + \texteuro
(textcomp)               3 = 4 + \textohm
(textcomp)               2 = 3 + \textestimated + \textcurrency
(textcomp)               1 = TS1 - \textcircled - \t
(textcomp)               0 = TS1 (full)
(textcomp)             Font families with sub-encoding setting implement
(textcomp)             only a restricted character set as indicated.
(textcomp)             Family '?' is the default used for unknown fonts.
(textcomp)             See the documentation for details.
Package textcomp Info: Setting ? sub-encoding to TS1/1 on input line 79.

("C:\Program Files (x86)\MiKTeX 2.9\tex\latex\base\ts1enc.def"
File: ts1enc.def 2001/06/05 v3.0e (jk/car/fm) Standard LaTeX file
)
LaTeX Info: Redefining \oldstylenums on input line 334.
Package textcomp Info: Setting cmr sub-encoding to TS1/0 on input line 349.
Package textcomp Info: Setting cmss sub-encoding to TS1/0 on input line 350.
Package textcomp Info: Setting cmtt sub-encoding to TS1/0 on input line 351.
Package textcomp Info: Setting cmvtt sub-encoding to TS1/0 on input line 352.
Package textcomp Info: Setting cmbr sub-encoding to TS1/0 on input line 353.
Package textcomp Info: Setting cmtl sub-encoding to TS1/0 on input line 354.
Package textcomp Info: Setting ccr sub-encoding to TS1/0 on input line 355.
Package textcomp Info: Setting ptm sub-encoding to TS1/4 on input line 356.
Package textcomp Info: Setting pcr sub-encoding to TS1/4 on input line 357.
Package textcomp Info: Setting phv sub-encoding to TS1/4 on input line 358.
Package textcomp Info: Setting ppl sub-encoding to TS1/3 on input line 359.
Package textcomp Info: Setting pag sub-encoding to TS1/4 on input line 360.
Package textcomp Info: Setting pbk sub-encoding to TS1/4 on input line 361.
Package textcomp Info: Setting pnc sub-encoding to TS1/4 on input line 362.
Package textcomp Info: Setting pzc sub-encoding to TS1/4 on input line 363.
Package textcomp Info: Setting bch sub-encoding to TS1/4 on input line 364.
Package textcomp Info: Setting put sub-encoding to TS1/5 on input line 365.
Package textcomp Info: Setting uag sub-encoding to TS1/5 on input line 366.
Package textcomp Info: Setting ugq sub-encoding to TS1/5 on input line 367.
Package textcomp Info: Setting ul8 sub-encoding to TS1/4 on input line 368.
Package textcomp Info: Setting ul9 sub-encoding to TS1/4 on input line 369.
Package textcomp Info: Setting augie sub-encoding to TS1/5 on input line 370.
Package textcomp Info: Setting dayrom sub-encoding to TS1/3 on input line 371.
Package textcomp Info: Setting dayroms sub-encoding to TS1/3 on input line 372.

Package textcomp Info: Setting pxr sub-encoding to TS1/0 on input line 373.
Package textcomp Info: Setting pxss sub-encoding to TS1/0 on input line 374.
Package textcomp Info: Setting pxtt sub-encoding to TS1/0 on input line 375.
Package textcomp Info: Setting txr sub-encoding to TS1/0 on input line 376.
Package textcomp Info: Setting txss sub-encoding to TS1/0 on input line 377.
Package textcomp Info: Setting txtt sub-encoding to TS1/0 on input line 378.
Package textcomp Info: Setting lmr sub-encoding to TS1/0 on input line 379.
Package textcomp Info: Setting lmdh sub-encoding to TS1/0 on input line 380.
Package textcomp Info: Setting lmss sub-encoding to TS1/0 on input line 381.
Package textcomp Info: Setting lmssq sub-encoding to TS1/0 on input line 382.
Package textcomp Info: Setting lmvtt sub-encoding to TS1/0 on input line 383.
Package textcomp Info: Setting lmtt sub-encoding to TS1/0 on input line 384.
Package textcomp Info: Setting qhv sub-encoding to TS1/0 on input line 385.
Package textcomp Info: Setting qag sub-encoding to TS1/0 on input line 386.
Package textcomp Info: Setting qbk sub-encoding to TS1/0 on input line 387.
Package textcomp Info: Setting qcr sub-encoding to TS1/0 on input line 388.
Package textcomp Info: Setting qcs sub-encoding to TS1/0 on input line 389.
Package textcomp Info: Setting qpl sub-encoding to TS1/0 on input line 390.
Package textcomp Info: Setting qtm sub-encoding to TS1/0 on input line 391.
Package textcomp Info: Setting qzc sub-encoding to TS1/0 on input line 392.
Package textcomp Info: Setting qhvc sub-encoding to TS1/0 on input line 393.
Package textcomp Info: Setting futs sub-encoding to TS1/4 on input line 394.
Package textcomp Info: Setting futx sub-encoding to TS1/4 on input line 395.
Package textcomp Info: Setting futj sub-encoding to TS1/4 on input line 396.
Package textcomp Info: Setting hlh sub-encoding to TS1/3 on input line 397.
Package textcomp Info: Setting hls sub-encoding to TS1/3 on input line 398.
Package textcomp Info: Setting hlst sub-encoding to TS1/3 on input line 399.
Package textcomp Info: Setting hlct sub-encoding to TS1/5 on input line 400.
Package textcomp Info: Setting hlx sub-encoding to TS1/5 on input line 401.
Package textcomp Info: Setting hlce sub-encoding to TS1/5 on input line 402.
Package textcomp Info: Setting hlcn sub-encoding to TS1/5 on input line 403.
Package textcomp Info: Setting hlcw sub-encoding to TS1/5 on input line 404.
Package textcomp Info: Setting hlcf sub-encoding to TS1/5 on input line 405.
Package textcomp Info: Setting pplx sub-encoding to TS1/3 on input line 406.
Package textcomp Info: Setting pplj sub-encoding to TS1/3 on input line 407.
Package textcomp Info: Setting ptmx sub-encoding to TS1/4 on input line 408.
Package textcomp Info: Setting ptmj sub-encoding to TS1/4 on input line 409.
))
(POP_2017_STAR_Model_Results.aux)
\openout1 = `POP_2017_STAR_Model_Results.aux'.

LaTeX Font Info:    Checking defaults for OML/cmm/m/it on input line 140.
LaTeX Font Info:    ... okay on input line 140.
LaTeX Font Info:    Checking defaults for T1/cmr/m/n on input line 140.
LaTeX Font Info:    ... okay on input line 140.
LaTeX Font Info:    Checking defaults for OT1/cmr/m/n on input line 140.
LaTeX Font Info:    ... okay on input line 140.
LaTeX Font Info:    Checking defaults for OMS/cmsy/m/n on input line 140.
LaTeX Font Info:    ... okay on input line 140.
LaTeX Font Info:    Checking defaults for OMX/cmex/m/n on input line 140.
LaTeX Font Info:    ... okay on input line 140.
LaTeX Font Info:    Checking defaults for U/cmr/m/n on input line 140.
LaTeX Font Info:    ... okay on input line 140.
LaTeX Font Info:    Checking defaults for PD1/pdf/m/n on input line 140.
LaTeX Font Info:    ... okay on input line 140.
LaTeX Font Info:    Checking defaults for TS1/cmr/m/n on input line 140.
LaTeX Font Info:    Try loading font information for TS1+cmr on input line 140.


("C:\Program Files (x86)\MiKTeX 2.9\tex\latex\base\ts1cmr.fd"
File: ts1cmr.fd 2014/09/29 v2.5h Standard LaTeX font definitions
)
LaTeX Font Info:    ... okay on input line 140.

*geometry* driver: auto-detecting
*geometry* detected driver: pdftex
*geometry* verbose mode - [ preamble ] result:
* driver: pdftex
* paper: custom
* layout: <same size as paper>
* layoutoffset:(h,v)=(0.0pt,0.0pt)
* modes: includehead includefoot 
* h-part:(L,W,R)=(7.22743pt, 349.7405pt, 7.22743pt)
* v-part:(T,H,B)=(0.0pt, 273.14662pt, 0.0pt)
* \paperwidth=364.19536pt
* \paperheight=273.14662pt
* \textwidth=349.7405pt
* \textheight=244.6939pt
* \oddsidemargin=-65.04256pt
* \evensidemargin=-65.04256pt
* \topmargin=-72.26999pt
* \headheight=14.22636pt
* \headsep=0.0pt
* \topskip=11.0pt
* \footskip=14.22636pt
* \marginparwidth=4.0pt
* \marginparsep=10.0pt
* \columnsep=10.0pt
* \skip\footins=10.0pt plus 4.0pt minus 2.0pt
* \hoffset=0.0pt
* \voffset=0.0pt
* \mag=1000
* \@twocolumnfalse
* \@twosidefalse
* \@mparswitchfalse
* \@reversemarginfalse
* (1in=72.27pt=25.4mm, 1cm=28.453pt)


(C:\Users\Chantel.Wetzel\AppData\Roaming\MiKTeX\2.9\tex\context\base\supp-pdf.m
kii
[Loading MPS to PDF converter (version 2006.09.02).]
\scratchcounter=\count178
\scratchdimen=\dimen289
\scratchbox=\box84
\nofMPsegments=\count179
\nofMParguments=\count180
\everyMPshowfont=\toks47
\MPscratchCnt=\count181
\MPscratchDim=\dimen290
\MPnumerator=\count182
\makeMPintoPDFobject=\count183
\everyMPtoPDFconversion=\toks48
) ABD: EveryShipout initializing macros
\AtBeginShipoutBox=\box85
Package hyperref Info: Link coloring OFF on input line 140.

("C:\Program Files (x86)\MiKTeX 2.9\tex\latex\hyperref\nameref.sty"
Package: nameref 2012/10/27 v2.43 Cross-referencing by name of section

("C:\Program Files (x86)\MiKTeX 2.9\tex\generic\oberdiek\gettitlestring.sty"
Package: gettitlestring 2010/12/03 v1.4 Cleanup title references (HO)
)
\c@section@level=\count184
)
LaTeX Info: Redefining \ref on input line 140.
LaTeX Info: Redefining \pageref on input line 140.
LaTeX Info: Redefining \nameref on input line 140.

(POP_2017_STAR_Model_Results.out) (POP_2017_STAR_Model_Results.out)
\@outlinefile=\write5
\openout5 = `POP_2017_STAR_Model_Results.out'.

LaTeX Font Info:    Overwriting symbol font `operators' in version `normal'
(Font)                  OT1/cmr/m/n --> OT1/cmss/m/n on input line 140.
LaTeX Font Info:    Overwriting symbol font `operators' in version `bold'
(Font)                  OT1/cmr/bx/n --> OT1/cmss/bx/n on input line 140.
\symnumbers=\mathgroup6
\sympureletters=\mathgroup7
LaTeX Font Info:    Overwriting math alphabet `\mathrm' in version `normal'
(Font)                  OT1/cmss/m/n --> T1/cmr/m/n on input line 140.
LaTeX Font Info:    Redeclaring math alphabet \mathbf on input line 140.
LaTeX Font Info:    Overwriting math alphabet `\mathbf' in version `normal'
(Font)                  OT1/cmr/bx/n --> T1/cmss/bx/n on input line 140.
LaTeX Font Info:    Overwriting math alphabet `\mathbf' in version `bold'
(Font)                  OT1/cmr/bx/n --> T1/cmss/bx/n on input line 140.
LaTeX Font Info:    Redeclaring math alphabet \mathsf on input line 140.
LaTeX Font Info:    Overwriting math alphabet `\mathsf' in version `normal'
(Font)                  OT1/cmss/m/n --> T1/cmss/m/n on input line 140.
LaTeX Font Info:    Overwriting math alphabet `\mathsf' in version `bold'
(Font)                  OT1/cmss/bx/n --> T1/cmss/m/n on input line 140.
LaTeX Font Info:    Redeclaring math alphabet \mathit on input line 140.
LaTeX Font Info:    Overwriting math alphabet `\mathit' in version `normal'
(Font)                  OT1/cmr/m/it --> T1/cmss/m/it on input line 140.
LaTeX Font Info:    Overwriting math alphabet `\mathit' in version `bold'
(Font)                  OT1/cmr/bx/it --> T1/cmss/m/it on input line 140.
LaTeX Font Info:    Redeclaring math alphabet \mathtt on input line 140.
LaTeX Font Info:    Overwriting math alphabet `\mathtt' in version `normal'
(Font)                  OT1/cmtt/m/n --> T1/cmtt/m/n on input line 140.
LaTeX Font Info:    Overwriting math alphabet `\mathtt' in version `bold'
(Font)                  OT1/cmtt/m/n --> T1/cmtt/m/n on input line 140.
LaTeX Font Info:    Overwriting symbol font `numbers' in version `bold'
(Font)                  T1/cmss/m/n --> T1/cmss/bx/n on input line 140.
LaTeX Font Info:    Overwriting symbol font `pureletters' in version `bold'
(Font)                  T1/cmss/m/it --> T1/cmss/bx/it on input line 140.
LaTeX Font Info:    Overwriting math alphabet `\mathrm' in version `bold'
(Font)                  OT1/cmss/bx/n --> T1/cmr/bx/n on input line 140.
LaTeX Font Info:    Overwriting math alphabet `\mathbf' in version `bold'
(Font)                  T1/cmss/bx/n --> T1/cmss/bx/n on input line 140.
LaTeX Font Info:    Overwriting math alphabet `\mathsf' in version `bold'
(Font)                  T1/cmss/m/n --> T1/cmss/bx/n on input line 140.
LaTeX Font Info:    Overwriting math alphabet `\mathit' in version `bold'
(Font)                  T1/cmss/m/it --> T1/cmss/bx/it on input line 140.
LaTeX Font Info:    Overwriting math alphabet `\mathtt' in version `bold'
(Font)                  T1/cmtt/m/n --> T1/cmtt/bx/n on input line 140.
LaTeX Font Info:    Redeclaring symbol font `pureletters' on input line 140.
LaTeX Font Info:    Encoding `T1' has changed to `OT1' for symbol font
(Font)              `pureletters' in the math version `normal' on input line 14
0.
LaTeX Font Info:    Overwriting symbol font `pureletters' in version `normal'
(Font)                  T1/cmss/m/it --> OT1/mathkerncmss/m/sl on input line 14
0.
LaTeX Font Info:    Encoding `T1' has changed to `OT1' for symbol font
(Font)              `pureletters' in the math version `bold' on input line 140.

LaTeX Font Info:    Overwriting symbol font `pureletters' in version `bold'
(Font)                  T1/cmss/bx/it --> OT1/mathkerncmss/m/sl on input line 1
40.
LaTeX Font Info:    Overwriting symbol font `pureletters' in version `bold'
(Font)                  OT1/mathkerncmss/m/sl --> OT1/mathkerncmss/bx/sl on inp
ut line 140.

(C:\Users\Chantel.Wetzel\AppData\Roaming\MiKTeX\2.9\tex\latex\beamer\translator
\dicts\translator-basic-dictionary\translator-basic-dictionary-English.dict
Dictionary: translator-basic-dictionary, Language: English 
)
(C:\Users\Chantel.Wetzel\AppData\Roaming\MiKTeX\2.9\tex\latex\beamer\translator
\dicts\translator-bibliography-dictionary\translator-bibliography-dictionary-En
glish.dict
Dictionary: translator-bibliography-dictionary, Language: English 
)
(C:\Users\Chantel.Wetzel\AppData\Roaming\MiKTeX\2.9\tex\latex\beamer\translator
\dicts\translator-environment-dictionary\translator-environment-dictionary-Engl
ish.dict
Dictionary: translator-environment-dictionary, Language: English 
)
(C:\Users\Chantel.Wetzel\AppData\Roaming\MiKTeX\2.9\tex\latex\beamer\translator
\dicts\translator-months-dictionary\translator-months-dictionary-English.dict
Dictionary: translator-months-dictionary, Language: English 
)
(C:\Users\Chantel.Wetzel\AppData\Roaming\MiKTeX\2.9\tex\latex\beamer\translator
\dicts\translator-numbers-dictionary\translator-numbers-dictionary-English.dict
Dictionary: translator-numbers-dictionary, Language: English 
)
(C:\Users\Chantel.Wetzel\AppData\Roaming\MiKTeX\2.9\tex\latex\beamer\translator
\dicts\translator-theorem-dictionary\translator-theorem-dictionary-English.dict
Dictionary: translator-theorem-dictionary, Language: English 
)
LaTeX Info: Redefining \includegraphics on input line 140.
 (POP_2017_STAR_Model_Results.nav)
LaTeX Font Info:    Try loading font information for U+msa on input line 144.

("C:\Program Files (x86)\MiKTeX 2.9\tex\latex\amsfonts\umsa.fd"
File: umsa.fd 2013/01/14 v3.01 AMS symbols A
)
LaTeX Font Info:    Try loading font information for U+msb on input line 144.

("C:\Program Files (x86)\MiKTeX 2.9\tex\latex\amsfonts\umsb.fd"
File: umsb.fd 2013/01/14 v3.01 AMS symbols B
)
LaTeX Font Info:    Try loading font information for OT1+mathkerncmss on input 
line 144.

(C:\Users\Chantel.Wetzel\AppData\Roaming\MiKTeX\2.9\tex\latex\sansmathaccent\ot
1mathkerncmss.fd
File: ot1mathkerncmss.fd 2013/03/27 Fontinst v1.933 font definitions for OT1/ma
thkerncmss.
) <noaalogo.jpg, id=140, 290.58563pt x 280.79906pt>
File: noaalogo.jpg Graphic file (type jpg)

<use noaalogo.jpg>
Package pdftex.def Info: noaalogo.jpg used on input line 144.
(pdftex.def)             Requested size: 37.3917pt x 36.135pt.


LaTeX Font Warning: Font shape `T1/cmss/m/n' in size <4> not available
(Font)              size <5> substituted on input line 144.

[1{C:/Users/Chantel.Wetzel/AppData/Local/MiKTeX/2.9/pdftex/config/pdftex.map}

 <./noaalogo.jpg>] (POP_2017_STAR_Model_Results.toc)
File: noaalogo.jpg Graphic file (type jpg)
 <use noaalogo.jpg>
Package pdftex.def Info: noaalogo.jpg used on input line 148.
(pdftex.def)             Requested size: 37.3917pt x 36.135pt.
 [2

]
LaTeX Font Info:    Try loading font information for TS1+cmss on input line 160
.

("C:\Program Files (x86)\MiKTeX 2.9\tex\latex\base\ts1cmss.fd"
File: ts1cmss.fd 2014/09/29 v2.5h Standard LaTeX font definitions
)
File: noaalogo.jpg Graphic file (type jpg)

<use noaalogo.jpg>
Package pdftex.def Info: noaalogo.jpg used on input line 160.
(pdftex.def)             Requested size: 37.3917pt x 36.135pt.
 [3

]
File: noaalogo.jpg Graphic file (type jpg)
 <use noaalogo.jpg>
Package pdftex.def Info: noaalogo.jpg used on input line 197.
(pdftex.def)             Requested size: 37.3917pt x 36.135pt.
 [4

]
File: noaalogo.jpg Graphic file (type jpg)
 <use noaalogo.jpg>
Package pdftex.def Info: noaalogo.jpg used on input line 223.
(pdftex.def)             Requested size: 37.3917pt x 36.135pt.
 [5

]
File: noaalogo.jpg Graphic file (type jpg)

<use noaalogo.jpg>
Package pdftex.def Info: noaalogo.jpg used on input line 240.
(pdftex.def)             Requested size: 37.3917pt x 36.135pt.
 [6

]
Underfull \hbox (badness 10000) in paragraph at lines 262--262
[]|\T1/cmss/m/n/10 1.044E-
 []

File: noaalogo.jpg Graphic file (type jpg)
<use noaalogo.jpg>
Package pdftex.def Info: noaalogo.jpg used on input line 262.
(pdftex.def)             Requested size: 37.3917pt x 36.135pt.
 [7

]
<r4ss/bio2_sizeatage_plus_CV_and_SD.png, id=794, 469.755pt x 361.35pt>
File: r4ss/bio2_sizeatage_plus_CV_and_SD.png Graphic file (type png)

<use r4ss/bio2_sizeatage_plus_CV_and_SD.png>
Package pdftex.def Info: r4ss/bio2_sizeatage_plus_CV_and_SD.png used on input l
ine 268.
(pdftex.def)             Requested size: 234.87692pt x 180.67456pt.
File: noaalogo.jpg Graphic file (type jpg)
 <use noaalogo.jpg>
Package pdftex.def Info: noaalogo.jpg used on input line 268.
(pdftex.def)             Requested size: 37.3917pt x 36.135pt.
 [8

 <./r4ss/bio2_sizeatage_plus_CV_and_SD.png>]
<r4ss/POP_selectivity.png, id=878, 505.89pt x 505.89pt>
File: r4ss/POP_selectivity.png Graphic file (type png)

<use r4ss/POP_selectivity.png>
Package pdftex.def Info: r4ss/POP_selectivity.png used on input line 275.
(pdftex.def)             Requested size: 202.3524pt x 202.3524pt.
File: noaalogo.jpg Graphic file (type jpg)
 <use noaalogo.jpg>
Package pdftex.def Info: noaalogo.jpg used on input line 275.
(pdftex.def)             Requested size: 37.3917pt x 36.135pt.
 [9

 <./r4ss/POP_selectivity.png>] <r4ss/POP_retention.png, id=962, 505.89pt x 505.
89pt>
File: r4ss/POP_retention.png Graphic file (type png)

<use r4ss/POP_retention.png>
Package pdftex.def Info: r4ss/POP_retention.png used on input line 299.
(pdftex.def)             Requested size: 202.3524pt x 202.3524pt.
File: noaalogo.jpg Graphic file (type jpg)
 <use noaalogo.jpg>
Package pdftex.def Info: noaalogo.jpg used on input line 299.
(pdftex.def)             Requested size: 37.3917pt x 36.135pt.
 [10

 <./r4ss/POP_retention.png>] (POP_2017_STAR_Model_Results.toc)
File: noaalogo.jpg Graphic file (type jpg)
 <use noaalogo.jpg>
Package pdftex.def Info: noaalogo.jpg used on input line 304.
(pdftex.def)             Requested size: 37.3917pt x 36.135pt.
 [11

]
<r4ss/POP_discard_fits.png, id=1136, 505.89pt x 505.89pt>
File: r4ss/POP_discard_fits.png Graphic file (type png)

<use r4ss/POP_discard_fits.png>
Package pdftex.def Info: r4ss/POP_discard_fits.png used on input line 311.
(pdftex.def)             Requested size: 202.3524pt x 202.3524pt.
File: noaalogo.jpg Graphic file (type jpg)
 <use noaalogo.jpg>
Package pdftex.def Info: noaalogo.jpg used on input line 311.
(pdftex.def)             Requested size: 37.3917pt x 36.135pt.
 [12

 <./r4ss/POP_discard_fits.png>] <figures/POP_Landings_Discards.png, id=1220, 50
5.89pt x 614.295pt>
File: figures/POP_Landings_Discards.png Graphic file (type png)

<use figures/POP_Landings_Discards.png>
Package pdftex.def Info: figures/POP_Landings_Discards.png used on input line 3
27.
(pdftex.def)             Requested size: 166.9442pt x 202.71797pt.
File: noaalogo.jpg Graphic file (type jpg)
 <use noaalogo.jpg>
Package pdftex.def Info: noaalogo.jpg used on input line 327.
(pdftex.def)             Requested size: 37.3917pt x 36.135pt.
 [13

 <./figures/POP_Landings_Discards.png>]
<r4ss/POP_index_fits_alt.png, id=1305, 433.62pt x 361.35pt>
File: r4ss/POP_index_fits_alt.png Graphic file (type png)

<use r4ss/POP_index_fits_alt.png>
Package pdftex.def Info: r4ss/POP_index_fits_alt.png used on input line 334.
(pdftex.def)             Requested size: 260.17401pt x 216.81168pt.
File: noaalogo.jpg Graphic file (type jpg)
 <use noaalogo.jpg>
Package pdftex.def Info: noaalogo.jpg used on input line 334.
(pdftex.def)             Requested size: 37.3917pt x 36.135pt.
 [14

 <./r4ss/POP_index_fits_alt.png>]
<r4ss/comp_lenfit_residsflt1mkt1.png, id=1389, 469.755pt x 361.35pt>
File: r4ss/comp_lenfit_residsflt1mkt1.png Graphic file (type png)

<use r4ss/comp_lenfit_residsflt1mkt1.png>
Package pdftex.def Info: r4ss/comp_lenfit_residsflt1mkt1.png used on input line
 342.
(pdftex.def)             Requested size: 234.87692pt x 180.67456pt.
File: noaalogo.jpg Graphic file (type jpg)
 <use noaalogo.jpg>
Package pdftex.def Info: noaalogo.jpg used on input line 342.
(pdftex.def)             Requested size: 37.3917pt x 36.135pt.
 [15

 <./r4ss/comp_lenfit_residsflt1mkt1.png>]
<r4ss/comp_lenfit_residsflt1mkt2_page4.png, id=1473, 469.755pt x 361.35pt>
File: r4ss/comp_lenfit_residsflt1mkt2_page4.png Graphic file (type png)

<use r4ss/comp_lenfit_residsflt1mkt2_page4.png>
Package pdftex.def Info: r4ss/comp_lenfit_residsflt1mkt2_page4.png used on inpu
t line 347.
(pdftex.def)             Requested size: 173.80663pt x 133.6974pt.

<r4ss/comp_agefit_residsflt1mkt2_page2.png, id=1474, 469.755pt x 361.35pt>
File: r4ss/comp_agefit_residsflt1mkt2_page2.png Graphic file (type png)

<use r4ss/comp_agefit_residsflt1mkt2_page2.png>
Package pdftex.def Info: r4ss/comp_agefit_residsflt1mkt2_page2.png used on inpu
t line 347.
(pdftex.def)             Requested size: 173.80663pt x 133.6974pt.
File: noaalogo.jpg Graphic file (type jpg)
 <use noaalogo.jpg>
Package pdftex.def Info: noaalogo.jpg used on input line 347.
(pdftex.def)             Requested size: 37.3917pt x 36.135pt.
 [16

 <./r4ss/comp_lenfit_residsflt1mkt2_page4.png> <./r4ss/comp_agefit_residsflt1mk
t2_page2.png>]
<r4ss/comp_lenfit_data_weighting_TA18_Fishery.png, id=1559, 469.755pt x 361.35p
t>
File: r4ss/comp_lenfit_data_weighting_TA18_Fishery.png Graphic file (type png)
 <use r4ss/comp_lenfit_data_weighting_TA18_Fishery.png>
Package pdftex.def Info: r4ss/comp_lenfit_data_weighting_TA18_Fishery.png used 
on input line 352.
(pdftex.def)             Requested size: 173.80663pt x 133.6974pt.

<r4ss/comp_agefit_data_weighting_TA18_Fishery.png, id=1560, 469.755pt x 361.35p
t>
File: r4ss/comp_agefit_data_weighting_TA18_Fishery.png Graphic file (type png)
 <use r4ss/comp_agefit_data_weighting_TA18_Fishery.png>
Package pdftex.def Info: r4ss/comp_agefit_data_weighting_TA18_Fishery.png used 
on input line 352.
(pdftex.def)             Requested size: 173.80663pt x 133.6974pt.
File: noaalogo.jpg Graphic file (type jpg)
 <use noaalogo.jpg>
Package pdftex.def Info: noaalogo.jpg used on input line 352.
(pdftex.def)             Requested size: 37.3917pt x 36.135pt.

[17

 <./r4ss/comp_lenfit_data_weighting_TA18_Fishery.png> <./r4ss/comp_agefit_data_
weighting_TA18_Fishery.png>]
<r4ss/comp_lenfit_residsflt2mkt0.png, id=1645, 469.755pt x 361.35pt>
File: r4ss/comp_lenfit_residsflt2mkt0.png Graphic file (type png)

<use r4ss/comp_lenfit_residsflt2mkt0.png>
Package pdftex.def Info: r4ss/comp_lenfit_residsflt2mkt0.png used on input line
 357.
(pdftex.def)             Requested size: 173.80663pt x 133.6974pt.

<r4ss/comp_agefit_residsflt2mkt0.png, id=1646, 469.755pt x 361.35pt>
File: r4ss/comp_agefit_residsflt2mkt0.png Graphic file (type png)

<use r4ss/comp_agefit_residsflt2mkt0.png>
Package pdftex.def Info: r4ss/comp_agefit_residsflt2mkt0.png used on input line
 357.
(pdftex.def)             Requested size: 173.80663pt x 133.6974pt.
File: noaalogo.jpg Graphic file (type jpg)
 <use noaalogo.jpg>
Package pdftex.def Info: noaalogo.jpg used on input line 357.
(pdftex.def)             Requested size: 37.3917pt x 36.135pt.
 [18

 <./r4ss/comp_lenfit_residsflt2mkt0.png> <./r4ss/comp_agefit_residsflt2mkt0.png
>]
<r4ss/comp_lenfit_data_weighting_TA18_At-sea_hake.png, id=1731, 469.755pt x 361
.35pt>
File: r4ss/comp_lenfit_data_weighting_TA18_At-sea_hake.png Graphic file (type p
ng)
 <use r4ss/comp_lenfit_data_weighting_TA18_At-sea_hake.png>
Package pdftex.def Info: r4ss/comp_lenfit_data_weighting_TA18_At-sea_hake.png u
sed on input line 362.
(pdftex.def)             Requested size: 173.80663pt x 133.6974pt.

<r4ss/comp_agefit_data_weighting_TA18_At-sea_hake.png, id=1732, 469.755pt x 361
.35pt>
File: r4ss/comp_agefit_data_weighting_TA18_At-sea_hake.png Graphic file (type p
ng)
 <use r4ss/comp_agefit_data_weighting_TA18_At-sea_hake.png>
Package pdftex.def Info: r4ss/comp_agefit_data_weighting_TA18_At-sea_hake.png u
sed on input line 362.
(pdftex.def)             Requested size: 173.80663pt x 133.6974pt.
File: noaalogo.jpg Graphic file (type jpg)

<use noaalogo.jpg>
Package pdftex.def Info: noaalogo.jpg used on input line 362.
(pdftex.def)             Requested size: 37.3917pt x 36.135pt.
 [19

 <./r4ss/comp_lenfit_data_weighting_TA18_At-sea_hake.png> <./r4ss/comp_agefit_d
ata_weighting_TA18_At-sea_hake.png>]
<r4ss/comp_lenfit_residsflt5mkt0.png, id=1818, 469.755pt x 361.35pt>
File: r4ss/comp_lenfit_residsflt5mkt0.png Graphic file (type png)

<use r4ss/comp_lenfit_residsflt5mkt0.png>
Package pdftex.def Info: r4ss/comp_lenfit_residsflt5mkt0.png used on input line
 367.
(pdftex.def)             Requested size: 173.80663pt x 133.6974pt.

<r4ss/comp_agefit_residsflt5mkt0.png, id=1819, 469.755pt x 361.35pt>
File: r4ss/comp_agefit_residsflt5mkt0.png Graphic file (type png)

<use r4ss/comp_agefit_residsflt5mkt0.png>
Package pdftex.def Info: r4ss/comp_agefit_residsflt5mkt0.png used on input line
 367.
(pdftex.def)             Requested size: 173.80663pt x 133.6974pt.
File: noaalogo.jpg Graphic file (type jpg)
 <use noaalogo.jpg>
Package pdftex.def Info: noaalogo.jpg used on input line 367.
(pdftex.def)             Requested size: 37.3917pt x 36.135pt.
 [20

 <./r4ss/comp_lenfit_residsflt5mkt0.png> <./r4ss/comp_agefit_residsflt5mkt0.png
>]
<r4ss/comp_lenfit_data_weighting_TA18_Triennial_shelf_survey.png, id=1904, 469.
755pt x 361.35pt>
File: r4ss/comp_lenfit_data_weighting_TA18_Triennial_shelf_survey.png Graphic f
ile (type png)

<use r4ss/comp_lenfit_data_weighting_TA18_Triennial_shelf_survey.png>
Package pdftex.def Info: r4ss/comp_lenfit_data_weighting_TA18_Triennial_shelf_s
urvey.png used on input line 372.
(pdftex.def)             Requested size: 173.80663pt x 133.6974pt.

<r4ss/comp_agefit_data_weighting_TA18_Triennial_shelf_survey.png, id=1905, 469.
755pt x 361.35pt>
File: r4ss/comp_agefit_data_weighting_TA18_Triennial_shelf_survey.png Graphic f
ile (type png)

<use r4ss/comp_agefit_data_weighting_TA18_Triennial_shelf_survey.png>
Package pdftex.def Info: r4ss/comp_agefit_data_weighting_TA18_Triennial_shelf_s
urvey.png used on input line 372.
(pdftex.def)             Requested size: 173.80663pt x 133.6974pt.
File: noaalogo.jpg Graphic file (type jpg)

<use noaalogo.jpg>
Package pdftex.def Info: noaalogo.jpg used on input line 372.
(pdftex.def)             Requested size: 37.3917pt x 36.135pt.
 [21

 <./r4ss/comp_lenfit_data_weighting_TA18_Triennial_shelf_survey.png> <./r4ss/co
mp_agefit_data_weighting_TA18_Triennial_shelf_survey.png>] <r4ss/comp_lenfit_re
sidsflt6mkt0.png, id=1990, 469.755pt x 361.35pt>
File: r4ss/comp_lenfit_residsflt6mkt0.png Graphic file (type png)

<use r4ss/comp_lenfit_residsflt6mkt0.png>
Package pdftex.def Info: r4ss/comp_lenfit_residsflt6mkt0.png used on input line
 378.
(pdftex.def)             Requested size: 234.87692pt x 180.67456pt.
File: noaalogo.jpg Graphic file (type jpg)
 <use noaalogo.jpg>
Package pdftex.def Info: noaalogo.jpg used on input line 378.
(pdftex.def)             Requested size: 37.3917pt x 36.135pt.
 [22

 <./r4ss/comp_lenfit_residsflt6mkt0.png>]
<r4ss/comp_lenfit_data_weighting_TA18_AFSC_slope_survey.png, id=2074, 469.755pt
 x 361.35pt>
File: r4ss/comp_lenfit_data_weighting_TA18_AFSC_slope_survey.png Graphic file (
type png)
 <use r4ss/comp_lenfit_data_weighting_TA18_AFSC_slope_survey.png>
Package pdftex.def Info: r4ss/comp_lenfit_data_weighting_TA18_AFSC_slope_survey
.png used on input line 384.
(pdftex.def)             Requested size: 234.87692pt x 180.67456pt.
File: noaalogo.jpg Graphic file (type jpg)

<use noaalogo.jpg>
Package pdftex.def Info: noaalogo.jpg used on input line 384.
(pdftex.def)             Requested size: 37.3917pt x 36.135pt.
 [23

 <./r4ss/comp_lenfit_data_weighting_TA18_AFSC_slope_survey.png>] <r4ss/comp_len
fit_residsflt7mkt0.png, id=2158, 469.755pt x 361.35pt>
File: r4ss/comp_lenfit_residsflt7mkt0.png Graphic file (type png)

<use r4ss/comp_lenfit_residsflt7mkt0.png>
Package pdftex.def Info: r4ss/comp_lenfit_residsflt7mkt0.png used on input line
 389.
(pdftex.def)             Requested size: 173.80663pt x 133.6974pt.

<r4ss/comp_agefit_residsflt7mkt0.png, id=2159, 469.755pt x 361.35pt>
File: r4ss/comp_agefit_residsflt7mkt0.png Graphic file (type png)

<use r4ss/comp_agefit_residsflt7mkt0.png>
Package pdftex.def Info: r4ss/comp_agefit_residsflt7mkt0.png used on input line
 389.
(pdftex.def)             Requested size: 173.80663pt x 133.6974pt.
File: noaalogo.jpg Graphic file (type jpg)
 <use noaalogo.jpg>
Package pdftex.def Info: noaalogo.jpg used on input line 389.
(pdftex.def)             Requested size: 37.3917pt x 36.135pt.
 [24

 <./r4ss/comp_lenfit_residsflt7mkt0.png> <./r4ss/comp_agefit_residsflt7mkt0.png
>]
<r4ss/comp_lenfit_data_weighting_TA18_NWFSC_slope_survey.png, id=2244, 469.755p
t x 361.35pt>
File: r4ss/comp_lenfit_data_weighting_TA18_NWFSC_slope_survey.png Graphic file 
(type png)

<use r4ss/comp_lenfit_data_weighting_TA18_NWFSC_slope_survey.png>
Package pdftex.def Info: r4ss/comp_lenfit_data_weighting_TA18_NWFSC_slope_surve
y.png used on input line 394.
(pdftex.def)             Requested size: 173.80663pt x 133.6974pt.

<r4ss/comp_agefit_data_weighting_TA18_NWFSC_slope_survey.png, id=2245, 469.755p
t x 361.35pt>
File: r4ss/comp_agefit_data_weighting_TA18_NWFSC_slope_survey.png Graphic file 
(type png)

<use r4ss/comp_agefit_data_weighting_TA18_NWFSC_slope_survey.png>
Package pdftex.def Info: r4ss/comp_agefit_data_weighting_TA18_NWFSC_slope_surve
y.png used on input line 394.
(pdftex.def)             Requested size: 173.80663pt x 133.6974pt.
File: noaalogo.jpg Graphic file (type jpg)

<use noaalogo.jpg>
Package pdftex.def Info: noaalogo.jpg used on input line 394.
(pdftex.def)             Requested size: 37.3917pt x 36.135pt.
 [25

 <./r4ss/comp_lenfit_data_weighting_TA18_NWFSC_slope_survey.png> <./r4ss/comp_a
gefit_data_weighting_TA18_NWFSC_slope_survey.png>]
<r4ss/comp_lenfit_residsflt8mkt0.png, id=2331, 469.755pt x 361.35pt>
File: r4ss/comp_lenfit_residsflt8mkt0.png Graphic file (type png)

<use r4ss/comp_lenfit_residsflt8mkt0.png>
Package pdftex.def Info: r4ss/comp_lenfit_residsflt8mkt0.png used on input line
 400.
(pdftex.def)             Requested size: 234.87692pt x 180.67456pt.
File: noaalogo.jpg Graphic file (type jpg)
 <use noaalogo.jpg>
Package pdftex.def Info: noaalogo.jpg used on input line 400.
(pdftex.def)             Requested size: 37.3917pt x 36.135pt.
 [26

 <./r4ss/comp_lenfit_residsflt8mkt0.png>]
<r4ss/comp_condAALfit_Andre_plotsflt8mkt0_page1.png, id=2415, 469.755pt x 361.3
5pt>
File: r4ss/comp_condAALfit_Andre_plotsflt8mkt0_page1.png Graphic file (type png
)
 <use r4ss/comp_condAALfit_Andre_plotsflt8mkt0_page1.png>
Package pdftex.def Info: r4ss/comp_condAALfit_Andre_plotsflt8mkt0_page1.png use
d on input line 405.
(pdftex.def)             Requested size: 173.80663pt x 133.6974pt.

<r4ss/comp_condAALfit_Andre_plotsflt8mkt0_page2.png, id=2416, 469.755pt x 361.3
5pt>
File: r4ss/comp_condAALfit_Andre_plotsflt8mkt0_page2.png Graphic file (type png
)
 <use r4ss/comp_condAALfit_Andre_plotsflt8mkt0_page2.png>
Package pdftex.def Info: r4ss/comp_condAALfit_Andre_plotsflt8mkt0_page2.png use
d on input line 405.
(pdftex.def)             Requested size: 173.80663pt x 133.6974pt.
File: noaalogo.jpg Graphic file (type jpg)

<use noaalogo.jpg>
Package pdftex.def Info: noaalogo.jpg used on input line 405.
(pdftex.def)             Requested size: 37.3917pt x 36.135pt.
 [27

 <./r4ss/comp_condAALfit_Andre_plotsflt8mkt0_page1.png> <./r4ss/comp_condAALfit
_Andre_plotsflt8mkt0_page2.png>]
<r4ss/comp_condAALfit_Andre_plotsflt8mkt0_page3.png, id=2501, 469.755pt x 361.3
5pt>
File: r4ss/comp_condAALfit_Andre_plotsflt8mkt0_page3.png Graphic file (type png
)
 <use r4ss/comp_condAALfit_Andre_plotsflt8mkt0_page3.png>
Package pdftex.def Info: r4ss/comp_condAALfit_Andre_plotsflt8mkt0_page3.png use
d on input line 410.
(pdftex.def)             Requested size: 173.80663pt x 133.6974pt.

<r4ss/comp_condAALfit_Andre_plotsflt8mkt0_page4.png, id=2502, 469.755pt x 361.3
5pt>
File: r4ss/comp_condAALfit_Andre_plotsflt8mkt0_page4.png Graphic file (type png
)
 <use r4ss/comp_condAALfit_Andre_plotsflt8mkt0_page4.png>
Package pdftex.def Info: r4ss/comp_condAALfit_Andre_plotsflt8mkt0_page4.png use
d on input line 410.
(pdftex.def)             Requested size: 173.80663pt x 133.6974pt.
File: noaalogo.jpg Graphic file (type jpg)

<use noaalogo.jpg>
Package pdftex.def Info: noaalogo.jpg used on input line 410.
(pdftex.def)             Requested size: 37.3917pt x 36.135pt.
 [28

 <./r4ss/comp_condAALfit_Andre_plotsflt8mkt0_page3.png> <./r4ss/comp_condAALfit
_Andre_plotsflt8mkt0_page4.png>]
<r4ss/comp_condAALfit_Andre_plotsflt8mkt0_page5.png, id=2587, 469.755pt x 361.3
5pt>
File: r4ss/comp_condAALfit_Andre_plotsflt8mkt0_page5.png Graphic file (type png
)
 <use r4ss/comp_condAALfit_Andre_plotsflt8mkt0_page5.png>
Package pdftex.def Info: r4ss/comp_condAALfit_Andre_plotsflt8mkt0_page5.png use
d on input line 416.
(pdftex.def)             Requested size: 234.87692pt x 180.67456pt.
File: noaalogo.jpg Graphic file (type jpg)

<use noaalogo.jpg>
Package pdftex.def Info: noaalogo.jpg used on input line 416.
(pdftex.def)             Requested size: 37.3917pt x 36.135pt.
 [29

 <./r4ss/comp_condAALfit_Andre_plotsflt8mkt0_page5.png>]
<r4ss/comp_lenfit_data_weighting_TA18_NWFSC_shelf-slope_survey.png, id=2671, 46
9.755pt x 361.35pt>
File: r4ss/comp_lenfit_data_weighting_TA18_NWFSC_shelf-slope_survey.png Graphic
 file (type png)

<use r4ss/comp_lenfit_data_weighting_TA18_NWFSC_shelf-slope_survey.png>
Package pdftex.def Info: r4ss/comp_lenfit_data_weighting_TA18_NWFSC_shelf-slope
_survey.png used on input line 421.
(pdftex.def)             Requested size: 173.80663pt x 133.6974pt.

<r4ss/comp_condAALfit_data_weighting_TA18_condAgeNWFSC_shelf-slope_survey.png, 
id=2672, 469.755pt x 361.35pt>
File: r4ss/comp_condAALfit_data_weighting_TA18_condAgeNWFSC_shelf-slope_survey.
png Graphic file (type png)

<use r4ss/comp_condAALfit_data_weighting_TA18_condAgeNWFSC_shelf-slope_survey.p
ng>
Package pdftex.def Info: r4ss/comp_condAALfit_data_weighting_TA18_condAgeNWFSC_
shelf-slope_survey.png used on input line 421.
(pdftex.def)             Requested size: 173.80663pt x 133.6974pt.
File: noaalogo.jpg Graphic file (type jpg)
 <use noaalogo.jpg>
Package pdftex.def Info: noaalogo.jpg used on input line 421.
(pdftex.def)             Requested size: 37.3917pt x 36.135pt.
 [30

 <./r4ss/comp_lenfit_data_weighting_TA18_NWFSC_shelf-slope_survey.png> <./r4ss/
comp_condAALfit_data_weighting_TA18_condAgeNWFSC_shelf-slope_survey.png>]
<r4ss/comp_lenfit__aggregated_across_time.png, id=2757, 469.755pt x 361.35pt>
File: r4ss/comp_lenfit__aggregated_across_time.png Graphic file (type png)

<use r4ss/comp_lenfit__aggregated_across_time.png>
Package pdftex.def Info: r4ss/comp_lenfit__aggregated_across_time.png used on i
nput line 426.
(pdftex.def)             Requested size: 173.80663pt x 133.6974pt.

<r4ss/comp_agefit__aggregated_across_time.png, id=2758, 469.755pt x 361.35pt>
File: r4ss/comp_agefit__aggregated_across_time.png Graphic file (type png)

<use r4ss/comp_agefit__aggregated_across_time.png>
Package pdftex.def Info: r4ss/comp_agefit__aggregated_across_time.png used on i
nput line 426.
(pdftex.def)             Requested size: 173.80663pt x 133.6974pt.
File: noaalogo.jpg Graphic file (type jpg)
 <use noaalogo.jpg>
Package pdftex.def Info: noaalogo.jpg used on input line 426.
(pdftex.def)             Requested size: 37.3917pt x 36.135pt.
 [31

 <./r4ss/comp_lenfit__aggregated_across_time.png> <./r4ss/comp_agefit__aggregat
ed_across_time.png>] (POP_2017_STAR_Model_Results.toc)
File: noaalogo.jpg Graphic file (type jpg)
 <use noaalogo.jpg>
Package pdftex.def Info: noaalogo.jpg used on input line 429.
(pdftex.def)             Requested size: 37.3917pt x 36.135pt.
 [32

]
<r4ss/ts7_Spawning_output_with_95_asymptotic_intervals_intervals.png, id=2932, 
469.755pt x 361.35pt>
File: r4ss/ts7_Spawning_output_with_95_asymptotic_intervals_intervals.png Graph
ic file (type png)

<use r4ss/ts7_Spawning_output_with_95_asymptotic_intervals_intervals.png>
Package pdftex.def Info: r4ss/ts7_Spawning_output_with_95_asymptotic_intervals_
intervals.png used on input line 436.
(pdftex.def)             Requested size: 234.87692pt x 180.67456pt.
File: noaalogo.jpg Graphic file (type jpg)

<use noaalogo.jpg>
Package pdftex.def Info: noaalogo.jpg used on input line 436.
(pdftex.def)             Requested size: 37.3917pt x 36.135pt.
 [33

 <./r4ss/ts7_Spawning_output_with_95_asymptotic_intervals_intervals.png>]
<r4ss/ts9_Spawning_depletion_with_95_asymptotic_intervals_intervals.png, id=301
6, 469.755pt x 361.35pt>
File: r4ss/ts9_Spawning_depletion_with_95_asymptotic_intervals_intervals.png Gr
aphic file (type png)

<use r4ss/ts9_Spawning_depletion_with_95_asymptotic_intervals_intervals.png>
Package pdftex.def Info: r4ss/ts9_Spawning_depletion_with_95_asymptotic_interva
ls_intervals.png used on input line 445.
(pdftex.def)             Requested size: 234.87692pt x 180.67456pt.
File: noaalogo.jpg Graphic file (type jpg)

<use noaalogo.jpg>
Package pdftex.def Info: noaalogo.jpg used on input line 445.
(pdftex.def)             Requested size: 37.3917pt x 36.135pt.
 [34

 <./r4ss/ts9_Spawning_depletion_with_95_asymptotic_intervals_intervals.png>]
<r4ss/ts11_Age-0_recruits_(1000s)_with_95_asymptotic_intervals.png, id=3100, 46
9.755pt x 361.35pt>
File: r4ss/ts11_Age-0_recruits_(1000s)_with_95_asymptotic_intervals.png Graphic
 file (type png)

<use r4ss/ts11_Age-0_recruits_(1000s)_with_95_asymptotic_intervals.png>
Package pdftex.def Info: r4ss/ts11_Age-0_recruits_(1000s)_with_95_asymptotic_in
tervals.png used on input line 457.
(pdftex.def)             Requested size: 234.87692pt x 156.48982pt.
File: noaalogo.jpg Graphic file (type jpg)

<use noaalogo.jpg>
Package pdftex.def Info: noaalogo.jpg used on input line 457.
(pdftex.def)             Requested size: 37.3917pt x 36.135pt.
 [35

 <./r4ss/ts11_Age-0_recruits_(1000s)_with_95_asymptotic_intervals.png>] <r4ss/r
ecdevs2_withbars.png, id=3186, 469.755pt x 361.35pt>
File: r4ss/recdevs2_withbars.png Graphic file (type png)

<use r4ss/recdevs2_withbars.png>
Package pdftex.def Info: r4ss/recdevs2_withbars.png used on input line 463.
(pdftex.def)             Requested size: 234.87692pt x 156.48982pt.
File: noaalogo.jpg Graphic file (type jpg)
 <use noaalogo.jpg>
Package pdftex.def Info: noaalogo.jpg used on input line 463.
(pdftex.def)             Requested size: 37.3917pt x 36.135pt.
 [36

 <./r4ss/recdevs2_withbars.png>] (POP_2017_STAR_Model_Results.toc)
File: noaalogo.jpg Graphic file (type jpg)
 <use noaalogo.jpg>
Package pdftex.def Info: noaalogo.jpg used on input line 466.
(pdftex.def)             Requested size: 37.3917pt x 36.135pt.
 [37

]
<figures/piner_panel_h.png, id=3362, 578.16pt x 505.89pt>
File: figures/piner_panel_h.png Graphic file (type png)

<use figures/piner_panel_h.png>
Package pdftex.def Info: figures/piner_panel_h.png used on input line 473.
(pdftex.def)             Requested size: 231.2599pt x 202.3524pt.
File: noaalogo.jpg Graphic file (type jpg)
 <use noaalogo.jpg>
Package pdftex.def Info: noaalogo.jpg used on input line 473.
(pdftex.def)             Requested size: 37.3917pt x 36.135pt.
 [38

 <./figures/piner_panel_h.png>] <figures/piner_panel_m.png, id=3446, 578.16pt x
 505.89pt>
File: figures/piner_panel_m.png Graphic file (type png)

<use figures/piner_panel_m.png>
Package pdftex.def Info: figures/piner_panel_m.png used on input line 479.
(pdftex.def)             Requested size: 231.2599pt x 202.3524pt.
File: noaalogo.jpg Graphic file (type jpg)
 <use noaalogo.jpg>
Package pdftex.def Info: noaalogo.jpg used on input line 479.
(pdftex.def)             Requested size: 37.3917pt x 36.135pt.
 [39

 <./figures/piner_panel_m.png>] <figures/h_trajectories.png, id=3530, 469.755pt
 x 361.35pt>
File: figures/h_trajectories.png Graphic file (type png)

<use figures/h_trajectories.png>
Package pdftex.def Info: figures/h_trajectories.png used on input line 484.
(pdftex.def)             Requested size: 173.80663pt x 133.6974pt.

<figures/m_trajectories.png, id=3531, 469.755pt x 361.35pt>
File: figures/m_trajectories.png Graphic file (type png)

<use figures/m_trajectories.png>
Package pdftex.def Info: figures/m_trajectories.png used on input line 484.
(pdftex.def)             Requested size: 173.80663pt x 133.6974pt.
File: noaalogo.jpg Graphic file (type jpg)
 <use noaalogo.jpg>
Package pdftex.def Info: noaalogo.jpg used on input line 484.
(pdftex.def)             Requested size: 37.3917pt x 36.135pt.
 [40

 <./figures/h_trajectories.png> <./figures/m_trajectories.png>]
<figures/piner_panel_R0.png, id=3616, 505.89pt x 505.89pt>
File: figures/piner_panel_R0.png Graphic file (type png)

<use figures/piner_panel_R0.png>
Package pdftex.def Info: figures/piner_panel_R0.png used on input line 490.
(pdftex.def)             Requested size: 202.3524pt x 202.3524pt.
File: noaalogo.jpg Graphic file (type jpg)
 <use noaalogo.jpg>
Package pdftex.def Info: noaalogo.jpg used on input line 490.
(pdftex.def)             Requested size: 37.3917pt x 36.135pt.
 [41

 <./figures/piner_panel_R0.png>]
<figures/compare4_Bratio_uncertainty.png, id=3701, 469.755pt x 361.35pt>
File: figures/compare4_Bratio_uncertainty.png Graphic file (type png)

<use figures/compare4_Bratio_uncertainty.png>
Package pdftex.def Info: figures/compare4_Bratio_uncertainty.png used on input 
line 496.
(pdftex.def)             Requested size: 173.80663pt x 133.6974pt.

<figures/compare10_recdevs_uncertainty.png, id=3702, 469.755pt x 361.35pt>
File: figures/compare10_recdevs_uncertainty.png Graphic file (type png)

<use figures/compare10_recdevs_uncertainty.png>
Package pdftex.def Info: figures/compare10_recdevs_uncertainty.png used on inpu
t line 496.
(pdftex.def)             Requested size: 173.80663pt x 133.6974pt.
File: noaalogo.jpg Graphic file (type jpg)
 <use noaalogo.jpg>
Package pdftex.def Info: noaalogo.jpg used on input line 496.
(pdftex.def)             Requested size: 37.3917pt x 36.135pt.
 [42

 <./figures/compare4_Bratio_uncertainty.png> <./figures/compare10_recdevs_uncer
tainty.png>] <figures/retro_recdev_squid.png, id=3787, 626.34pt x 481.8pt>
File: figures/retro_recdev_squid.png Graphic file (type png)

<use figures/retro_recdev_squid.png>
Package pdftex.def Info: figures/retro_recdev_squid.png used on input line 502.

(pdftex.def)             Requested size: 250.53156pt x 192.71658pt.
File: noaalogo.jpg Graphic file (type jpg)
 <use noaalogo.jpg>
Package pdftex.def Info: noaalogo.jpg used on input line 502.
(pdftex.def)             Requested size: 37.3917pt x 36.135pt.
 [43

 <./figures/retro_recdev_squid.png (PNG copy)>]
<figures/SSB_sensitivities_1.png, id=3871, 626.34pt x 481.8pt>
File: figures/SSB_sensitivities_1.png Graphic file (type png)

<use figures/SSB_sensitivities_1.png>
Package pdftex.def Info: figures/SSB_sensitivities_1.png used on input line 509
.
(pdftex.def)             Requested size: 175.374pt x 134.90308pt.

<figures/Bratio_sensitivites_1.png, id=3872, 626.34pt x 481.8pt>
File: figures/Bratio_sensitivites_1.png Graphic file (type png)

<use figures/Bratio_sensitivites_1.png>
Package pdftex.def Info: figures/Bratio_sensitivites_1.png used on input line 5
09.
(pdftex.def)             Requested size: 175.374pt x 134.90308pt.

Overfull \hbox (1.00749pt too wide) in paragraph at lines 509--509
[][][]  
 []

File: noaalogo.jpg Graphic file (type jpg)
<use noaalogo.jpg>
Package pdftex.def Info: noaalogo.jpg used on input line 509.
(pdftex.def)             Requested size: 37.3917pt x 36.135pt.
 [44

 <./figures/SSB_sensitivities_1.png> <./figures/Bratio_sensitivites_1.png>] <fi
gures/ssb_sens1.png, id=3957, 895.345pt x 599.23875pt>
File: figures/ssb_sens1.png Graphic file (type png)

<use figures/ssb_sens1.png>
Package pdftex.def Info: figures/ssb_sens1.png used on input line 514.
(pdftex.def)             Requested size: 179.06583pt x 119.84563pt.

<figures/depl_sens1.png, id=3958, 890.32625pt x 555.07375pt>
File: figures/depl_sens1.png Graphic file (type png)

<use figures/depl_sens1.png>
Package pdftex.def Info: figures/depl_sens1.png used on input line 514.
(pdftex.def)             Requested size: 169.82942pt x 119.24535pt.
File: noaalogo.jpg Graphic file (type jpg)
 <use noaalogo.jpg>
Package pdftex.def Info: noaalogo.jpg used on input line 514.
(pdftex.def)             Requested size: 37.3917pt x 36.135pt.
 [45

 <./figures/ssb_sens1.png> <./figures/depl_sens1.png>]
<figures/ssb_sens2.png, id=4043, 887.315pt x 576.1525pt>
File: figures/ssb_sens2.png Graphic file (type png)

<use figures/ssb_sens2.png>
Package pdftex.def Info: figures/ssb_sens2.png used on input line 519.
(pdftex.def)             Requested size: 177.45985pt x 115.22845pt.

<figures/depl_sens2.png, id=4044, 887.315pt x 576.1525pt>
File: figures/depl_sens2.png Graphic file (type png)

<use figures/depl_sens2.png>
Package pdftex.def Info: figures/depl_sens2.png used on input line 519.
(pdftex.def)             Requested size: 177.45985pt x 115.22845pt.

Overfull \hbox (5.17921pt too wide) in paragraph at lines 519--519
[][][]  
 []

File: noaalogo.jpg Graphic file (type jpg)
<use noaalogo.jpg>
Package pdftex.def Info: noaalogo.jpg used on input line 519.
(pdftex.def)             Requested size: 37.3917pt x 36.135pt.
 [46

 <./figures/ssb_sens2.png> <./figures/depl_sens2.png>]
File: noaalogo.jpg Graphic file (type jpg)

<use noaalogo.jpg>
Package pdftex.def Info: noaalogo.jpg used on input line 524.
(pdftex.def)             Requested size: 37.3917pt x 36.135pt.
 [47

]
File: noaalogo.jpg Graphic file (type jpg)
 <use noaalogo.jpg>
Package pdftex.def Info: noaalogo.jpg used on input line 532.
(pdftex.def)             Requested size: 37.3917pt x 36.135pt.
 [48

]
<figures/OR_sp_lencomps_female.png, id=4296, 469.755pt x 361.35pt>
File: figures/OR_sp_lencomps_female.png Graphic file (type png)

<use figures/OR_sp_lencomps_female.png>
Package pdftex.def Info: figures/OR_sp_lencomps_female.png used on input line 5
37.
(pdftex.def)             Requested size: 173.80663pt x 133.6974pt.

<figures/OR_sp_lencomps_male.png, id=4297, 469.755pt x 361.35pt>
File: figures/OR_sp_lencomps_male.png Graphic file (type png)

<use figures/OR_sp_lencomps_male.png>
Package pdftex.def Info: figures/OR_sp_lencomps_male.png used on input line 537
.
(pdftex.def)             Requested size: 173.80663pt x 133.6974pt.
File: noaalogo.jpg Graphic file (type jpg)
 <use noaalogo.jpg>
Package pdftex.def Info: noaalogo.jpg used on input line 537.
(pdftex.def)             Requested size: 37.3917pt x 36.135pt.
 [49

 <./figures/OR_sp_lencomps_female.png> <./figures/OR_sp_lencomps_male.png>]
<figures/OR_sp_agecomp_female.png, id=4383, 469.755pt x 361.35pt>
File: figures/OR_sp_agecomp_female.png Graphic file (type png)

<use figures/OR_sp_agecomp_female.png>
Package pdftex.def Info: figures/OR_sp_agecomp_female.png used on input line 54
2.
(pdftex.def)             Requested size: 173.80663pt x 133.6974pt.

<figures/OR_sp_agecomp_male.png, id=4384, 469.755pt x 361.35pt>
File: figures/OR_sp_agecomp_male.png Graphic file (type png)

<use figures/OR_sp_agecomp_male.png>
Package pdftex.def Info: figures/OR_sp_agecomp_male.png used on input line 542.

(pdftex.def)             Requested size: 173.80663pt x 133.6974pt.
File: noaalogo.jpg Graphic file (type jpg)
 <use noaalogo.jpg>
Package pdftex.def Info: noaalogo.jpg used on input line 542.
(pdftex.def)             Requested size: 37.3917pt x 36.135pt.
 [50

 <./figures/OR_sp_agecomp_female.png> <./figures/OR_sp_agecomp_male.png>]
<figures/OR_sp_meanlengths.png, id=4469, 469.755pt x 361.35pt>
File: figures/OR_sp_meanlengths.png Graphic file (type png)

<use figures/OR_sp_meanlengths.png>
Package pdftex.def Info: figures/OR_sp_meanlengths.png used on input line 547.
(pdftex.def)             Requested size: 173.80663pt x 133.6974pt.
File: r4ss/comp_lenfit_data_weighting_TA18_Fishery.png Graphic file (type png)

<use r4ss/comp_lenfit_data_weighting_TA18_Fishery.png>
Package pdftex.def Info: r4ss/comp_lenfit_data_weighting_TA18_Fishery.png used 
on input line 547.
(pdftex.def)             Requested size: 173.80663pt x 133.6974pt.
File: noaalogo.jpg Graphic file (type jpg)
 <use noaalogo.jpg>
Package pdftex.def Info: noaalogo.jpg used on input line 547.
(pdftex.def)             Requested size: 37.3917pt x 36.135pt.

[51

 <./figures/OR_sp_meanlengths.png>]
<figures/WA_research_lengths.png, id=4553, 469.755pt x 361.35pt>
File: figures/WA_research_lengths.png Graphic file (type png)

<use figures/WA_research_lengths.png>
Package pdftex.def Info: figures/WA_research_lengths.png used on input line 552
.
(pdftex.def)             Requested size: 173.80663pt x 133.6974pt.

<figures/WA_research_aggregate.png, id=4554, 469.755pt x 361.35pt>
File: figures/WA_research_aggregate.png Graphic file (type png)

<use figures/WA_research_aggregate.png>
Package pdftex.def Info: figures/WA_research_aggregate.png used on input line 5
52.
(pdftex.def)             Requested size: 173.80663pt x 133.6974pt.
File: noaalogo.jpg Graphic file (type jpg)
 <use noaalogo.jpg>
Package pdftex.def Info: noaalogo.jpg used on input line 552.
(pdftex.def)             Requested size: 37.3917pt x 36.135pt.
 [52

 <./figures/WA_research_lengths.png> <./figures/WA_research_aggregate.png>]
<r4ss/POP_unavailable_biomass.png, id=4639, 505.89pt x 614.295pt>
File: r4ss/POP_unavailable_biomass.png Graphic file (type png)

<use r4ss/POP_unavailable_biomass.png>
Package pdftex.def Info: r4ss/POP_unavailable_biomass.png used on input line 55
8.
(pdftex.def)             Requested size: 177.06415pt x 215.00647pt.
File: noaalogo.jpg Graphic file (type jpg)
 <use noaalogo.jpg>
Package pdftex.def Info: noaalogo.jpg used on input line 558.
(pdftex.def)             Requested size: 37.3917pt x 36.135pt.
 [53

 <./r4ss/POP_unavailable_biomass.png (PNG copy)>]
File: noaalogo.jpg Graphic file (type jpg)
 <use noaalogo.jpg>
Package pdftex.def Info: noaalogo.jpg used on input line 563.
(pdftex.def)             Requested size: 37.3917pt x 36.135pt.
 [54

]
<figures/ssb_sens3.png, id=4805, 727.21687pt x 559.33969pt>
File: figures/ssb_sens3.png Graphic file (type png)

<use figures/ssb_sens3.png>
Package pdftex.def Info: figures/ssb_sens3.png used on input line 568.
(pdftex.def)             Requested size: 174.53561pt x 134.24426pt.

<figures/depl_sens3.png, id=4806, 727.21687pt x 559.33969pt>
File: figures/depl_sens3.png Graphic file (type png)

<use figures/depl_sens3.png>
Package pdftex.def Info: figures/depl_sens3.png used on input line 568.
(pdftex.def)             Requested size: 174.53561pt x 134.24426pt.
File: noaalogo.jpg Graphic file (type jpg)
 <use noaalogo.jpg>
Package pdftex.def Info: noaalogo.jpg used on input line 568.
(pdftex.def)             Requested size: 37.3917pt x 36.135pt.
 [55

 <./figures/ssb_sens3.png> <./figures/depl_sens3.png>]
<figures/CAL_Marg_Lambda_ssb.png, id=4890, 727.21687pt x 559.33969pt>
File: figures/CAL_Marg_Lambda_ssb.png Graphic file (type png)

<use figures/CAL_Marg_Lambda_ssb.png>
Package pdftex.def Info: figures/CAL_Marg_Lambda_ssb.png used on input line 573
.
(pdftex.def)             Requested size: 174.53561pt x 134.24426pt.

<figures/CAL_Marg_Lambda_depl.png, id=4891, 727.21687pt x 559.33969pt>
File: figures/CAL_Marg_Lambda_depl.png Graphic file (type png)

<use figures/CAL_Marg_Lambda_depl.png>
Package pdftex.def Info: figures/CAL_Marg_Lambda_depl.png used on input line 57
3.
(pdftex.def)             Requested size: 174.53561pt x 134.24426pt.
File: noaalogo.jpg Graphic file (type jpg)
 <use noaalogo.jpg>
Package pdftex.def Info: noaalogo.jpg used on input line 573.
(pdftex.def)             Requested size: 37.3917pt x 36.135pt.
 [56

 <./figures/CAL_Marg_Lambda_ssb.png> <./figures/CAL_Marg_Lambda_depl.png>]
<figures/CAL_Marg_weighting_ssb.png, id=4974, 727.21687pt x 559.33969pt>
File: figures/CAL_Marg_weighting_ssb.png Graphic file (type png)

<use figures/CAL_Marg_weighting_ssb.png>
Package pdftex.def Info: figures/CAL_Marg_weighting_ssb.png used on input line 
578.
(pdftex.def)             Requested size: 174.53561pt x 134.24426pt.

<figures/CAL_Marg_weighting_depl.png, id=4975, 727.21687pt x 559.33969pt>
File: figures/CAL_Marg_weighting_depl.png Graphic file (type png)

<use figures/CAL_Marg_weighting_depl.png>
Package pdftex.def Info: figures/CAL_Marg_weighting_depl.png used on input line
 578.
(pdftex.def)             Requested size: 174.53561pt x 134.24426pt.
File: noaalogo.jpg Graphic file (type jpg)
 <use noaalogo.jpg>
Package pdftex.def Info: noaalogo.jpg used on input line 578.
(pdftex.def)             Requested size: 37.3917pt x 36.135pt.
 [57

 <./figures/CAL_Marg_weighting_ssb.png> <./figures/CAL_Marg_weighting_depl.png>
]
Underfull \hbox (badness 10000) in paragraph at lines 601--601
[]|\T1/cmss/m/n/10.95 Francis
 []


Underfull \hbox (badness 10000) in paragraph at lines 601--601
[]|\T1/cmss/m/n/10.95 Harmonic
 []

File: noaalogo.jpg Graphic file (type jpg)
<use noaalogo.jpg>
Package pdftex.def Info: noaalogo.jpg used on input line 601.
(pdftex.def)             Requested size: 37.3917pt x 36.135pt.
 [58

]
\tf@nav=\write6
\openout6 = `POP_2017_STAR_Model_Results.nav'.

\tf@toc=\write7
\openout7 = `POP_2017_STAR_Model_Results.toc'.

\tf@snm=\write8
\openout8 = `POP_2017_STAR_Model_Results.snm'.

Package atveryend Info: Empty hook `BeforeClearDocument' on input line 603.
Package atveryend Info: Empty hook `AfterLastShipout' on input line 603.
 (POP_2017_STAR_Model_Results.aux)
Package atveryend Info: Executing hook `AtVeryEndDocument' on input line 603.
Package atveryend Info: Executing hook `AtEndAfterFileList' on input line 603.
Package rerunfilecheck Info: File `POP_2017_STAR_Model_Results.out' has not cha
nged.
(rerunfilecheck)             Checksum: F2493DAFF0307EEE1AA40E8BB4850D81;1078.


LaTeX Font Warning: Size substitutions with differences
(Font)              up to 1.0pt have occurred.

 ) 
Here is how much of TeX's memory you used:
 21607 strings out of 493634
 431828 string characters out of 3141286
 543908 words of memory out of 3000000
 24284 multiletter control sequences out of 15000+200000
 23139 words of font info for 68 fonts, out of 3000000 for 9000
 1025 hyphenation exceptions out of 8191
 56i,19n,59p,865b,815s stack positions out of 5000i,500n,10000p,200000b,50000s
 <C:\Users\Chantel.Wetzel\AppData\Local\MiKTeX\2.9\fonts\pk\ljfour\jknappen\e
c\dpi600\ecss2488.pk> <C:\Users\Chantel.Wetzel\AppData\Local\MiKTeX\2.9\fonts\p
k\ljfour\jknappen\ec\dpi600\ecss1000.pk> <C:\Users\Chantel.Wetzel\AppData\Local
\MiKTeX\2.9\fonts\pk\ljfour\jknappen\ec\dpi600\tcss0900.pk> <C:\Users\Chantel.W
etzel\AppData\Local\MiKTeX\2.9\fonts\pk\ljfour\jknappen\ec\dpi600\tcss1000.pk> 
<C:\Users\Chantel.Wetzel\AppData\Local\MiKTeX\2.9\fonts\pk\ljfour\jknappen\ec\d
pi600\ecss0900.pk> <C:\Users\Chantel.Wetzel\AppData\Local\MiKTeX\2.9\fonts\pk\l
jfour\jknappen\ec\dpi600\ecss0800.pk> <C:\Users\Chantel.Wetzel\AppData\Local\Mi
KTeX\2.9\fonts\pk\ljfour\jknappen\ec\dpi600\ecss1095.pk> <C:\Users\Chantel.Wetz
el\AppData\Local\MiKTeX\2.9\fonts\pk\ljfour\jknappen\ec\dpi600\ecss1440.pk> <C:
\Users\Chantel.Wetzel\AppData\Local\MiKTeX\2.9\fonts\pk\ljfour\jknappen\ec\dpi6
00\ecss0600.pk><C:/Program Files (x86)/MiKTeX 2.9/fonts/type1/public/amsfonts/c
m/cmmi10.pfb><C:/Program Files (x86)/MiKTeX 2.9/fonts/type1/public/amsfonts/cm/
cmss10.pfb><C:/Program Files (x86)/MiKTeX 2.9/fonts/type1/public/amsfonts/cm/cm
ssi10.pfb><C:/Program Files (x86)/MiKTeX 2.9/fonts/type1/public/amsfonts/cm/cms
si12.pfb>
Output written on POP_2017_STAR_Model_Results.pdf (58 pages, 3801430 bytes).
PDF statistics:
 5481 PDF objects out of 6186 (max. 8388607)
 137 named destinations out of 1000 (max. 500000)
 537 words of extra memory for PDF output out of 10000 (max. 10000000)

